[INFO ] [11-11-2024 22:26:48] [KenpisApplication              :: 55  ] - Starting KenpisApplication using Java 12.0.2 on Giomar with PID 39784 (C:\Sistemas\kenpis\target\classes started by creo0 in C:\Sistemas\kenpis)
[DEBUG] [11-11-2024 22:26:48] [KenpisApplication              :: 56  ] - Running with Spring Boot v2.7.18, Spring v5.3.31
[INFO ] [11-11-2024 22:26:48] [KenpisApplication              :: 638 ] - The following 1 profile is active: "dev"
[INFO ] [11-11-2024 22:26:48] [DevToolsPropertyDefaultsPostProcessor :: 255 ] - Devtools property defaults active! Set 'spring.devtools.add-properties' to 'false' to disable
[INFO ] [11-11-2024 22:26:50] [RepositoryConfigurationDelegate :: 132 ] - Bootstrapping Spring Data JPA repositories in DEFAULT mode.
[INFO ] [11-11-2024 22:26:50] [RepositoryConfigurationDelegate :: 201 ] - Finished Spring Data repository scanning in 195 ms. Found 12 JPA repository interfaces.
[INFO ] [11-11-2024 22:26:52] [TomcatWebServer                :: 108 ] - Tomcat initialized with port(s): 8080 (http)
[INFO ] [11-11-2024 22:26:52] [Http11NioProtocol              :: 173 ] - Initializing ProtocolHandler ["http-nio-8080"]
[INFO ] [11-11-2024 22:26:52] [StandardService                :: 173 ] - Starting service [Tomcat]
[INFO ] [11-11-2024 22:26:52] [StandardEngine                 :: 173 ] - Starting Servlet engine: [Apache Tomcat/9.0.83]
[INFO ] [11-11-2024 22:26:52] [TldScanner                     :: 173 ] - At least one JAR was scanned for TLDs yet contained no TLDs. Enable debug logging for this logger for a complete list of JARs that were scanned but no TLDs were found in them. Skipping unneeded JARs during scanning can improve startup time and JSP compilation time.
[INFO ] [11-11-2024 22:26:52] [[/]                            :: 173 ] - Initializing Spring embedded WebApplicationContext
[INFO ] [11-11-2024 22:26:52] [ServletWebServerApplicationContext :: 292 ] - Root WebApplicationContext: initialization completed in 4376 ms
[INFO ] [11-11-2024 22:26:52] [LogHelper                      :: 31  ] - HHH000204: Processing PersistenceUnitInfo [name: default]
[INFO ] [11-11-2024 22:26:52] [Version                        :: 44  ] - HHH000412: Hibernate ORM core version 5.6.15.Final
[INFO ] [11-11-2024 22:26:53] [Version                        :: 56  ] - HCANN000001: Hibernate Commons Annotations {5.1.2.Final}
[INFO ] [11-11-2024 22:26:53] [HikariDataSource               :: 110 ] - HikariPool-1 - Starting...
[INFO ] [11-11-2024 22:26:54] [HikariDataSource               :: 123 ] - HikariPool-1 - Start completed.
[INFO ] [11-11-2024 22:26:54] [Dialect                        :: 175 ] - HHH000400: Using dialect: org.hibernate.dialect.SQLServerDialect
[INFO ] [11-11-2024 22:26:55] [JtaPlatformInitiator           :: 52  ] - HHH000490: Using JtaPlatform implementation: [org.hibernate.engine.transaction.jta.platform.internal.NoJtaPlatform]
[INFO ] [11-11-2024 22:26:55] [LocalContainerEntityManagerFactoryBean :: 437 ] - Initialized JPA EntityManagerFactory for persistence unit 'default'
[INFO ] [11-11-2024 22:26:56] [DefaultSecurityFilterChain     :: 55  ] - Will secure any request with [org.springframework.security.web.session.DisableEncodeUrlFilter@715d32c7, org.springframework.security.web.context.request.async.WebAsyncManagerIntegrationFilter@7943f905, org.springframework.security.web.context.SecurityContextPersistenceFilter@6c9a5f16, org.springframework.security.web.header.HeaderWriterFilter@3506c6e6, org.springframework.security.web.authentication.logout.LogoutFilter@3e2521a0, org.springframework.security.web.authentication.UsernamePasswordAuthenticationFilter@4aed689a, org.springframework.security.web.savedrequest.RequestCacheAwareFilter@d2794dd, org.springframework.security.web.servletapi.SecurityContextHolderAwareRequestFilter@4b66a87f, org.springframework.security.web.authentication.AnonymousAuthenticationFilter@76c3d6bd, org.springframework.security.web.session.SessionManagementFilter@2b2485f3, org.springframework.security.web.access.ExceptionTranslationFilter@35460c47, org.springframework.security.web.access.intercept.FilterSecurityInterceptor@bf76625]
[INFO ] [11-11-2024 22:26:56] [WelcomePageHandlerMapping      :: 60  ] - Adding welcome page template: index
[INFO ] [11-11-2024 22:26:57] [OptionalLiveReloadServer       :: 59  ] - LiveReload server is running on port 35729
[INFO ] [11-11-2024 22:26:57] [Http11NioProtocol              :: 173 ] - Starting ProtocolHandler ["http-nio-8080"]
[INFO ] [11-11-2024 22:26:57] [TomcatWebServer                :: 220 ] - Tomcat started on port(s): 8080 (http) with context path ''
[INFO ] [11-11-2024 22:26:57] [KenpisApplication              :: 61  ] - Started KenpisApplication in 10.39 seconds (JVM running for 12.439)
[INFO ] [11-11-2024 22:31:01] [[/]                            :: 173 ] - Initializing Spring DispatcherServlet 'dispatcherServlet'
[INFO ] [11-11-2024 22:31:01] [DispatcherServlet              :: 525 ] - Initializing Servlet 'dispatcherServlet'
[INFO ] [11-11-2024 22:31:01] [DispatcherServlet              :: 547 ] - Completed initialization in 2 ms
[WARN ] [11-11-2024 22:31:01] [SessionIdGeneratorBase         :: 173 ] - Creation of SecureRandom instance for session ID generation using [SHA1PRNG] took [109] milliseconds.
[DEBUG] [11-11-2024 22:32:24] [UsuarioImpl                    :: 208 ] - Implements :: findByUsuUsername :: JHAN.MORENO
[DEBUG] [11-11-2024 22:32:24] [UsuarioImpl                    :: 192 ] - Implements :: findUsuarioAuthorityByUsuId :: 2
[INFO ] [11-11-2024 22:32:24] [EmpresaImpl                    :: 55  ] - Implements :: findById :: 1
[INFO ] [11-11-2024 22:32:24] [WLoginController               :: 61  ] - Usuario logueado: JHAN.MORENO
[INFO ] [11-11-2024 22:32:24] [WLoginController               :: 62  ] - Estado de la empresa (activo/inactivo): true
[INFO ] [11-11-2024 22:32:24] [WLoginController               :: 75  ] - emprsa session : 1
[INFO ] [11-11-2024 22:32:24] [FxComunes                      :: 68  ] - PedidosEstado{"DESCARTADO":null,"EN_PROCESO":null,"REGISTRADO":null,"ATENDIDO":null,"PAGADO":null}
[DEBUG] [11-11-2024 22:32:26] [UsuarioImpl                    :: 208 ] - Implements :: findByUsuUsername :: JHAN.MORENO
[DEBUG] [11-11-2024 22:32:26] [UsuarioImpl                    :: 192 ] - Implements :: findUsuarioAuthorityByUsuId :: 2
[INFO ] [11-11-2024 22:32:27] [EmpresaImpl                    :: 55  ] - Implements :: findById :: 1
[INFO ] [11-11-2024 22:32:27] [WLoginController               :: 61  ] - Usuario logueado: JHAN.MORENO
[INFO ] [11-11-2024 22:32:27] [WLoginController               :: 62  ] - Estado de la empresa (activo/inactivo): true
[INFO ] [11-11-2024 22:32:27] [WLoginController               :: 75  ] - emprsa session : 1
[INFO ] [11-11-2024 22:32:27] [FxComunes                      :: 68  ] - PedidosEstado{"DESCARTADO":null,"EN_PROCESO":null,"REGISTRADO":null,"ATENDIDO":null,"PAGADO":null}
[INFO ] [11-11-2024 22:32:28] [WEmpresaCajaController         :: 39  ] - Controller :: findSucursalesAndUsuariosByEmpresa :: empresaId=1
[INFO ] [11-11-2024 22:32:28] [EmpresaCajaImpl                :: 114 ] - Implements :: obtenerCajasPorEmpresa1
[INFO ] [11-11-2024 22:32:28] [EmpresaImpl                    :: 78  ] - Implements :: obtenerSucursalesPorEmpresa :: 1
[INFO ] [11-11-2024 22:32:28] [FxComunes                      :: 68  ] - que trae cajas por empresa [{"cajaId":58,"empPadreId":1,"cajaFechaApertura":1731290089850,"cajaFechaCierre":1731291151837,"cajaMontoInicial":0.0,"cajaMontoFinal":0.0,"cajaAsignada":"Albin Wurst Sucursal 1","cajaUsuarioApertura":"GIOMAR","cajaUsuarioCierre":null,"cajaEstado":false},{"cajaId":57,"empPadreId":1,"cajaFechaApertura":1731161265447,"cajaFechaCierre":1731290295197,"cajaMontoInicial":0.0,"cajaMontoFinal":0.0,"cajaAsignada":"Albin Wurst Sucursal 1","cajaUsuarioApertura":"GIOMAR","cajaUsuarioCierre":null,"cajaEstado":false},{"cajaId":56,"empPadreId":1,"cajaFechaApertura":1731150967737,"cajaFechaCierre":1731290301627,"cajaMontoInicial":90.0,"cajaMontoFinal":0.0,"cajaAsignada":"Albin Wurst Sucursal 1","cajaUsuarioApertura":"GIOMAR","cajaUsuarioCierre":null,"cajaEstado":false},{"cajaId":55,"empPadreId":1,"cajaFechaApertura":1731150763673,"cajaFechaCierre":1731150773777,"cajaMontoInicial":90.0,"cajaMontoFinal":0.0,"cajaAsignada":"Albin Wurst Sucursal 1","cajaUsuarioApertura":"GIOMAR","cajaUsuarioCierre":null,"cajaEstado":false}]
[INFO ] [11-11-2024 22:32:28] [WEmpresaCajaController         :: 39  ] - Controller :: findSucursalesAndUsuariosByEmpresa :: empresaId=1
[INFO ] [11-11-2024 22:32:28] [EmpresaImpl                    :: 78  ] - Implements :: obtenerSucursalesPorEmpresa :: 1
[INFO ] [11-11-2024 22:32:57] [WEmpresaCajaController         :: 39  ] - Controller :: findSucursalesAndUsuariosByEmpresa :: empresaId=1
[INFO ] [11-11-2024 22:32:57] [EmpresaCajaImpl                :: 114 ] - Implements :: obtenerCajasPorEmpresa1
[INFO ] [11-11-2024 22:32:57] [EmpresaImpl                    :: 78  ] - Implements :: obtenerSucursalesPorEmpresa :: 1
[INFO ] [11-11-2024 22:32:57] [FxComunes                      :: 68  ] - que trae cajas por empresa []
[INFO ] [11-11-2024 22:32:57] [WEmpresaCajaController         :: 39  ] - Controller :: findSucursalesAndUsuariosByEmpresa :: empresaId=1
[INFO ] [11-11-2024 22:32:57] [EmpresaImpl                    :: 78  ] - Implements :: obtenerSucursalesPorEmpresa :: 1
[INFO ] [11-11-2024 22:32:59] [WEmpresaCajaController         :: 39  ] - Controller :: findSucursalesAndUsuariosByEmpresa :: empresaId=1
[INFO ] [11-11-2024 22:32:59] [EmpresaCajaImpl                :: 114 ] - Implements :: obtenerCajasPorEmpresa1
[INFO ] [11-11-2024 22:32:59] [EmpresaImpl                    :: 78  ] - Implements :: obtenerSucursalesPorEmpresa :: 1
[INFO ] [11-11-2024 22:33:00] [WEmpresaCajaController         :: 39  ] - Controller :: findSucursalesAndUsuariosByEmpresa :: empresaId=1
[INFO ] [11-11-2024 22:33:00] [EmpresaImpl                    :: 78  ] - Implements :: obtenerSucursalesPorEmpresa :: 1
[INFO ] [11-11-2024 22:33:00] [FxComunes                      :: 68  ] - que trae cajas por empresa []
[INFO ] [11-11-2024 22:33:46] [WEmpresaCajaController         :: 39  ] - Controller :: findSucursalesAndUsuariosByEmpresa :: empresaId=1
[INFO ] [11-11-2024 22:33:46] [EmpresaCajaImpl                :: 114 ] - Implements :: obtenerCajasPorEmpresa1
[INFO ] [11-11-2024 22:33:46] [EmpresaImpl                    :: 78  ] - Implements :: obtenerSucursalesPorEmpresa :: 1
[INFO ] [11-11-2024 22:33:46] [FxComunes                      :: 68  ] - que trae cajas por empresa []
[INFO ] [11-11-2024 22:33:46] [WEmpresaCajaController         :: 39  ] - Controller :: findSucursalesAndUsuariosByEmpresa :: empresaId=1
[INFO ] [11-11-2024 22:33:46] [EmpresaImpl                    :: 78  ] - Implements :: obtenerSucursalesPorEmpresa :: 1
[INFO ] [11-11-2024 22:33:54] [WClienteController             :: 73  ] - Controller :: loadEmpresasByRole
[INFO ] [11-11-2024 22:33:54] [ClienteImpl                    :: 39  ] - Implements :: findAllDto
[INFO ] [11-11-2024 22:33:54] [ClienteImpl                    :: 41  ] -  --------------- [org.springframework.data.jpa.repository.query.AbstractJpaQuery$TupleConverter$TupleBackedMap@6afe0e44, org.springframework.data.jpa.repository.query.AbstractJpaQuery$TupleConverter$TupleBackedMap@1d3a3a91, org.springframework.data.jpa.repository.query.AbstractJpaQuery$TupleConverter$TupleBackedMap@13088041, org.springframework.data.jpa.repository.query.AbstractJpaQuery$TupleConverter$TupleBackedMap@2b3004d2, org.springframework.data.jpa.repository.query.AbstractJpaQuery$TupleConverter$TupleBackedMap@3126a3de, org.springframework.data.jpa.repository.query.AbstractJpaQuery$TupleConverter$TupleBackedMap@7d84e9d9, org.springframework.data.jpa.repository.query.AbstractJpaQuery$TupleConverter$TupleBackedMap@2a5974a0]
[INFO ] [11-11-2024 22:33:54] [FxComunes                      :: 68  ] - objeto result[{"cliId":14,"cliNotificacion":true,"cliCorreo":"correito@correo.com","empNombreComercial":"Albin Wurst Lima","cliIsActive":true,"cliNombre":"LOBATON","cliTelefono":"970180034"},{"cliNombre":"GIOMAR","cliTelefono":"970180359","cliNotificacion":true,"cliId":22,"empNombreComercial":"Albin Wurst Lima","cliIsActive":true,"cliCorreo":"giomar@hotmail.com"},{"cliNotificacion":true,"cliId":23,"empNombreComercial":"Albin Wurst Lima","cliIsActive":true,"cliNombre":"JHAN","cliCorreo":"wanda@hotmail.com","cliTelefono":"970180034"},{"cliNotificacion":true,"cliId":24,"cliNombre":"ROMEO","empNombreComercial":"Innovaciones Tech","cliIsActive":true,"cliCorreo":"giomar@hotmail.com","cliTelefono":"970180035"},{"cliTelefono":"987678900","cliId":26,"cliNombre":"ALVARO","cliNotificacion":true,"empNombreComercial":"Albin Wurst Lima","cliCorreo":"giom@hotmail.com","cliIsActive":true},{"cliId":28,"cliNotificacion":true,"cliCorreo":"correo@correo.com","empNombreComercial":"Albin Wurst Lima","cliIsActive":true,"cliNombre":"juan","cliTelefono":"997373848"},{"cliId":30,"cliTelefono":"954627283","cliCorreo":"sony@hotmail.com","cliNombre":"Sony","cliNotificacion":true,"empNombreComercial":"Albin Wurst Lima","cliIsActive":true}]
[INFO ] [11-11-2024 22:33:54] [FxComunes                      :: 68  ] - QUE LLEGA DE ADMINISTRADOR[{"cliId":14,"cliTelefono":"970180034","cliNombre":"LOBATON","cliCorreo":"correito@correo.com","cliNotificacion":true,"cliIsActive":true,"empId":null,"empNombreComercial":"Albin Wurst Lima","cliFechaCreacion":null},{"cliId":22,"cliTelefono":"970180359","cliNombre":"GIOMAR","cliCorreo":"giomar@hotmail.com","cliNotificacion":true,"cliIsActive":true,"empId":null,"empNombreComercial":"Albin Wurst Lima","cliFechaCreacion":null},{"cliId":23,"cliTelefono":"970180034","cliNombre":"JHAN","cliCorreo":"wanda@hotmail.com","cliNotificacion":true,"cliIsActive":true,"empId":null,"empNombreComercial":"Albin Wurst Lima","cliFechaCreacion":null},{"cliId":24,"cliTelefono":"970180035","cliNombre":"ROMEO","cliCorreo":"giomar@hotmail.com","cliNotificacion":true,"cliIsActive":true,"empId":null,"empNombreComercial":"Innovaciones Tech","cliFechaCreacion":null},{"cliId":26,"cliTelefono":"987678900","cliNombre":"ALVARO","cliCorreo":"giom@hotmail.com","cliNotificacion":true,"cliIsActive":true,"empId":null,"empNombreComercial":"Albin Wurst Lima","cliFechaCreacion":null},{"cliId":28,"cliTelefono":"997373848","cliNombre":"juan","cliCorreo":"correo@correo.com","cliNotificacion":true,"cliIsActive":true,"empId":null,"empNombreComercial":"Albin Wurst Lima","cliFechaCreacion":null},{"cliId":30,"cliTelefono":"954627283","cliNombre":"Sony","cliCorreo":"sony@hotmail.com","cliNotificacion":true,"cliIsActive":true,"empId":null,"empNombreComercial":"Albin Wurst Lima","cliFechaCreacion":null}]
[INFO ] [11-11-2024 22:33:54] [FxComunes                      :: 68  ] - Trae empresa admin [{"empId":1,"empNombreComercial":"Albin Wurst Lima"},{"empId":4,"empNombreComercial":"Innovaciones Tech"}]
[INFO ] [11-11-2024 22:33:56] [ProductoInventarioImpl         :: 30  ] - Implements :: findAll
[INFO ] [11-11-2024 22:34:10] [FxComunes                      :: 68  ] - trae complementos por empresa [{"empId":1,"empNombreComercial":"Albin Wurst","proCompId":1,"proCompNombre":"Cremas","proCompPrecio":0.0,"proCompIdPadre":0,"subComplementos":null,"detalles":null},{"empId":1,"empNombreComercial":"Albin Wurst","proCompId":2,"proCompNombre":"Toppings","proCompPrecio":0.0,"proCompIdPadre":0,"subComplementos":null,"detalles":null},{"empId":1,"empNombreComercial":"Albin Wurst","proCompId":3,"proCompNombre":"Bebidas","proCompPrecio":0.0,"proCompIdPadre":0,"subComplementos":null,"detalles":null},{"empId":1,"empNombreComercial":"Albin Wurst","proCompId":68,"proCompNombre":"Piqueos","proCompPrecio":0.0,"proCompIdPadre":0,"subComplementos":null,"detalles":null}]
[INFO ] [11-11-2024 22:34:12] [WEmpresaController             :: 46  ] - Controller :: findAllEmpresaComboBox
[INFO ] [11-11-2024 22:34:12] [WEmpresaController             :: 46  ] - Controller :: findAllEmpresaComboBox
[INFO ] [11-11-2024 22:34:17] [ProductoImpl                   :: 52  ] - Implements :: findActiveProductosWithActiveEmpresa
[INFO ] [11-11-2024 22:34:17] [FxComunes                      :: 68  ] - listar las categorias por empresa [{"proId":78,"empId":1,"proCategoria":"choripan","proPrecioCosto":null,"proIsActive":null,"proDescripcion":null,"proImagen":null,"proPrecioVenta":null},{"proId":94,"empId":1,"proCategoria":"choripan a la tabla","proPrecioCosto":null,"proIsActive":null,"proDescripcion":null,"proImagen":null,"proPrecioVenta":null},{"proId":96,"empId":1,"proCategoria":"Bebida","proPrecioCosto":null,"proIsActive":null,"proDescripcion":null,"proImagen":null,"proPrecioVenta":null}]
[INFO ] [11-11-2024 22:34:17] [FxComunes                      :: 68  ] - listar los complementos [{"empId":null,"empNombreComercial":null,"proCompId":1,"proCompNombre":"Cremas","proCompPrecio":null,"proCompIdPadre":null,"subComplementos":"Mostaza, Mayonesa, Ketchup, Ají (Uchucuta)","detalles":null},{"empId":null,"empNombreComercial":null,"proCompId":2,"proCompNombre":"Toppings","proCompPrecio":null,"proCompIdPadre":null,"subComplementos":"Papas al Hilo, Pickles (Pepinillos)","detalles":null},{"empId":null,"empNombreComercial":null,"proCompId":3,"proCompNombre":"Bebidas","proCompPrecio":null,"proCompIdPadre":null,"subComplementos":"Cafe, Gaseosa","detalles":null},{"empId":null,"empNombreComercial":null,"proCompId":68,"proCompNombre":"Piqueos","proCompPrecio":null,"proCompIdPadre":null,"subComplementos":"papas nativas, doritos","detalles":null}]
[INFO ] [11-11-2024 22:34:19] [ProductoImpl                   :: 52  ] - Implements :: findActiveProductosWithActiveEmpresa
[INFO ] [11-11-2024 22:34:19] [FxComunes                      :: 68  ] - listar las categorias por empresa []
[INFO ] [11-11-2024 22:34:19] [FxComunes                      :: 68  ] - listar los complementos [{"empId":null,"empNombreComercial":null,"proCompId":12,"proCompNombre":"Cremas DOS","proCompPrecio":null,"proCompIdPadre":null,"subComplementos":"fdsf","detalles":null},{"empId":null,"empNombreComercial":null,"proCompId":13,"proCompNombre":"Toppings DOS","proCompPrecio":null,"proCompIdPadre":null,"subComplementos":"aldair","detalles":null}]
[INFO ] [11-11-2024 22:34:21] [ProductoImpl                   :: 52  ] - Implements :: findActiveProductosWithActiveEmpresa
[INFO ] [11-11-2024 22:34:21] [FxComunes                      :: 68  ] - listar las categorias por empresa [{"proId":78,"empId":1,"proCategoria":"choripan","proPrecioCosto":null,"proIsActive":null,"proDescripcion":null,"proImagen":null,"proPrecioVenta":null},{"proId":94,"empId":1,"proCategoria":"choripan a la tabla","proPrecioCosto":null,"proIsActive":null,"proDescripcion":null,"proImagen":null,"proPrecioVenta":null},{"proId":96,"empId":1,"proCategoria":"Bebida","proPrecioCosto":null,"proIsActive":null,"proDescripcion":null,"proImagen":null,"proPrecioVenta":null}]
[INFO ] [11-11-2024 22:34:22] [FxComunes                      :: 68  ] - listar los complementos [{"empId":null,"empNombreComercial":null,"proCompId":1,"proCompNombre":"Cremas","proCompPrecio":null,"proCompIdPadre":null,"subComplementos":"Mostaza, Mayonesa, Ketchup, Ají (Uchucuta)","detalles":null},{"empId":null,"empNombreComercial":null,"proCompId":2,"proCompNombre":"Toppings","proCompPrecio":null,"proCompIdPadre":null,"subComplementos":"Papas al Hilo, Pickles (Pepinillos)","detalles":null},{"empId":null,"empNombreComercial":null,"proCompId":3,"proCompNombre":"Bebidas","proCompPrecio":null,"proCompIdPadre":null,"subComplementos":"Cafe, Gaseosa","detalles":null},{"empId":null,"empNombreComercial":null,"proCompId":68,"proCompNombre":"Piqueos","proCompPrecio":null,"proCompIdPadre":null,"subComplementos":"papas nativas, doritos","detalles":null}]
[WARN ] [11-11-2024 22:34:24] [PageNotFound                   :: 1283] - No mapping for GET /kenpis/menu/configuracion/ruta-al-qr-yape
[WARN ] [11-11-2024 22:34:24] [PageNotFound                   :: 1283] - No mapping for GET /kenpis/menu/configuracion/ruta-al-qr-plin
[INFO ] [11-11-2024 22:34:24] [WEmpresaController             :: 137 ] - Controller :: loadEmpresasByRole :: 2
[INFO ] [11-11-2024 22:34:24] [EmpresaImpl                    :: 41  ] - Implements  :: findAll
[WARN ] [11-11-2024 22:34:26] [PageNotFound                   :: 1283] - No mapping for GET /kenpis/menu/configuracion/ruta-al-qr-plin
[WARN ] [11-11-2024 22:34:26] [PageNotFound                   :: 1283] - No mapping for GET /kenpis/menu/configuracion/ruta-al-qr-yape
[INFO ] [11-11-2024 22:34:26] [WEmpresaController             :: 137 ] - Controller :: loadEmpresasByRole :: 2
[INFO ] [11-11-2024 22:34:26] [EmpresaImpl                    :: 41  ] - Implements  :: findAll
[INFO ] [11-11-2024 22:34:30] [WUsuarioController             :: 94  ] - Controller :: loadEmpresasByRole :: 2
[INFO ] [11-11-2024 22:34:30] [WUsuarioController             :: 98  ] - ADMINISTRADOR
[INFO ] [11-11-2024 22:34:30] [UsuarioImpl                    :: 57  ] - Implements :: findAllDto
[INFO ] [11-11-2024 22:34:30] [UsuarioImpl                    :: 59  ] -  --------------- [org.springframework.data.jpa.repository.query.AbstractJpaQuery$TupleConverter$TupleBackedMap@6107caaf, org.springframework.data.jpa.repository.query.AbstractJpaQuery$TupleConverter$TupleBackedMap@63d4b87, org.springframework.data.jpa.repository.query.AbstractJpaQuery$TupleConverter$TupleBackedMap@72b35394, org.springframework.data.jpa.repository.query.AbstractJpaQuery$TupleConverter$TupleBackedMap@3bf651bc]
[INFO ] [11-11-2024 22:34:30] [FxComunes                      :: 68  ] - objeto result[{"usuNombre":"GIOMAR","authUsername":"GIOMAR","usuId":1,"usuGenero":"M","usuApeMaterno":"SULLCA","usuTelefono":"9701800335","usuApePaterno":"ORTEGA","empNombreComercial":"Albin Wurst Lima","usuNumeroDocumento":"72440370","authRoles":"PROPIETARIO","usuTipoDocumento":"DNI"},{"usuNombre":"JHAN PIERRE","usuTelefono":"972514160","usuApeMaterno":"GARCIA","usuGenero":"M","usuId":2,"usuNumeroDocumento":"44116732","authUsername":"JHAN.MORENO","empNombreComercial":"Albin Wurst Lima","usuApePaterno":"MORENO","usuTipoDocumento":"DNI","authRoles":"ADMINISTRADOR"},{"usuId":4,"usuApeMaterno":"JULCA","usuNumeroDocumento":"87654321","usuTelefono":"999999990","usuGenero":"M","empNombreComercial":"Innovaciones Tech","authUsername":"JUAN","usuNombre":"JUAN","usuApePaterno":"PEREZ","authRoles":"PROPIETARIO","usuTipoDocumento":"DNI"},{"usuId":68,"usuGenero":"M","usuApeMaterno":"SULLCA","usuNombre":"JEACITO","usuApePaterno":"ORTEGA","empNombreComercial":"Albin Wurst Lima","usuTelefono":"970180035","usuNumeroDocumento":"72440370","authRoles":"PROPIETARIO","authUsername":"giomar.o","usuTipoDocumento":"DNI"}]
[INFO ] [11-11-2024 22:34:30] [FxComunes                      :: 68  ] - QUE LLEGA DE ADMINISTRADOR[{"usuId":1,"empresaId":null,"usuNombre":"GIOMAR","usuApePaterno":"ORTEGA","usuApeMaterno":"SULLCA","usuTelefono":"9701800335","empNombreComercial":"Albin Wurst Lima","authRoles":"PROPIETARIO","authUsername":"GIOMAR","usuCorreo":null,"usuGenero":"M","usuNumeroDocumento":"72440370","usuTipoDocumento":"DNI","authPassword":null},{"usuId":2,"empresaId":null,"usuNombre":"JHAN PIERRE","usuApePaterno":"MORENO","usuApeMaterno":"GARCIA","usuTelefono":"972514160","empNombreComercial":"Albin Wurst Lima","authRoles":"ADMINISTRADOR","authUsername":"JHAN.MORENO","usuCorreo":null,"usuGenero":"M","usuNumeroDocumento":"44116732","usuTipoDocumento":"DNI","authPassword":null},{"usuId":4,"empresaId":null,"usuNombre":"JUAN","usuApePaterno":"PEREZ","usuApeMaterno":"JULCA","usuTelefono":"999999990","empNombreComercial":"Innovaciones Tech","authRoles":"PROPIETARIO","authUsername":"JUAN","usuCorreo":null,"usuGenero":"M","usuNumeroDocumento":"87654321","usuTipoDocumento":"DNI","authPassword":null},{"usuId":68,"empresaId":null,"usuNombre":"JEACITO","usuApePaterno":"ORTEGA","usuApeMaterno":"SULLCA","usuTelefono":"970180035","empNombreComercial":"Albin Wurst Lima","authRoles":"PROPIETARIO","authUsername":"giomar.o","usuCorreo":null,"usuGenero":"M","usuNumeroDocumento":"72440370","usuTipoDocumento":"DNI","authPassword":null}]
[INFO ] [11-11-2024 22:34:30] [FxComunes                      :: 68  ] - Trae empresa admin [{"empId":1,"empNombreComercial":"Albin Wurst Lima"},{"empId":4,"empNombreComercial":"Innovaciones Tech"}]
[DEBUG] [11-11-2024 22:34:34] [UsuarioImpl                    :: 208 ] - Implements :: findByUsuUsername :: JHAN.MORENO
[DEBUG] [11-11-2024 22:34:34] [UsuarioImpl                    :: 192 ] - Implements :: findUsuarioAuthorityByUsuId :: 2
[INFO ] [11-11-2024 22:34:34] [EmpresaImpl                    :: 55  ] - Implements :: findById :: 1
[INFO ] [11-11-2024 22:34:34] [WLoginController               :: 61  ] - Usuario logueado: JHAN.MORENO
[INFO ] [11-11-2024 22:34:34] [WLoginController               :: 62  ] - Estado de la empresa (activo/inactivo): true
[INFO ] [11-11-2024 22:34:34] [WLoginController               :: 75  ] - emprsa session : 1
[INFO ] [11-11-2024 22:34:34] [FxComunes                      :: 68  ] - PedidosEstado{"DESCARTADO":null,"EN_PROCESO":null,"REGISTRADO":null,"ATENDIDO":null,"PAGADO":null}
[INFO ] [11-11-2024 22:34:36] [FxComunes                      :: 68  ] - trae complementos por empresa [{"empId":1,"empNombreComercial":"Albin Wurst","proCompId":1,"proCompNombre":"Cremas","proCompPrecio":0.0,"proCompIdPadre":0,"subComplementos":null,"detalles":null},{"empId":1,"empNombreComercial":"Albin Wurst","proCompId":2,"proCompNombre":"Toppings","proCompPrecio":0.0,"proCompIdPadre":0,"subComplementos":null,"detalles":null},{"empId":1,"empNombreComercial":"Albin Wurst","proCompId":3,"proCompNombre":"Bebidas","proCompPrecio":0.0,"proCompIdPadre":0,"subComplementos":null,"detalles":null},{"empId":1,"empNombreComercial":"Albin Wurst","proCompId":68,"proCompNombre":"Piqueos","proCompPrecio":0.0,"proCompIdPadre":0,"subComplementos":null,"detalles":null}]
[INFO ] [11-11-2024 22:34:37] [WClienteController             :: 73  ] - Controller :: loadEmpresasByRole
[INFO ] [11-11-2024 22:34:37] [ClienteImpl                    :: 39  ] - Implements :: findAllDto
[INFO ] [11-11-2024 22:34:38] [ClienteImpl                    :: 41  ] -  --------------- [org.springframework.data.jpa.repository.query.AbstractJpaQuery$TupleConverter$TupleBackedMap@2069053b, org.springframework.data.jpa.repository.query.AbstractJpaQuery$TupleConverter$TupleBackedMap@35398d85, org.springframework.data.jpa.repository.query.AbstractJpaQuery$TupleConverter$TupleBackedMap@3db8b640, org.springframework.data.jpa.repository.query.AbstractJpaQuery$TupleConverter$TupleBackedMap@4ade9d35, org.springframework.data.jpa.repository.query.AbstractJpaQuery$TupleConverter$TupleBackedMap@22760988, org.springframework.data.jpa.repository.query.AbstractJpaQuery$TupleConverter$TupleBackedMap@5bdaede6, org.springframework.data.jpa.repository.query.AbstractJpaQuery$TupleConverter$TupleBackedMap@23285a6b]
[INFO ] [11-11-2024 22:34:38] [FxComunes                      :: 68  ] - objeto result[{"cliId":14,"cliNotificacion":true,"cliCorreo":"correito@correo.com","empNombreComercial":"Albin Wurst Lima","cliIsActive":true,"cliNombre":"LOBATON","cliTelefono":"970180034"},{"cliNombre":"GIOMAR","cliTelefono":"970180359","cliNotificacion":true,"cliId":22,"empNombreComercial":"Albin Wurst Lima","cliIsActive":true,"cliCorreo":"giomar@hotmail.com"},{"cliNotificacion":true,"cliId":23,"empNombreComercial":"Albin Wurst Lima","cliIsActive":true,"cliNombre":"JHAN","cliCorreo":"wanda@hotmail.com","cliTelefono":"970180034"},{"cliNotificacion":true,"cliId":24,"cliNombre":"ROMEO","empNombreComercial":"Innovaciones Tech","cliIsActive":true,"cliCorreo":"giomar@hotmail.com","cliTelefono":"970180035"},{"cliTelefono":"987678900","cliId":26,"cliNombre":"ALVARO","cliNotificacion":true,"empNombreComercial":"Albin Wurst Lima","cliCorreo":"giom@hotmail.com","cliIsActive":true},{"cliId":28,"cliNotificacion":true,"cliCorreo":"correo@correo.com","empNombreComercial":"Albin Wurst Lima","cliIsActive":true,"cliNombre":"juan","cliTelefono":"997373848"},{"cliId":30,"cliTelefono":"954627283","cliCorreo":"sony@hotmail.com","cliNombre":"Sony","cliNotificacion":true,"empNombreComercial":"Albin Wurst Lima","cliIsActive":true}]
[INFO ] [11-11-2024 22:34:38] [FxComunes                      :: 68  ] - QUE LLEGA DE ADMINISTRADOR[{"cliId":14,"cliTelefono":"970180034","cliNombre":"LOBATON","cliCorreo":"correito@correo.com","cliNotificacion":true,"cliIsActive":true,"empId":null,"empNombreComercial":"Albin Wurst Lima","cliFechaCreacion":null},{"cliId":22,"cliTelefono":"970180359","cliNombre":"GIOMAR","cliCorreo":"giomar@hotmail.com","cliNotificacion":true,"cliIsActive":true,"empId":null,"empNombreComercial":"Albin Wurst Lima","cliFechaCreacion":null},{"cliId":23,"cliTelefono":"970180034","cliNombre":"JHAN","cliCorreo":"wanda@hotmail.com","cliNotificacion":true,"cliIsActive":true,"empId":null,"empNombreComercial":"Albin Wurst Lima","cliFechaCreacion":null},{"cliId":24,"cliTelefono":"970180035","cliNombre":"ROMEO","cliCorreo":"giomar@hotmail.com","cliNotificacion":true,"cliIsActive":true,"empId":null,"empNombreComercial":"Innovaciones Tech","cliFechaCreacion":null},{"cliId":26,"cliTelefono":"987678900","cliNombre":"ALVARO","cliCorreo":"giom@hotmail.com","cliNotificacion":true,"cliIsActive":true,"empId":null,"empNombreComercial":"Albin Wurst Lima","cliFechaCreacion":null},{"cliId":28,"cliTelefono":"997373848","cliNombre":"juan","cliCorreo":"correo@correo.com","cliNotificacion":true,"cliIsActive":true,"empId":null,"empNombreComercial":"Albin Wurst Lima","cliFechaCreacion":null},{"cliId":30,"cliTelefono":"954627283","cliNombre":"Sony","cliCorreo":"sony@hotmail.com","cliNotificacion":true,"cliIsActive":true,"empId":null,"empNombreComercial":"Albin Wurst Lima","cliFechaCreacion":null}]
[INFO ] [11-11-2024 22:34:38] [FxComunes                      :: 68  ] - Trae empresa admin [{"empId":1,"empNombreComercial":"Albin Wurst Lima"},{"empId":4,"empNombreComercial":"Innovaciones Tech"}]
[DEBUG] [11-11-2024 22:34:41] [ClienteImpl                    :: 116 ] - Implements :: delete :: ID -> 30
[INFO ] [11-11-2024 22:34:42] [WClienteController             :: 73  ] - Controller :: loadEmpresasByRole
[INFO ] [11-11-2024 22:34:42] [ClienteImpl                    :: 39  ] - Implements :: findAllDto
[INFO ] [11-11-2024 22:34:42] [ClienteImpl                    :: 41  ] -  --------------- [org.springframework.data.jpa.repository.query.AbstractJpaQuery$TupleConverter$TupleBackedMap@a29c769, org.springframework.data.jpa.repository.query.AbstractJpaQuery$TupleConverter$TupleBackedMap@63b038f, org.springframework.data.jpa.repository.query.AbstractJpaQuery$TupleConverter$TupleBackedMap@1ac4a346, org.springframework.data.jpa.repository.query.AbstractJpaQuery$TupleConverter$TupleBackedMap@28ba8e3f, org.springframework.data.jpa.repository.query.AbstractJpaQuery$TupleConverter$TupleBackedMap@6c6c16ce, org.springframework.data.jpa.repository.query.AbstractJpaQuery$TupleConverter$TupleBackedMap@321557b7]
[INFO ] [11-11-2024 22:34:42] [FxComunes                      :: 68  ] - objeto result[{"cliId":14,"cliNotificacion":true,"cliCorreo":"correito@correo.com","empNombreComercial":"Albin Wurst Lima","cliIsActive":true,"cliNombre":"LOBATON","cliTelefono":"970180034"},{"cliNombre":"GIOMAR","cliTelefono":"970180359","cliNotificacion":true,"cliId":22,"empNombreComercial":"Albin Wurst Lima","cliIsActive":true,"cliCorreo":"giomar@hotmail.com"},{"cliNotificacion":true,"cliId":23,"empNombreComercial":"Albin Wurst Lima","cliIsActive":true,"cliNombre":"JHAN","cliCorreo":"wanda@hotmail.com","cliTelefono":"970180034"},{"cliNotificacion":true,"cliId":24,"cliNombre":"ROMEO","empNombreComercial":"Innovaciones Tech","cliIsActive":true,"cliCorreo":"giomar@hotmail.com","cliTelefono":"970180035"},{"cliTelefono":"987678900","cliId":26,"cliNombre":"ALVARO","cliNotificacion":true,"empNombreComercial":"Albin Wurst Lima","cliCorreo":"giom@hotmail.com","cliIsActive":true},{"cliId":28,"cliNotificacion":true,"cliCorreo":"correo@correo.com","empNombreComercial":"Albin Wurst Lima","cliIsActive":true,"cliNombre":"juan","cliTelefono":"997373848"}]
[INFO ] [11-11-2024 22:34:42] [FxComunes                      :: 68  ] - QUE LLEGA DE ADMINISTRADOR[{"cliId":14,"cliTelefono":"970180034","cliNombre":"LOBATON","cliCorreo":"correito@correo.com","cliNotificacion":true,"cliIsActive":true,"empId":null,"empNombreComercial":"Albin Wurst Lima","cliFechaCreacion":null},{"cliId":22,"cliTelefono":"970180359","cliNombre":"GIOMAR","cliCorreo":"giomar@hotmail.com","cliNotificacion":true,"cliIsActive":true,"empId":null,"empNombreComercial":"Albin Wurst Lima","cliFechaCreacion":null},{"cliId":23,"cliTelefono":"970180034","cliNombre":"JHAN","cliCorreo":"wanda@hotmail.com","cliNotificacion":true,"cliIsActive":true,"empId":null,"empNombreComercial":"Albin Wurst Lima","cliFechaCreacion":null},{"cliId":24,"cliTelefono":"970180035","cliNombre":"ROMEO","cliCorreo":"giomar@hotmail.com","cliNotificacion":true,"cliIsActive":true,"empId":null,"empNombreComercial":"Innovaciones Tech","cliFechaCreacion":null},{"cliId":26,"cliTelefono":"987678900","cliNombre":"ALVARO","cliCorreo":"giom@hotmail.com","cliNotificacion":true,"cliIsActive":true,"empId":null,"empNombreComercial":"Albin Wurst Lima","cliFechaCreacion":null},{"cliId":28,"cliTelefono":"997373848","cliNombre":"juan","cliCorreo":"correo@correo.com","cliNotificacion":true,"cliIsActive":true,"empId":null,"empNombreComercial":"Albin Wurst Lima","cliFechaCreacion":null}]
[INFO ] [11-11-2024 22:34:42] [FxComunes                      :: 68  ] - Trae empresa admin [{"empId":1,"empNombreComercial":"Albin Wurst Lima"},{"empId":4,"empNombreComercial":"Innovaciones Tech"}]
[DEBUG] [11-11-2024 22:34:44] [ClienteImpl                    :: 116 ] - Implements :: delete :: ID -> 28
[INFO ] [11-11-2024 22:34:45] [WClienteController             :: 73  ] - Controller :: loadEmpresasByRole
[INFO ] [11-11-2024 22:34:45] [ClienteImpl                    :: 39  ] - Implements :: findAllDto
[INFO ] [11-11-2024 22:34:45] [ClienteImpl                    :: 41  ] -  --------------- [org.springframework.data.jpa.repository.query.AbstractJpaQuery$TupleConverter$TupleBackedMap@5c8dcdb2, org.springframework.data.jpa.repository.query.AbstractJpaQuery$TupleConverter$TupleBackedMap@2aaa4cfd, org.springframework.data.jpa.repository.query.AbstractJpaQuery$TupleConverter$TupleBackedMap@6117d34a, org.springframework.data.jpa.repository.query.AbstractJpaQuery$TupleConverter$TupleBackedMap@5c7684a, org.springframework.data.jpa.repository.query.AbstractJpaQuery$TupleConverter$TupleBackedMap@3715d51d]
[INFO ] [11-11-2024 22:34:45] [FxComunes                      :: 68  ] - objeto result[{"cliId":14,"cliNotificacion":true,"cliCorreo":"correito@correo.com","empNombreComercial":"Albin Wurst Lima","cliIsActive":true,"cliNombre":"LOBATON","cliTelefono":"970180034"},{"cliNombre":"GIOMAR","cliTelefono":"970180359","cliNotificacion":true,"cliId":22,"empNombreComercial":"Albin Wurst Lima","cliIsActive":true,"cliCorreo":"giomar@hotmail.com"},{"cliNotificacion":true,"cliId":23,"empNombreComercial":"Albin Wurst Lima","cliIsActive":true,"cliNombre":"JHAN","cliCorreo":"wanda@hotmail.com","cliTelefono":"970180034"},{"cliNotificacion":true,"cliId":24,"cliNombre":"ROMEO","empNombreComercial":"Innovaciones Tech","cliIsActive":true,"cliCorreo":"giomar@hotmail.com","cliTelefono":"970180035"},{"cliTelefono":"987678900","cliId":26,"cliNombre":"ALVARO","cliNotificacion":true,"empNombreComercial":"Albin Wurst Lima","cliCorreo":"giom@hotmail.com","cliIsActive":true}]
[INFO ] [11-11-2024 22:34:45] [FxComunes                      :: 68  ] - QUE LLEGA DE ADMINISTRADOR[{"cliId":14,"cliTelefono":"970180034","cliNombre":"LOBATON","cliCorreo":"correito@correo.com","cliNotificacion":true,"cliIsActive":true,"empId":null,"empNombreComercial":"Albin Wurst Lima","cliFechaCreacion":null},{"cliId":22,"cliTelefono":"970180359","cliNombre":"GIOMAR","cliCorreo":"giomar@hotmail.com","cliNotificacion":true,"cliIsActive":true,"empId":null,"empNombreComercial":"Albin Wurst Lima","cliFechaCreacion":null},{"cliId":23,"cliTelefono":"970180034","cliNombre":"JHAN","cliCorreo":"wanda@hotmail.com","cliNotificacion":true,"cliIsActive":true,"empId":null,"empNombreComercial":"Albin Wurst Lima","cliFechaCreacion":null},{"cliId":24,"cliTelefono":"970180035","cliNombre":"ROMEO","cliCorreo":"giomar@hotmail.com","cliNotificacion":true,"cliIsActive":true,"empId":null,"empNombreComercial":"Innovaciones Tech","cliFechaCreacion":null},{"cliId":26,"cliTelefono":"987678900","cliNombre":"ALVARO","cliCorreo":"giom@hotmail.com","cliNotificacion":true,"cliIsActive":true,"empId":null,"empNombreComercial":"Albin Wurst Lima","cliFechaCreacion":null}]
[INFO ] [11-11-2024 22:34:45] [FxComunes                      :: 68  ] - Trae empresa admin [{"empId":1,"empNombreComercial":"Albin Wurst Lima"},{"empId":4,"empNombreComercial":"Innovaciones Tech"}]
[DEBUG] [11-11-2024 22:34:50] [ClienteImpl                    :: 116 ] - Implements :: delete :: ID -> 26
[INFO ] [11-11-2024 22:34:50] [WClienteController             :: 73  ] - Controller :: loadEmpresasByRole
[INFO ] [11-11-2024 22:34:50] [ClienteImpl                    :: 39  ] - Implements :: findAllDto
[INFO ] [11-11-2024 22:34:50] [ClienteImpl                    :: 41  ] -  --------------- [org.springframework.data.jpa.repository.query.AbstractJpaQuery$TupleConverter$TupleBackedMap@489dcf25, org.springframework.data.jpa.repository.query.AbstractJpaQuery$TupleConverter$TupleBackedMap@24340bf9, org.springframework.data.jpa.repository.query.AbstractJpaQuery$TupleConverter$TupleBackedMap@71663212, org.springframework.data.jpa.repository.query.AbstractJpaQuery$TupleConverter$TupleBackedMap@3ed97eb1]
[INFO ] [11-11-2024 22:34:50] [FxComunes                      :: 68  ] - objeto result[{"cliId":14,"cliNotificacion":true,"cliCorreo":"correito@correo.com","empNombreComercial":"Albin Wurst Lima","cliIsActive":true,"cliNombre":"LOBATON","cliTelefono":"970180034"},{"cliNombre":"GIOMAR","cliTelefono":"970180359","cliNotificacion":true,"cliId":22,"empNombreComercial":"Albin Wurst Lima","cliIsActive":true,"cliCorreo":"giomar@hotmail.com"},{"cliNotificacion":true,"cliId":23,"empNombreComercial":"Albin Wurst Lima","cliIsActive":true,"cliNombre":"JHAN","cliCorreo":"wanda@hotmail.com","cliTelefono":"970180034"},{"cliNotificacion":true,"cliId":24,"cliNombre":"ROMEO","empNombreComercial":"Innovaciones Tech","cliIsActive":true,"cliCorreo":"giomar@hotmail.com","cliTelefono":"970180035"}]
[INFO ] [11-11-2024 22:34:50] [FxComunes                      :: 68  ] - QUE LLEGA DE ADMINISTRADOR[{"cliId":14,"cliTelefono":"970180034","cliNombre":"LOBATON","cliCorreo":"correito@correo.com","cliNotificacion":true,"cliIsActive":true,"empId":null,"empNombreComercial":"Albin Wurst Lima","cliFechaCreacion":null},{"cliId":22,"cliTelefono":"970180359","cliNombre":"GIOMAR","cliCorreo":"giomar@hotmail.com","cliNotificacion":true,"cliIsActive":true,"empId":null,"empNombreComercial":"Albin Wurst Lima","cliFechaCreacion":null},{"cliId":23,"cliTelefono":"970180034","cliNombre":"JHAN","cliCorreo":"wanda@hotmail.com","cliNotificacion":true,"cliIsActive":true,"empId":null,"empNombreComercial":"Albin Wurst Lima","cliFechaCreacion":null},{"cliId":24,"cliTelefono":"970180035","cliNombre":"ROMEO","cliCorreo":"giomar@hotmail.com","cliNotificacion":true,"cliIsActive":true,"empId":null,"empNombreComercial":"Innovaciones Tech","cliFechaCreacion":null}]
[INFO ] [11-11-2024 22:34:50] [FxComunes                      :: 68  ] - Trae empresa admin [{"empId":1,"empNombreComercial":"Albin Wurst Lima"},{"empId":4,"empNombreComercial":"Innovaciones Tech"}]
[INFO ] [11-11-2024 22:34:53] [ClienteImpl                    :: 64  ] - Implements :: findById :: 23
[INFO ] [11-11-2024 22:34:54] [FxComunes                      :: 68  ] - POR CLIENTE ID {"cliId":23,"cliTelefono":"970180034","cliNombre":"JHAN","cliCorreo":"wanda@hotmail.com","cliNotificacion":true,"cliIsActive":true,"empId":1,"empNombreComercial":null,"cliFechaCreacion":null}
[INFO ] [11-11-2024 22:34:54] [FxComunes                      :: 68  ] - POR EMPRESA ID [{"empId":1,"empNombreComercial":"Albin Wurst Lima"},{"empId":4,"empNombreComercial":"Innovaciones Tech"}]
[INFO ] [11-11-2024 22:34:57] [FxComunes                      :: 68  ] - lo que trae al editar cliente{"cliId":23,"cliTelefono":"970180034","cliNombre":"JHAN","cliCorreo":"wanda@hotmail.com","cliNotificacion":true,"cliIsActive":true,"empId":4,"empNombreComercial":null,"cliFechaCreacion":null}
[INFO ] [11-11-2024 22:34:57] [WClienteController             :: 73  ] - Controller :: loadEmpresasByRole
[INFO ] [11-11-2024 22:34:57] [ClienteImpl                    :: 39  ] - Implements :: findAllDto
[INFO ] [11-11-2024 22:34:57] [ClienteImpl                    :: 41  ] -  --------------- [org.springframework.data.jpa.repository.query.AbstractJpaQuery$TupleConverter$TupleBackedMap@2a6ded1d, org.springframework.data.jpa.repository.query.AbstractJpaQuery$TupleConverter$TupleBackedMap@593ca5fa, org.springframework.data.jpa.repository.query.AbstractJpaQuery$TupleConverter$TupleBackedMap@6c731d0c, org.springframework.data.jpa.repository.query.AbstractJpaQuery$TupleConverter$TupleBackedMap@259ae320]
[INFO ] [11-11-2024 22:34:57] [FxComunes                      :: 68  ] - objeto result[{"cliId":14,"cliNotificacion":true,"cliCorreo":"correito@correo.com","empNombreComercial":"Albin Wurst Lima","cliIsActive":true,"cliNombre":"LOBATON","cliTelefono":"970180034"},{"cliNombre":"GIOMAR","cliTelefono":"970180359","cliNotificacion":true,"cliId":22,"empNombreComercial":"Albin Wurst Lima","cliIsActive":true,"cliCorreo":"giomar@hotmail.com"},{"cliNotificacion":true,"empNombreComercial":"Innovaciones Tech","cliId":23,"cliIsActive":true,"cliNombre":"JHAN","cliCorreo":"wanda@hotmail.com","cliTelefono":"970180034"},{"cliNotificacion":true,"cliId":24,"cliNombre":"ROMEO","empNombreComercial":"Innovaciones Tech","cliIsActive":true,"cliCorreo":"giomar@hotmail.com","cliTelefono":"970180035"}]
[INFO ] [11-11-2024 22:34:57] [FxComunes                      :: 68  ] - QUE LLEGA DE ADMINISTRADOR[{"cliId":14,"cliTelefono":"970180034","cliNombre":"LOBATON","cliCorreo":"correito@correo.com","cliNotificacion":true,"cliIsActive":true,"empId":null,"empNombreComercial":"Albin Wurst Lima","cliFechaCreacion":null},{"cliId":22,"cliTelefono":"970180359","cliNombre":"GIOMAR","cliCorreo":"giomar@hotmail.com","cliNotificacion":true,"cliIsActive":true,"empId":null,"empNombreComercial":"Albin Wurst Lima","cliFechaCreacion":null},{"cliId":23,"cliTelefono":"970180034","cliNombre":"JHAN","cliCorreo":"wanda@hotmail.com","cliNotificacion":true,"cliIsActive":true,"empId":null,"empNombreComercial":"Innovaciones Tech","cliFechaCreacion":null},{"cliId":24,"cliTelefono":"970180035","cliNombre":"ROMEO","cliCorreo":"giomar@hotmail.com","cliNotificacion":true,"cliIsActive":true,"empId":null,"empNombreComercial":"Innovaciones Tech","cliFechaCreacion":null}]
[INFO ] [11-11-2024 22:34:57] [FxComunes                      :: 68  ] - Trae empresa admin [{"empId":1,"empNombreComercial":"Albin Wurst Lima"},{"empId":4,"empNombreComercial":"Innovaciones Tech"}]
[INFO ] [11-11-2024 22:35:07] [UsuarioImpl                    :: 83  ] - Implements :: findById :: 2
[INFO ] [11-11-2024 22:35:12] [EmpresaCajaImpl                :: 114 ] - Implements :: obtenerCajasPorEmpresa1
[INFO ] [11-11-2024 22:35:12] [WEmpresaCajaController         :: 39  ] - Controller :: findSucursalesAndUsuariosByEmpresa :: empresaId=1
[INFO ] [11-11-2024 22:35:12] [EmpresaImpl                    :: 78  ] - Implements :: obtenerSucursalesPorEmpresa :: 1
[INFO ] [11-11-2024 22:35:12] [FxComunes                      :: 68  ] - que trae cajas por empresa []
[INFO ] [11-11-2024 22:35:12] [WEmpresaCajaController         :: 39  ] - Controller :: findSucursalesAndUsuariosByEmpresa :: empresaId=1
[INFO ] [11-11-2024 22:35:12] [EmpresaImpl                    :: 78  ] - Implements :: obtenerSucursalesPorEmpresa :: 1
[DEBUG] [11-11-2024 23:15:28] [UsuarioImpl                    :: 208 ] - Implements :: findByUsuUsername :: JHAN.MORENO
[DEBUG] [11-11-2024 23:15:28] [UsuarioImpl                    :: 192 ] - Implements :: findUsuarioAuthorityByUsuId :: 2
[INFO ] [11-11-2024 23:15:28] [EmpresaImpl                    :: 55  ] - Implements :: findById :: 1
[INFO ] [11-11-2024 23:15:28] [WLoginController               :: 61  ] - Usuario logueado: JHAN.MORENO
[INFO ] [11-11-2024 23:15:28] [WLoginController               :: 62  ] - Estado de la empresa (activo/inactivo): true
[INFO ] [11-11-2024 23:15:28] [WLoginController               :: 75  ] - emprsa session : 1
[INFO ] [11-11-2024 23:15:28] [FxComunes                      :: 68  ] - PedidosEstado{"DESCARTADO":null,"EN_PROCESO":null,"REGISTRADO":null,"ATENDIDO":null,"PAGADO":null}
