[WARN ] [29-11-2024 10:29:37] [HikariPool                     :: 788 ] - HikariPool-1 - Thread starvation or clock leap detected (housekeeper delta=8h14m51s122ms960µs).
[WARN ] [29-11-2024 11:25:29] [HikariPool                     :: 788 ] - HikariPool-1 - Thread starvation or clock leap detected (housekeeper delta=53m21s461ms763µs).
[DEBUG] [29-11-2024 12:34:21] [UsuarioImpl                    :: 219 ] - Implements :: findByUsuUsername :: JHAN.MORENO
[DEBUG] [29-11-2024 12:34:21] [UsuarioImpl                    :: 193 ] - Implements :: findUsuarioAuthorityByUsuId :: 2
[INFO ] [29-11-2024 12:34:21] [EmpresaImpl                    :: 55  ] - Implements :: findById :: 1
[INFO ] [29-11-2024 12:34:21] [WLoginController               :: 61  ] - Usuario logueado: JHAN.MORENO
[INFO ] [29-11-2024 12:34:21] [WLoginController               :: 62  ] - Estado de la empresa (activo/inactivo): true
[INFO ] [29-11-2024 12:34:21] [WLoginController               :: 75  ] - emprsa session : 1
[INFO ] [29-11-2024 12:34:22] [FxComunes                      :: 68  ] - PedidosEstado{"DESCARTADO":null,"EN_PROCESO":null,"REGISTRADO":null,"ATENDIDO":null,"PAGADO":null}
[INFO ] [29-11-2024 12:34:34] [WEmpresaCajaController         :: 41  ] - Controller :: findSucursalesAndUsuariosByEmpresa :: empresaId=1
[INFO ] [29-11-2024 12:34:34] [EmpresaCajaImpl                :: 141 ] - Implements :: obtenerCajasPorEmpresa1
[INFO ] [29-11-2024 12:34:34] [EmpresaImpl                    :: 78  ] - Implements :: obtenerSucursalesPorEmpresa :: 1
[INFO ] [29-11-2024 12:34:34] [FxComunes                      :: 68  ] - que trae cajas por empresa [{"cajaId":120,"empPadreId":1,"cajaFechaApertura":1732681464737,"cajaFechaCierre":1732759763143,"cajaMontoInicial":0.0,"cajaMontoFinal":30.0,"cajaAsignada":"Albin Wurst Sucursal 1","sucursalId":null,"cajaUsuarioApertura":2,"cajaUsuarioCierre":2,"cajaEstado":false,"cajaUsuarioCierreNombre":null,"cajaUsuarioAperturaNombre":null},{"cajaId":119,"empPadreId":1,"cajaFechaApertura":1731973660830,"cajaFechaCierre":1731974485017,"cajaMontoInicial":0.0,"cajaMontoFinal":10.0,"cajaAsignada":"Albin Wurst Sucursal 1","sucursalId":null,"cajaUsuarioApertura":2,"cajaUsuarioCierre":2,"cajaEstado":false,"cajaUsuarioCierreNombre":null,"cajaUsuarioAperturaNombre":null},{"cajaId":118,"empPadreId":1,"cajaFechaApertura":1731635992847,"cajaFechaCierre":1731636590137,"cajaMontoInicial":0.0,"cajaMontoFinal":10.0,"cajaAsignada":"Albin Wurst Sucursal 1","sucursalId":null,"cajaUsuarioApertura":2,"cajaUsuarioCierre":2,"cajaEstado":false,"cajaUsuarioCierreNombre":null,"cajaUsuarioAperturaNombre":null},{"cajaId":117,"empPadreId":1,"cajaFechaApertura":1731633098117,"cajaFechaCierre":1731633147350,"cajaMontoInicial":0.0,"cajaMontoFinal":15.0,"cajaAsignada":"Feria San Miguel","sucursalId":null,"cajaUsuarioApertura":2,"cajaUsuarioCierre":2,"cajaEstado":false,"cajaUsuarioCierreNombre":null,"cajaUsuarioAperturaNombre":null},{"cajaId":116,"empPadreId":1,"cajaFechaApertura":1731586897053,"cajaFechaCierre":1731627205467,"cajaMontoInicial":0.0,"cajaMontoFinal":35.0,"cajaAsignada":"Albin Wurst Sucursal 1","sucursalId":null,"cajaUsuarioApertura":2,"cajaUsuarioCierre":2,"cajaEstado":false,"cajaUsuarioCierreNombre":null,"cajaUsuarioAperturaNombre":null},{"cajaId":115,"empPadreId":1,"cajaFechaApertura":1731586169340,"cajaFechaCierre":1731586244727,"cajaMontoInicial":0.0,"cajaMontoFinal":50.0,"cajaAsignada":"Feria San Miguel","sucursalId":null,"cajaUsuarioApertura":2,"cajaUsuarioCierre":2,"cajaEstado":false,"cajaUsuarioCierreNombre":null,"cajaUsuarioAperturaNombre":null},{"cajaId":100,"empPadreId":1,"cajaFechaApertura":1731543989040,"cajaFechaCierre":1731573323663,"cajaMontoInicial":0.0,"cajaMontoFinal":30.0,"cajaAsignada":"Albin Wurst Sucursal 1","sucursalId":null,"cajaUsuarioApertura":2,"cajaUsuarioCierre":2,"cajaEstado":false,"cajaUsuarioCierreNombre":null,"cajaUsuarioAperturaNombre":null},{"cajaId":99,"empPadreId":1,"cajaFechaApertura":1731542953210,"cajaFechaCierre":1731542969663,"cajaMontoInicial":0.0,"cajaMontoFinal":0.0,"cajaAsignada":"Albin Wurst Sucursal 2","sucursalId":null,"cajaUsuarioApertura":68,"cajaUsuarioCierre":2,"cajaEstado":false,"cajaUsuarioCierreNombre":null,"cajaUsuarioAperturaNombre":null},{"cajaId":98,"empPadreId":1,"cajaFechaApertura":1731542669267,"cajaFechaCierre":1731543218187,"cajaMontoInicial":0.0,"cajaMontoFinal":0.0,"cajaAsignada":"Feria San Miguel","sucursalId":null,"cajaUsuarioApertura":68,"cajaUsuarioCierre":2,"cajaEstado":false,"cajaUsuarioCierreNombre":null,"cajaUsuarioAperturaNombre":null},{"cajaId":96,"empPadreId":1,"cajaFechaApertura":1731535944897,"cajaFechaCierre":1731543223553,"cajaMontoInicial":0.0,"cajaMontoFinal":0.0,"cajaAsignada":"Albin Wurst Sucursal 1","sucursalId":null,"cajaUsuarioApertura":2,"cajaUsuarioCierre":2,"cajaEstado":false,"cajaUsuarioCierreNombre":null,"cajaUsuarioAperturaNombre":null}]
[WARN ] [29-11-2024 13:32:51] [PageNotFound                   :: 1283] - No mapping for GET /kenpis/caja/listar-cajas-activas/
[DEBUG] [29-11-2024 13:32:56] [UsuarioImpl                    :: 219 ] - Implements :: findByUsuUsername :: JHAN.MORENO
[DEBUG] [29-11-2024 13:32:56] [UsuarioImpl                    :: 193 ] - Implements :: findUsuarioAuthorityByUsuId :: 2
[INFO ] [29-11-2024 13:32:56] [EmpresaImpl                    :: 55  ] - Implements :: findById :: 1
[INFO ] [29-11-2024 13:32:56] [WLoginController               :: 61  ] - Usuario logueado: JHAN.MORENO
[INFO ] [29-11-2024 13:32:56] [WLoginController               :: 62  ] - Estado de la empresa (activo/inactivo): true
[INFO ] [29-11-2024 13:32:56] [WLoginController               :: 75  ] - emprsa session : 1
[INFO ] [29-11-2024 13:32:56] [FxComunes                      :: 68  ] - PedidosEstado{"DESCARTADO":null,"EN_PROCESO":null,"REGISTRADO":null,"ATENDIDO":null,"PAGADO":null}
[INFO ] [29-11-2024 13:33:13] [WEmpresaCajaController         :: 41  ] - Controller :: findSucursalesAndUsuariosByEmpresa :: empresaId=1
[INFO ] [29-11-2024 13:33:13] [EmpresaImpl                    :: 78  ] - Implements :: obtenerSucursalesPorEmpresa :: 1
[INFO ] [29-11-2024 13:33:13] [EmpresaCajaImpl                :: 141 ] - Implements :: obtenerCajasPorEmpresa1
[INFO ] [29-11-2024 13:33:13] [FxComunes                      :: 68  ] - que trae cajas por empresa [{"cajaId":120,"empPadreId":1,"cajaFechaApertura":1732681464737,"cajaFechaCierre":1732759763143,"cajaMontoInicial":0.0,"cajaMontoFinal":30.0,"cajaAsignada":"Albin Wurst Sucursal 1","sucursalId":null,"cajaUsuarioApertura":2,"cajaUsuarioCierre":2,"cajaEstado":false,"cajaUsuarioCierreNombre":null,"cajaUsuarioAperturaNombre":null},{"cajaId":119,"empPadreId":1,"cajaFechaApertura":1731973660830,"cajaFechaCierre":1731974485017,"cajaMontoInicial":0.0,"cajaMontoFinal":10.0,"cajaAsignada":"Albin Wurst Sucursal 1","sucursalId":null,"cajaUsuarioApertura":2,"cajaUsuarioCierre":2,"cajaEstado":false,"cajaUsuarioCierreNombre":null,"cajaUsuarioAperturaNombre":null},{"cajaId":118,"empPadreId":1,"cajaFechaApertura":1731635992847,"cajaFechaCierre":1731636590137,"cajaMontoInicial":0.0,"cajaMontoFinal":10.0,"cajaAsignada":"Albin Wurst Sucursal 1","sucursalId":null,"cajaUsuarioApertura":2,"cajaUsuarioCierre":2,"cajaEstado":false,"cajaUsuarioCierreNombre":null,"cajaUsuarioAperturaNombre":null},{"cajaId":117,"empPadreId":1,"cajaFechaApertura":1731633098117,"cajaFechaCierre":1731633147350,"cajaMontoInicial":0.0,"cajaMontoFinal":15.0,"cajaAsignada":"Feria San Miguel","sucursalId":null,"cajaUsuarioApertura":2,"cajaUsuarioCierre":2,"cajaEstado":false,"cajaUsuarioCierreNombre":null,"cajaUsuarioAperturaNombre":null},{"cajaId":116,"empPadreId":1,"cajaFechaApertura":1731586897053,"cajaFechaCierre":1731627205467,"cajaMontoInicial":0.0,"cajaMontoFinal":35.0,"cajaAsignada":"Albin Wurst Sucursal 1","sucursalId":null,"cajaUsuarioApertura":2,"cajaUsuarioCierre":2,"cajaEstado":false,"cajaUsuarioCierreNombre":null,"cajaUsuarioAperturaNombre":null},{"cajaId":115,"empPadreId":1,"cajaFechaApertura":1731586169340,"cajaFechaCierre":1731586244727,"cajaMontoInicial":0.0,"cajaMontoFinal":50.0,"cajaAsignada":"Feria San Miguel","sucursalId":null,"cajaUsuarioApertura":2,"cajaUsuarioCierre":2,"cajaEstado":false,"cajaUsuarioCierreNombre":null,"cajaUsuarioAperturaNombre":null},{"cajaId":100,"empPadreId":1,"cajaFechaApertura":1731543989040,"cajaFechaCierre":1731573323663,"cajaMontoInicial":0.0,"cajaMontoFinal":30.0,"cajaAsignada":"Albin Wurst Sucursal 1","sucursalId":null,"cajaUsuarioApertura":2,"cajaUsuarioCierre":2,"cajaEstado":false,"cajaUsuarioCierreNombre":null,"cajaUsuarioAperturaNombre":null},{"cajaId":99,"empPadreId":1,"cajaFechaApertura":1731542953210,"cajaFechaCierre":1731542969663,"cajaMontoInicial":0.0,"cajaMontoFinal":0.0,"cajaAsignada":"Albin Wurst Sucursal 2","sucursalId":null,"cajaUsuarioApertura":68,"cajaUsuarioCierre":2,"cajaEstado":false,"cajaUsuarioCierreNombre":null,"cajaUsuarioAperturaNombre":null},{"cajaId":98,"empPadreId":1,"cajaFechaApertura":1731542669267,"cajaFechaCierre":1731543218187,"cajaMontoInicial":0.0,"cajaMontoFinal":0.0,"cajaAsignada":"Feria San Miguel","sucursalId":null,"cajaUsuarioApertura":68,"cajaUsuarioCierre":2,"cajaEstado":false,"cajaUsuarioCierreNombre":null,"cajaUsuarioAperturaNombre":null},{"cajaId":96,"empPadreId":1,"cajaFechaApertura":1731535944897,"cajaFechaCierre":1731543223553,"cajaMontoInicial":0.0,"cajaMontoFinal":0.0,"cajaAsignada":"Albin Wurst Sucursal 1","sucursalId":null,"cajaUsuarioApertura":2,"cajaUsuarioCierre":2,"cajaEstado":false,"cajaUsuarioCierreNombre":null,"cajaUsuarioAperturaNombre":null}]
[INFO ] [29-11-2024 13:51:08] [LocalContainerEntityManagerFactoryBean :: 651 ] - Closing JPA EntityManagerFactory for persistence unit 'default'
[INFO ] [29-11-2024 13:51:08] [HikariDataSource               :: 350 ] - HikariPool-1 - Shutdown initiated...
[INFO ] [29-11-2024 13:51:08] [HikariDataSource               :: 352 ] - HikariPool-1 - Shutdown completed.
[INFO ] [29-11-2024 13:51:21] [KenpisApplication              :: 55  ] - Starting KenpisApplication using Java 12.0.2 on Giomar with PID 40924 (C:\Sistemas\kenpis\target\classes started by creo0 in C:\Sistemas\kenpis)
[DEBUG] [29-11-2024 13:51:21] [KenpisApplication              :: 56  ] - Running with Spring Boot v2.7.18, Spring v5.3.31
[INFO ] [29-11-2024 13:51:21] [KenpisApplication              :: 638 ] - The following 1 profile is active: "dev"
[INFO ] [29-11-2024 13:51:21] [DevToolsPropertyDefaultsPostProcessor :: 255 ] - Devtools property defaults active! Set 'spring.devtools.add-properties' to 'false' to disable
[INFO ] [29-11-2024 13:51:21] [RepositoryConfigurationDelegate :: 132 ] - Bootstrapping Spring Data JPA repositories in DEFAULT mode.
[INFO ] [29-11-2024 13:51:21] [RepositoryConfigurationDelegate :: 201 ] - Finished Spring Data repository scanning in 83 ms. Found 13 JPA repository interfaces.
[INFO ] [29-11-2024 13:51:22] [TomcatWebServer                :: 108 ] - Tomcat initialized with port(s): 8080 (http)
[INFO ] [29-11-2024 13:51:22] [Http11NioProtocol              :: 173 ] - Initializing ProtocolHandler ["http-nio-8080"]
[INFO ] [29-11-2024 13:51:22] [StandardService                :: 173 ] - Starting service [Tomcat]
[INFO ] [29-11-2024 13:51:22] [StandardEngine                 :: 173 ] - Starting Servlet engine: [Apache Tomcat/9.0.83]
[INFO ] [29-11-2024 13:51:22] [TldScanner                     :: 173 ] - At least one JAR was scanned for TLDs yet contained no TLDs. Enable debug logging for this logger for a complete list of JARs that were scanned but no TLDs were found in them. Skipping unneeded JARs during scanning can improve startup time and JSP compilation time.
[INFO ] [29-11-2024 13:51:22] [[/]                            :: 173 ] - Initializing Spring embedded WebApplicationContext
[INFO ] [29-11-2024 13:51:22] [ServletWebServerApplicationContext :: 292 ] - Root WebApplicationContext: initialization completed in 1643 ms
[INFO ] [29-11-2024 13:51:23] [LogHelper                      :: 31  ] - HHH000204: Processing PersistenceUnitInfo [name: default]
[INFO ] [29-11-2024 13:51:23] [Version                        :: 44  ] - HHH000412: Hibernate ORM core version 5.6.15.Final
[INFO ] [29-11-2024 13:51:23] [Version                        :: 56  ] - HCANN000001: Hibernate Commons Annotations {5.1.2.Final}
[INFO ] [29-11-2024 13:51:23] [HikariDataSource               :: 110 ] - HikariPool-1 - Starting...
[INFO ] [29-11-2024 13:51:23] [HikariDataSource               :: 123 ] - HikariPool-1 - Start completed.
[INFO ] [29-11-2024 13:51:23] [Dialect                        :: 175 ] - HHH000400: Using dialect: org.hibernate.dialect.SQLServerDialect
[INFO ] [29-11-2024 13:51:25] [JtaPlatformInitiator           :: 52  ] - HHH000490: Using JtaPlatform implementation: [org.hibernate.engine.transaction.jta.platform.internal.NoJtaPlatform]
[INFO ] [29-11-2024 13:51:25] [LocalContainerEntityManagerFactoryBean :: 437 ] - Initialized JPA EntityManagerFactory for persistence unit 'default'
[INFO ] [29-11-2024 13:51:25] [DefaultSecurityFilterChain     :: 55  ] - Will secure any request with [org.springframework.security.web.session.DisableEncodeUrlFilter@5fc0e290, org.springframework.security.web.context.request.async.WebAsyncManagerIntegrationFilter@5d48ccd7, org.springframework.security.web.context.SecurityContextPersistenceFilter@73ff75bb, org.springframework.security.web.header.HeaderWriterFilter@51b6769, org.springframework.security.web.authentication.logout.LogoutFilter@1a62fb86, org.springframework.security.web.authentication.UsernamePasswordAuthenticationFilter@25c784db, org.springframework.security.web.savedrequest.RequestCacheAwareFilter@152a18e9, org.springframework.security.web.servletapi.SecurityContextHolderAwareRequestFilter@723e2386, org.springframework.security.web.authentication.AnonymousAuthenticationFilter@58da72eb, org.springframework.security.web.session.SessionManagementFilter@50ad8d10, org.springframework.security.web.access.ExceptionTranslationFilter@62c57bb7, org.springframework.security.web.access.intercept.FilterSecurityInterceptor@6d37d482]
[INFO ] [29-11-2024 13:51:25] [WelcomePageHandlerMapping      :: 60  ] - Adding welcome page template: index
[INFO ] [29-11-2024 13:51:26] [OptionalLiveReloadServer       :: 59  ] - LiveReload server is running on port 35729
[INFO ] [29-11-2024 13:51:26] [Http11NioProtocol              :: 173 ] - Starting ProtocolHandler ["http-nio-8080"]
[INFO ] [29-11-2024 13:51:26] [TomcatWebServer                :: 220 ] - Tomcat started on port(s): 8080 (http) with context path ''
[INFO ] [29-11-2024 13:51:26] [KenpisApplication              :: 61  ] - Started KenpisApplication in 5.808 seconds (JVM running for 6.404)
[INFO ] [29-11-2024 13:51:31] [[/]                            :: 173 ] - Initializing Spring DispatcherServlet 'dispatcherServlet'
[INFO ] [29-11-2024 13:51:31] [DispatcherServlet              :: 525 ] - Initializing Servlet 'dispatcherServlet'
[INFO ] [29-11-2024 13:51:31] [DispatcherServlet              :: 547 ] - Completed initialization in 1 ms
[DEBUG] [29-11-2024 13:51:31] [UsuarioImpl                    :: 219 ] - Implements :: findByUsuUsername :: JHAN.MORENO
[DEBUG] [29-11-2024 13:51:32] [UsuarioImpl                    :: 193 ] - Implements :: findUsuarioAuthorityByUsuId :: 2
[INFO ] [29-11-2024 13:51:32] [EmpresaImpl                    :: 55  ] - Implements :: findById :: 1
[INFO ] [29-11-2024 13:51:32] [WLoginController               :: 61  ] - Usuario logueado: JHAN.MORENO
[INFO ] [29-11-2024 13:51:32] [WLoginController               :: 62  ] - Estado de la empresa (activo/inactivo): true
[INFO ] [29-11-2024 13:51:32] [WLoginController               :: 75  ] - emprsa session : 1
[INFO ] [29-11-2024 13:51:32] [FxComunes                      :: 68  ] - PedidosEstado{"DESCARTADO":null,"EN_PROCESO":null,"REGISTRADO":null,"ATENDIDO":null,"PAGADO":null}
[INFO ] [29-11-2024 13:51:37] [WEmpresaCajaController         :: 41  ] - Controller :: findSucursalesAndUsuariosByEmpresa :: empresaId=1
[INFO ] [29-11-2024 13:51:37] [EmpresaCajaImpl                :: 141 ] - Implements :: obtenerCajasPorEmpresa1
[INFO ] [29-11-2024 13:51:37] [EmpresaImpl                    :: 78  ] - Implements :: obtenerSucursalesPorEmpresa :: 1
[INFO ] [29-11-2024 13:51:37] [FxComunes                      :: 68  ] - que trae cajas por empresa [{"cajaId":120,"empPadreId":1,"cajaFechaApertura":1732681464737,"cajaFechaCierre":1732759763143,"cajaMontoInicial":0.0,"cajaMontoFinal":30.0,"cajaAsignada":"Albin Wurst Sucursal 1","sucursalId":null,"cajaUsuarioApertura":2,"cajaUsuarioCierre":2,"cajaEstado":false,"cajaUsuarioCierreNombre":null,"cajaUsuarioAperturaNombre":null},{"cajaId":119,"empPadreId":1,"cajaFechaApertura":1731973660830,"cajaFechaCierre":1731974485017,"cajaMontoInicial":0.0,"cajaMontoFinal":10.0,"cajaAsignada":"Albin Wurst Sucursal 1","sucursalId":null,"cajaUsuarioApertura":2,"cajaUsuarioCierre":2,"cajaEstado":false,"cajaUsuarioCierreNombre":null,"cajaUsuarioAperturaNombre":null},{"cajaId":118,"empPadreId":1,"cajaFechaApertura":1731635992847,"cajaFechaCierre":1731636590137,"cajaMontoInicial":0.0,"cajaMontoFinal":10.0,"cajaAsignada":"Albin Wurst Sucursal 1","sucursalId":null,"cajaUsuarioApertura":2,"cajaUsuarioCierre":2,"cajaEstado":false,"cajaUsuarioCierreNombre":null,"cajaUsuarioAperturaNombre":null},{"cajaId":117,"empPadreId":1,"cajaFechaApertura":1731633098117,"cajaFechaCierre":1731633147350,"cajaMontoInicial":0.0,"cajaMontoFinal":15.0,"cajaAsignada":"Feria San Miguel","sucursalId":null,"cajaUsuarioApertura":2,"cajaUsuarioCierre":2,"cajaEstado":false,"cajaUsuarioCierreNombre":null,"cajaUsuarioAperturaNombre":null},{"cajaId":116,"empPadreId":1,"cajaFechaApertura":1731586897053,"cajaFechaCierre":1731627205467,"cajaMontoInicial":0.0,"cajaMontoFinal":35.0,"cajaAsignada":"Albin Wurst Sucursal 1","sucursalId":null,"cajaUsuarioApertura":2,"cajaUsuarioCierre":2,"cajaEstado":false,"cajaUsuarioCierreNombre":null,"cajaUsuarioAperturaNombre":null},{"cajaId":115,"empPadreId":1,"cajaFechaApertura":1731586169340,"cajaFechaCierre":1731586244727,"cajaMontoInicial":0.0,"cajaMontoFinal":50.0,"cajaAsignada":"Feria San Miguel","sucursalId":null,"cajaUsuarioApertura":2,"cajaUsuarioCierre":2,"cajaEstado":false,"cajaUsuarioCierreNombre":null,"cajaUsuarioAperturaNombre":null},{"cajaId":100,"empPadreId":1,"cajaFechaApertura":1731543989040,"cajaFechaCierre":1731573323663,"cajaMontoInicial":0.0,"cajaMontoFinal":30.0,"cajaAsignada":"Albin Wurst Sucursal 1","sucursalId":null,"cajaUsuarioApertura":2,"cajaUsuarioCierre":2,"cajaEstado":false,"cajaUsuarioCierreNombre":null,"cajaUsuarioAperturaNombre":null},{"cajaId":99,"empPadreId":1,"cajaFechaApertura":1731542953210,"cajaFechaCierre":1731542969663,"cajaMontoInicial":0.0,"cajaMontoFinal":0.0,"cajaAsignada":"Albin Wurst Sucursal 2","sucursalId":null,"cajaUsuarioApertura":68,"cajaUsuarioCierre":2,"cajaEstado":false,"cajaUsuarioCierreNombre":null,"cajaUsuarioAperturaNombre":null},{"cajaId":98,"empPadreId":1,"cajaFechaApertura":1731542669267,"cajaFechaCierre":1731543218187,"cajaMontoInicial":0.0,"cajaMontoFinal":0.0,"cajaAsignada":"Feria San Miguel","sucursalId":null,"cajaUsuarioApertura":68,"cajaUsuarioCierre":2,"cajaEstado":false,"cajaUsuarioCierreNombre":null,"cajaUsuarioAperturaNombre":null},{"cajaId":96,"empPadreId":1,"cajaFechaApertura":1731535944897,"cajaFechaCierre":1731543223553,"cajaMontoInicial":0.0,"cajaMontoFinal":0.0,"cajaAsignada":"Albin Wurst Sucursal 1","sucursalId":null,"cajaUsuarioApertura":2,"cajaUsuarioCierre":2,"cajaEstado":false,"cajaUsuarioCierreNombre":null,"cajaUsuarioAperturaNombre":null}]
[INFO ] [29-11-2024 13:51:39] [WEmpresaCajaController         :: 41  ] - Controller :: findSucursalesAndUsuariosByEmpresa :: empresaId=1
[INFO ] [29-11-2024 13:51:39] [EmpresaImpl                    :: 78  ] - Implements :: obtenerSucursalesPorEmpresa :: 1
[INFO ] [29-11-2024 13:51:42] [EmpresaCajaImpl                :: 141 ] - Implements :: obtenerCajasPorEmpresa1
[INFO ] [29-11-2024 13:51:42] [FxComunes                      :: 68  ] - que trae cajas por empresa [{"cajaId":121,"empPadreId":1,"cajaFechaApertura":1732906302647,"cajaFechaCierre":null,"cajaMontoInicial":0.0,"cajaMontoFinal":0.0,"cajaAsignada":"Albin Wurst Sucursal 1","sucursalId":null,"cajaUsuarioApertura":2,"cajaUsuarioCierre":null,"cajaEstado":true,"cajaUsuarioCierreNombre":null,"cajaUsuarioAperturaNombre":null},{"cajaId":120,"empPadreId":1,"cajaFechaApertura":1732681464737,"cajaFechaCierre":1732759763143,"cajaMontoInicial":0.0,"cajaMontoFinal":30.0,"cajaAsignada":"Albin Wurst Sucursal 1","sucursalId":null,"cajaUsuarioApertura":2,"cajaUsuarioCierre":2,"cajaEstado":false,"cajaUsuarioCierreNombre":null,"cajaUsuarioAperturaNombre":null},{"cajaId":119,"empPadreId":1,"cajaFechaApertura":1731973660830,"cajaFechaCierre":1731974485017,"cajaMontoInicial":0.0,"cajaMontoFinal":10.0,"cajaAsignada":"Albin Wurst Sucursal 1","sucursalId":null,"cajaUsuarioApertura":2,"cajaUsuarioCierre":2,"cajaEstado":false,"cajaUsuarioCierreNombre":null,"cajaUsuarioAperturaNombre":null},{"cajaId":118,"empPadreId":1,"cajaFechaApertura":1731635992847,"cajaFechaCierre":1731636590137,"cajaMontoInicial":0.0,"cajaMontoFinal":10.0,"cajaAsignada":"Albin Wurst Sucursal 1","sucursalId":null,"cajaUsuarioApertura":2,"cajaUsuarioCierre":2,"cajaEstado":false,"cajaUsuarioCierreNombre":null,"cajaUsuarioAperturaNombre":null},{"cajaId":117,"empPadreId":1,"cajaFechaApertura":1731633098117,"cajaFechaCierre":1731633147350,"cajaMontoInicial":0.0,"cajaMontoFinal":15.0,"cajaAsignada":"Feria San Miguel","sucursalId":null,"cajaUsuarioApertura":2,"cajaUsuarioCierre":2,"cajaEstado":false,"cajaUsuarioCierreNombre":null,"cajaUsuarioAperturaNombre":null},{"cajaId":116,"empPadreId":1,"cajaFechaApertura":1731586897053,"cajaFechaCierre":1731627205467,"cajaMontoInicial":0.0,"cajaMontoFinal":35.0,"cajaAsignada":"Albin Wurst Sucursal 1","sucursalId":null,"cajaUsuarioApertura":2,"cajaUsuarioCierre":2,"cajaEstado":false,"cajaUsuarioCierreNombre":null,"cajaUsuarioAperturaNombre":null},{"cajaId":115,"empPadreId":1,"cajaFechaApertura":1731586169340,"cajaFechaCierre":1731586244727,"cajaMontoInicial":0.0,"cajaMontoFinal":50.0,"cajaAsignada":"Feria San Miguel","sucursalId":null,"cajaUsuarioApertura":2,"cajaUsuarioCierre":2,"cajaEstado":false,"cajaUsuarioCierreNombre":null,"cajaUsuarioAperturaNombre":null},{"cajaId":100,"empPadreId":1,"cajaFechaApertura":1731543989040,"cajaFechaCierre":1731573323663,"cajaMontoInicial":0.0,"cajaMontoFinal":30.0,"cajaAsignada":"Albin Wurst Sucursal 1","sucursalId":null,"cajaUsuarioApertura":2,"cajaUsuarioCierre":2,"cajaEstado":false,"cajaUsuarioCierreNombre":null,"cajaUsuarioAperturaNombre":null},{"cajaId":99,"empPadreId":1,"cajaFechaApertura":1731542953210,"cajaFechaCierre":1731542969663,"cajaMontoInicial":0.0,"cajaMontoFinal":0.0,"cajaAsignada":"Albin Wurst Sucursal 2","sucursalId":null,"cajaUsuarioApertura":68,"cajaUsuarioCierre":2,"cajaEstado":false,"cajaUsuarioCierreNombre":null,"cajaUsuarioAperturaNombre":null},{"cajaId":98,"empPadreId":1,"cajaFechaApertura":1731542669267,"cajaFechaCierre":1731543218187,"cajaMontoInicial":0.0,"cajaMontoFinal":0.0,"cajaAsignada":"Feria San Miguel","sucursalId":null,"cajaUsuarioApertura":68,"cajaUsuarioCierre":2,"cajaEstado":false,"cajaUsuarioCierreNombre":null,"cajaUsuarioAperturaNombre":null},{"cajaId":96,"empPadreId":1,"cajaFechaApertura":1731535944897,"cajaFechaCierre":1731543223553,"cajaMontoInicial":0.0,"cajaMontoFinal":0.0,"cajaAsignada":"Albin Wurst Sucursal 1","sucursalId":null,"cajaUsuarioApertura":2,"cajaUsuarioCierre":2,"cajaEstado":false,"cajaUsuarioCierreNombre":null,"cajaUsuarioAperturaNombre":null}]
[INFO ] [29-11-2024 13:54:10] [LocalContainerEntityManagerFactoryBean :: 651 ] - Closing JPA EntityManagerFactory for persistence unit 'default'
[INFO ] [29-11-2024 13:54:10] [HikariDataSource               :: 350 ] - HikariPool-1 - Shutdown initiated...
[INFO ] [29-11-2024 13:54:10] [HikariDataSource               :: 352 ] - HikariPool-1 - Shutdown completed.
[INFO ] [29-11-2024 13:54:19] [KenpisApplication              :: 55  ] - Starting KenpisApplication using Java 12.0.2 on Giomar with PID 328 (C:\Sistemas\kenpis\target\classes started by creo0 in C:\Sistemas\kenpis)
[DEBUG] [29-11-2024 13:54:19] [KenpisApplication              :: 56  ] - Running with Spring Boot v2.7.18, Spring v5.3.31
[INFO ] [29-11-2024 13:54:19] [KenpisApplication              :: 638 ] - The following 1 profile is active: "dev"
[INFO ] [29-11-2024 13:54:19] [DevToolsPropertyDefaultsPostProcessor :: 255 ] - Devtools property defaults active! Set 'spring.devtools.add-properties' to 'false' to disable
[INFO ] [29-11-2024 13:54:20] [RepositoryConfigurationDelegate :: 132 ] - Bootstrapping Spring Data JPA repositories in DEFAULT mode.
[INFO ] [29-11-2024 13:54:20] [RepositoryConfigurationDelegate :: 201 ] - Finished Spring Data repository scanning in 84 ms. Found 13 JPA repository interfaces.
[INFO ] [29-11-2024 13:54:20] [TomcatWebServer                :: 108 ] - Tomcat initialized with port(s): 8080 (http)
[INFO ] [29-11-2024 13:54:20] [Http11NioProtocol              :: 173 ] - Initializing ProtocolHandler ["http-nio-8080"]
[INFO ] [29-11-2024 13:54:20] [StandardService                :: 173 ] - Starting service [Tomcat]
[INFO ] [29-11-2024 13:54:20] [StandardEngine                 :: 173 ] - Starting Servlet engine: [Apache Tomcat/9.0.83]
[INFO ] [29-11-2024 13:54:21] [TldScanner                     :: 173 ] - At least one JAR was scanned for TLDs yet contained no TLDs. Enable debug logging for this logger for a complete list of JARs that were scanned but no TLDs were found in them. Skipping unneeded JARs during scanning can improve startup time and JSP compilation time.
[INFO ] [29-11-2024 13:54:21] [[/]                            :: 173 ] - Initializing Spring embedded WebApplicationContext
[INFO ] [29-11-2024 13:54:21] [ServletWebServerApplicationContext :: 292 ] - Root WebApplicationContext: initialization completed in 1365 ms
[INFO ] [29-11-2024 13:54:21] [LogHelper                      :: 31  ] - HHH000204: Processing PersistenceUnitInfo [name: default]
[INFO ] [29-11-2024 13:54:21] [Version                        :: 44  ] - HHH000412: Hibernate ORM core version 5.6.15.Final
[INFO ] [29-11-2024 13:54:21] [Version                        :: 56  ] - HCANN000001: Hibernate Commons Annotations {5.1.2.Final}
[INFO ] [29-11-2024 13:54:21] [HikariDataSource               :: 110 ] - HikariPool-1 - Starting...
[INFO ] [29-11-2024 13:54:22] [HikariDataSource               :: 123 ] - HikariPool-1 - Start completed.
[INFO ] [29-11-2024 13:54:22] [Dialect                        :: 175 ] - HHH000400: Using dialect: org.hibernate.dialect.SQLServerDialect
[INFO ] [29-11-2024 13:54:22] [JtaPlatformInitiator           :: 52  ] - HHH000490: Using JtaPlatform implementation: [org.hibernate.engine.transaction.jta.platform.internal.NoJtaPlatform]
[INFO ] [29-11-2024 13:54:22] [LocalContainerEntityManagerFactoryBean :: 437 ] - Initialized JPA EntityManagerFactory for persistence unit 'default'
[INFO ] [29-11-2024 13:54:23] [DefaultSecurityFilterChain     :: 55  ] - Will secure any request with [org.springframework.security.web.session.DisableEncodeUrlFilter@478bf73c, org.springframework.security.web.context.request.async.WebAsyncManagerIntegrationFilter@53d40b74, org.springframework.security.web.context.SecurityContextPersistenceFilter@23b995ed, org.springframework.security.web.header.HeaderWriterFilter@30e23189, org.springframework.security.web.authentication.logout.LogoutFilter@16f17462, org.springframework.security.web.authentication.UsernamePasswordAuthenticationFilter@60766673, org.springframework.security.web.savedrequest.RequestCacheAwareFilter@c27466c, org.springframework.security.web.servletapi.SecurityContextHolderAwareRequestFilter@127bc304, org.springframework.security.web.authentication.AnonymousAuthenticationFilter@743fe993, org.springframework.security.web.session.SessionManagementFilter@23581173, org.springframework.security.web.access.ExceptionTranslationFilter@6b338d5a, org.springframework.security.web.access.intercept.FilterSecurityInterceptor@4e16c05b]
[INFO ] [29-11-2024 13:54:23] [WelcomePageHandlerMapping      :: 60  ] - Adding welcome page template: index
[INFO ] [29-11-2024 13:54:23] [OptionalLiveReloadServer       :: 59  ] - LiveReload server is running on port 35729
[INFO ] [29-11-2024 13:54:23] [Http11NioProtocol              :: 173 ] - Starting ProtocolHandler ["http-nio-8080"]
[INFO ] [29-11-2024 13:54:23] [TomcatWebServer                :: 220 ] - Tomcat started on port(s): 8080 (http) with context path ''
[INFO ] [29-11-2024 13:54:23] [KenpisApplication              :: 61  ] - Started KenpisApplication in 4.509 seconds (JVM running for 5.08)
[INFO ] [29-11-2024 13:54:27] [[/]                            :: 173 ] - Initializing Spring DispatcherServlet 'dispatcherServlet'
[INFO ] [29-11-2024 13:54:27] [DispatcherServlet              :: 525 ] - Initializing Servlet 'dispatcherServlet'
[INFO ] [29-11-2024 13:54:27] [DispatcherServlet              :: 547 ] - Completed initialization in 3 ms
[DEBUG] [29-11-2024 13:54:34] [UsuarioImpl                    :: 219 ] - Implements :: findByUsuUsername :: JHAN.MORENO
[DEBUG] [29-11-2024 13:54:35] [UsuarioImpl                    :: 193 ] - Implements :: findUsuarioAuthorityByUsuId :: 2
[INFO ] [29-11-2024 13:54:35] [EmpresaImpl                    :: 55  ] - Implements :: findById :: 1
[INFO ] [29-11-2024 13:54:35] [WLoginController               :: 61  ] - Usuario logueado: JHAN.MORENO
[INFO ] [29-11-2024 13:54:35] [WLoginController               :: 62  ] - Estado de la empresa (activo/inactivo): true
[INFO ] [29-11-2024 13:54:35] [WLoginController               :: 75  ] - emprsa session : 1
[INFO ] [29-11-2024 13:54:35] [FxComunes                      :: 68  ] - PedidosEstado{"DESCARTADO":null,"EN_PROCESO":null,"REGISTRADO":null,"ATENDIDO":null,"PAGADO":null}
[INFO ] [29-11-2024 13:59:46] [LocalContainerEntityManagerFactoryBean :: 651 ] - Closing JPA EntityManagerFactory for persistence unit 'default'
[INFO ] [29-11-2024 13:59:46] [HikariDataSource               :: 350 ] - HikariPool-1 - Shutdown initiated...
[INFO ] [29-11-2024 13:59:46] [HikariDataSource               :: 352 ] - HikariPool-1 - Shutdown completed.
[INFO ] [29-11-2024 13:59:55] [KenpisApplication              :: 55  ] - Starting KenpisApplication using Java 12.0.2 on Giomar with PID 37788 (C:\Sistemas\kenpis\target\classes started by creo0 in C:\Sistemas\kenpis)
[DEBUG] [29-11-2024 13:59:55] [KenpisApplication              :: 56  ] - Running with Spring Boot v2.7.18, Spring v5.3.31
[INFO ] [29-11-2024 13:59:55] [KenpisApplication              :: 638 ] - The following 1 profile is active: "dev"
[INFO ] [29-11-2024 13:59:55] [DevToolsPropertyDefaultsPostProcessor :: 255 ] - Devtools property defaults active! Set 'spring.devtools.add-properties' to 'false' to disable
[INFO ] [29-11-2024 13:59:56] [RepositoryConfigurationDelegate :: 132 ] - Bootstrapping Spring Data JPA repositories in DEFAULT mode.
[INFO ] [29-11-2024 13:59:56] [RepositoryConfigurationDelegate :: 201 ] - Finished Spring Data repository scanning in 83 ms. Found 13 JPA repository interfaces.
[INFO ] [29-11-2024 13:59:56] [TomcatWebServer                :: 108 ] - Tomcat initialized with port(s): 8080 (http)
[INFO ] [29-11-2024 13:59:56] [Http11NioProtocol              :: 173 ] - Initializing ProtocolHandler ["http-nio-8080"]
[INFO ] [29-11-2024 13:59:56] [StandardService                :: 173 ] - Starting service [Tomcat]
[INFO ] [29-11-2024 13:59:56] [StandardEngine                 :: 173 ] - Starting Servlet engine: [Apache Tomcat/9.0.83]
[INFO ] [29-11-2024 13:59:57] [TldScanner                     :: 173 ] - At least one JAR was scanned for TLDs yet contained no TLDs. Enable debug logging for this logger for a complete list of JARs that were scanned but no TLDs were found in them. Skipping unneeded JARs during scanning can improve startup time and JSP compilation time.
[INFO ] [29-11-2024 13:59:57] [[/]                            :: 173 ] - Initializing Spring embedded WebApplicationContext
[INFO ] [29-11-2024 13:59:57] [ServletWebServerApplicationContext :: 292 ] - Root WebApplicationContext: initialization completed in 2050 ms
[INFO ] [29-11-2024 13:59:58] [LogHelper                      :: 31  ] - HHH000204: Processing PersistenceUnitInfo [name: default]
[INFO ] [29-11-2024 13:59:58] [Version                        :: 44  ] - HHH000412: Hibernate ORM core version 5.6.15.Final
[INFO ] [29-11-2024 13:59:58] [Version                        :: 56  ] - HCANN000001: Hibernate Commons Annotations {5.1.2.Final}
[INFO ] [29-11-2024 13:59:58] [HikariDataSource               :: 110 ] - HikariPool-1 - Starting...
[INFO ] [29-11-2024 13:59:58] [HikariDataSource               :: 123 ] - HikariPool-1 - Start completed.
[INFO ] [29-11-2024 13:59:58] [Dialect                        :: 175 ] - HHH000400: Using dialect: org.hibernate.dialect.SQLServerDialect
[INFO ] [29-11-2024 13:59:59] [JtaPlatformInitiator           :: 52  ] - HHH000490: Using JtaPlatform implementation: [org.hibernate.engine.transaction.jta.platform.internal.NoJtaPlatform]
[INFO ] [29-11-2024 13:59:59] [LocalContainerEntityManagerFactoryBean :: 437 ] - Initialized JPA EntityManagerFactory for persistence unit 'default'
[INFO ] [29-11-2024 14:00:00] [DefaultSecurityFilterChain     :: 55  ] - Will secure any request with [org.springframework.security.web.session.DisableEncodeUrlFilter@2fa8c42b, org.springframework.security.web.context.request.async.WebAsyncManagerIntegrationFilter@19dd33bc, org.springframework.security.web.context.SecurityContextPersistenceFilter@46c73e59, org.springframework.security.web.header.HeaderWriterFilter@5de89c9e, org.springframework.security.web.authentication.logout.LogoutFilter@df84fdd, org.springframework.security.web.authentication.UsernamePasswordAuthenticationFilter@44213ff2, org.springframework.security.web.savedrequest.RequestCacheAwareFilter@4296186a, org.springframework.security.web.servletapi.SecurityContextHolderAwareRequestFilter@38625280, org.springframework.security.web.authentication.AnonymousAuthenticationFilter@5dc0c3c8, org.springframework.security.web.session.SessionManagementFilter@7d53e3ba, org.springframework.security.web.access.ExceptionTranslationFilter@50ece66b, org.springframework.security.web.access.intercept.FilterSecurityInterceptor@61355c99]
[INFO ] [29-11-2024 14:00:00] [WelcomePageHandlerMapping      :: 60  ] - Adding welcome page template: index
[INFO ] [29-11-2024 14:00:01] [OptionalLiveReloadServer       :: 59  ] - LiveReload server is running on port 35729
[INFO ] [29-11-2024 14:00:01] [Http11NioProtocol              :: 173 ] - Starting ProtocolHandler ["http-nio-8080"]
[INFO ] [29-11-2024 14:00:01] [TomcatWebServer                :: 220 ] - Tomcat started on port(s): 8080 (http) with context path ''
[INFO ] [29-11-2024 14:00:01] [KenpisApplication              :: 61  ] - Started KenpisApplication in 6.726 seconds (JVM running for 7.365)
[INFO ] [29-11-2024 14:00:01] [[/]                            :: 173 ] - Initializing Spring DispatcherServlet 'dispatcherServlet'
[INFO ] [29-11-2024 14:00:01] [DispatcherServlet              :: 525 ] - Initializing Servlet 'dispatcherServlet'
[INFO ] [29-11-2024 14:00:01] [DispatcherServlet              :: 547 ] - Completed initialization in 1 ms
[DEBUG] [29-11-2024 14:00:11] [UsuarioImpl                    :: 219 ] - Implements :: findByUsuUsername :: JHAN.MORENO
[DEBUG] [29-11-2024 14:00:11] [UsuarioImpl                    :: 193 ] - Implements :: findUsuarioAuthorityByUsuId :: 2
[INFO ] [29-11-2024 14:00:11] [EmpresaImpl                    :: 55  ] - Implements :: findById :: 1
[INFO ] [29-11-2024 14:00:11] [WLoginController               :: 61  ] - Usuario logueado: JHAN.MORENO
[INFO ] [29-11-2024 14:00:11] [WLoginController               :: 62  ] - Estado de la empresa (activo/inactivo): true
[INFO ] [29-11-2024 14:00:11] [WLoginController               :: 75  ] - emprsa session : 1
[INFO ] [29-11-2024 14:00:11] [FxComunes                      :: 68  ] - PedidosEstado{"DESCARTADO":null,"EN_PROCESO":null,"REGISTRADO":null,"ATENDIDO":null,"PAGADO":null}
[INFO ] [29-11-2024 14:00:21] [ProductoImpl                   :: 62  ] - Implements :: findById :: 95
[INFO ] [29-11-2024 14:00:21] [FxComunes                      :: 68  ] - COMPLEMETNOS[{"empId":null,"empNombreComercial":null,"proCompId":1,"proCompNombre":"Cremas","proCompPrecio":null,"proCompIdPadre":null,"subComplementos":"Mostaza, Mayonesa, Ketchup, Ají (Uchucuta)","detalles":null},{"empId":null,"empNombreComercial":null,"proCompId":2,"proCompNombre":"Toppings","proCompPrecio":null,"proCompIdPadre":null,"subComplementos":"Papas al Hilo, Pickles (Pepinillos)","detalles":null}]
[INFO ] [29-11-2024 14:00:51] [FxComunes                      :: 68  ] - VentaRequest{"detallesVentas":[{"producto":null,"venDetId":null,"venDetCantidad":1,"venDetSubtotal":15.0,"ventaId":null,"productoId":95,"venDetPrecio":15.0,"venDetObservaciones":"Cremas: Mayonesa, Ketchup"}],"venId":null,"venFecha":null,"venTotal":15.0,"cajaId":121,"sucursalId":null,"empresaId":1,"clienteId":5,"venAlias":null,"venConsideraciones":null,"venTipoPago":"YAPE","usuarioId":2}
[INFO ] [29-11-2024 14:00:51] [FxComunes                      :: 68  ] - VentaEntity{"venId":128,"venFecha":1732906851513,"venTotal":15.0,"empresaId":1,"cajaId":121,"sucursalId":null,"clienteId":5,"venTipoPago":"YAPE","usuarioId":2,"venAlias":null,"venConsideraciones":null}
[INFO ] [29-11-2024 14:00:51] [ProductoInventarioImpl         :: 62  ] - Actualizando stock para producto con productoId: 95 con cantidad vendida: 1
[INFO ] [29-11-2024 14:00:51] [FxComunes                      :: 68  ] - VentaDetalleEntity[{"venDetId":155,"ventaId":128,"productoId":95,"venDetCantidad":1,"venDetSubtotal":15.0,"venDetPrecio":15.0,"venDetObservaciones":"Cremas: Mayonesa, Ketchup"}]
[INFO ] [29-11-2024 14:01:27] [LocalContainerEntityManagerFactoryBean :: 651 ] - Closing JPA EntityManagerFactory for persistence unit 'default'
[INFO ] [29-11-2024 14:01:27] [HikariDataSource               :: 350 ] - HikariPool-1 - Shutdown initiated...
[INFO ] [29-11-2024 14:01:27] [HikariDataSource               :: 352 ] - HikariPool-1 - Shutdown completed.
[INFO ] [29-11-2024 14:01:36] [KenpisApplication              :: 55  ] - Starting KenpisApplication using Java 12.0.2 on Giomar with PID 40764 (C:\Sistemas\kenpis\target\classes started by creo0 in C:\Sistemas\kenpis)
[DEBUG] [29-11-2024 14:01:36] [KenpisApplication              :: 56  ] - Running with Spring Boot v2.7.18, Spring v5.3.31
[INFO ] [29-11-2024 14:01:36] [KenpisApplication              :: 638 ] - The following 1 profile is active: "dev"
[INFO ] [29-11-2024 14:01:36] [DevToolsPropertyDefaultsPostProcessor :: 255 ] - Devtools property defaults active! Set 'spring.devtools.add-properties' to 'false' to disable
[INFO ] [29-11-2024 14:01:37] [RepositoryConfigurationDelegate :: 132 ] - Bootstrapping Spring Data JPA repositories in DEFAULT mode.
[INFO ] [29-11-2024 14:01:37] [RepositoryConfigurationDelegate :: 201 ] - Finished Spring Data repository scanning in 94 ms. Found 13 JPA repository interfaces.
[INFO ] [29-11-2024 14:01:37] [TomcatWebServer                :: 108 ] - Tomcat initialized with port(s): 8080 (http)
[INFO ] [29-11-2024 14:01:37] [Http11NioProtocol              :: 173 ] - Initializing ProtocolHandler ["http-nio-8080"]
[INFO ] [29-11-2024 14:01:37] [StandardService                :: 173 ] - Starting service [Tomcat]
[INFO ] [29-11-2024 14:01:37] [StandardEngine                 :: 173 ] - Starting Servlet engine: [Apache Tomcat/9.0.83]
[INFO ] [29-11-2024 14:01:37] [TldScanner                     :: 173 ] - At least one JAR was scanned for TLDs yet contained no TLDs. Enable debug logging for this logger for a complete list of JARs that were scanned but no TLDs were found in them. Skipping unneeded JARs during scanning can improve startup time and JSP compilation time.
[INFO ] [29-11-2024 14:01:37] [[/]                            :: 173 ] - Initializing Spring embedded WebApplicationContext
[INFO ] [29-11-2024 14:01:37] [ServletWebServerApplicationContext :: 292 ] - Root WebApplicationContext: initialization completed in 1366 ms
[INFO ] [29-11-2024 14:01:38] [LogHelper                      :: 31  ] - HHH000204: Processing PersistenceUnitInfo [name: default]
[INFO ] [29-11-2024 14:01:38] [Version                        :: 44  ] - HHH000412: Hibernate ORM core version 5.6.15.Final
[INFO ] [29-11-2024 14:01:38] [Version                        :: 56  ] - HCANN000001: Hibernate Commons Annotations {5.1.2.Final}
[INFO ] [29-11-2024 14:01:38] [HikariDataSource               :: 110 ] - HikariPool-1 - Starting...
[INFO ] [29-11-2024 14:01:38] [HikariDataSource               :: 123 ] - HikariPool-1 - Start completed.
[INFO ] [29-11-2024 14:01:38] [Dialect                        :: 175 ] - HHH000400: Using dialect: org.hibernate.dialect.SQLServerDialect
[INFO ] [29-11-2024 14:01:39] [JtaPlatformInitiator           :: 52  ] - HHH000490: Using JtaPlatform implementation: [org.hibernate.engine.transaction.jta.platform.internal.NoJtaPlatform]
[INFO ] [29-11-2024 14:01:39] [LocalContainerEntityManagerFactoryBean :: 437 ] - Initialized JPA EntityManagerFactory for persistence unit 'default'
[INFO ] [29-11-2024 14:01:40] [DefaultSecurityFilterChain     :: 55  ] - Will secure any request with [org.springframework.security.web.session.DisableEncodeUrlFilter@58234404, org.springframework.security.web.context.request.async.WebAsyncManagerIntegrationFilter@3f1b8312, org.springframework.security.web.context.SecurityContextPersistenceFilter@f35459, org.springframework.security.web.header.HeaderWriterFilter@26f8b8af, org.springframework.security.web.authentication.logout.LogoutFilter@d37bcf5, org.springframework.security.web.authentication.UsernamePasswordAuthenticationFilter@4beecb02, org.springframework.security.web.savedrequest.RequestCacheAwareFilter@38174121, org.springframework.security.web.servletapi.SecurityContextHolderAwareRequestFilter@57883027, org.springframework.security.web.authentication.AnonymousAuthenticationFilter@1081b96d, org.springframework.security.web.session.SessionManagementFilter@28e5db13, org.springframework.security.web.access.ExceptionTranslationFilter@6139d360, org.springframework.security.web.access.intercept.FilterSecurityInterceptor@4accb23b]
[INFO ] [29-11-2024 14:01:40] [WelcomePageHandlerMapping      :: 60  ] - Adding welcome page template: index
[INFO ] [29-11-2024 14:01:40] [OptionalLiveReloadServer       :: 59  ] - LiveReload server is running on port 35729
[INFO ] [29-11-2024 14:01:40] [Http11NioProtocol              :: 173 ] - Starting ProtocolHandler ["http-nio-8080"]
[INFO ] [29-11-2024 14:01:40] [TomcatWebServer                :: 220 ] - Tomcat started on port(s): 8080 (http) with context path ''
[INFO ] [29-11-2024 14:01:40] [KenpisApplication              :: 61  ] - Started KenpisApplication in 4.513 seconds (JVM running for 5.077)
[INFO ] [29-11-2024 14:02:50] [[/]                            :: 173 ] - Initializing Spring DispatcherServlet 'dispatcherServlet'
[INFO ] [29-11-2024 14:02:50] [DispatcherServlet              :: 525 ] - Initializing Servlet 'dispatcherServlet'
[INFO ] [29-11-2024 14:02:50] [DispatcherServlet              :: 547 ] - Completed initialization in 1 ms
[DEBUG] [29-11-2024 14:02:53] [UsuarioImpl                    :: 219 ] - Implements :: findByUsuUsername :: JHAN.MORENO
[DEBUG] [29-11-2024 14:02:53] [UsuarioImpl                    :: 193 ] - Implements :: findUsuarioAuthorityByUsuId :: 2
[INFO ] [29-11-2024 14:02:53] [EmpresaImpl                    :: 55  ] - Implements :: findById :: 1
[INFO ] [29-11-2024 14:02:53] [WLoginController               :: 61  ] - Usuario logueado: JHAN.MORENO
[INFO ] [29-11-2024 14:02:53] [WLoginController               :: 62  ] - Estado de la empresa (activo/inactivo): true
[INFO ] [29-11-2024 14:02:53] [WLoginController               :: 75  ] - emprsa session : 1
[INFO ] [29-11-2024 14:02:53] [FxComunes                      :: 68  ] - PedidosEstado{"DESCARTADO":0,"EN_PROCESO":0,"REGISTRADO":1,"ATENDIDO":0,"PAGADO":0}
[INFO ] [29-11-2024 14:03:04] [ProductoImpl                   :: 62  ] - Implements :: findById :: 95
[INFO ] [29-11-2024 14:03:04] [FxComunes                      :: 68  ] - COMPLEMETNOS[{"empId":null,"empNombreComercial":null,"proCompId":1,"proCompNombre":"Cremas","proCompPrecio":null,"proCompIdPadre":null,"subComplementos":"Mostaza, Mayonesa, Ketchup, Ají (Uchucuta)","detalles":null},{"empId":null,"empNombreComercial":null,"proCompId":2,"proCompNombre":"Toppings","proCompPrecio":null,"proCompIdPadre":null,"subComplementos":"Papas al Hilo, Pickles (Pepinillos)","detalles":null}]
[INFO ] [29-11-2024 14:03:12] [FxComunes                      :: 68  ] - VentaRequest{"detallesVentas":[{"producto":null,"venDetId":null,"venDetCantidad":1,"venDetSubtotal":15.0,"ventaId":null,"productoId":95,"venDetPrecio":15.0,"venDetObservaciones":"Toppings: Pickles (Pepinillos)"}],"venId":null,"venFecha":null,"venTotal":15.0,"cajaId":121,"sucursalId":null,"empresaId":1,"clienteId":5,"venAlias":null,"venConsideraciones":null,"venTipoPago":"EFECTIVO","usuarioId":2}
[INFO ] [29-11-2024 14:03:12] [FxComunes                      :: 68  ] - VentaEntity{"venId":129,"venFecha":1732906992346,"venTotal":15.0,"empresaId":1,"cajaId":121,"sucursalId":null,"clienteId":5,"venTipoPago":"EFECTIVO","usuarioId":2,"venConsideraciones":null,"venAlias":null}
[INFO ] [29-11-2024 14:03:12] [ProductoInventarioImpl         :: 62  ] - Actualizando stock para producto con productoId: 95 con cantidad vendida: 1
[INFO ] [29-11-2024 14:03:12] [FxComunes                      :: 68  ] - VentaDetalleEntity[{"venDetId":156,"ventaId":129,"productoId":95,"venDetCantidad":1,"venDetSubtotal":15.0,"venDetPrecio":15.0,"venDetObservaciones":"Toppings: Pickles (Pepinillos)"}]
[WARN ] [29-11-2024 17:38:33] [HikariPool                     :: 788 ] - HikariPool-1 - Thread starvation or clock leap detected (housekeeper delta=3h31m53s942ms335µs500ns).
[WARN ] [29-11-2024 17:39:52] [HikariPool                     :: 788 ] - HikariPool-1 - Thread starvation or clock leap detected (housekeeper delta=1m19s964ms35µs100ns).
