[INFO ] [22-08-2024 00:09:51] [ProductoImpl                   :: 32  ] - Implements :: findAll
[INFO ] [22-08-2024 00:09:51] [Java8Base64Image               :: 73  ] - Image not foundjava.io.FileNotFoundException: \14_foto.jpg (Acceso denegado)
[INFO ] [22-08-2024 00:09:51] [Java8Base64Image               :: 59  ] - Image not foundjava.io.FileNotFoundException: \14_foto.jpg (El sistema no puede encontrar el archivo especificado)
[ERROR] [22-08-2024 00:09:51] [Java8Base64Image               :: 88  ] - El fichero \14_foto.jpg no existe
[INFO ] [22-08-2024 00:09:51] [Java8Base64Image               :: 73  ] - Image not foundjava.io.FileNotFoundException: \15_foto.jpg (Acceso denegado)
[INFO ] [22-08-2024 00:09:51] [Java8Base64Image               :: 59  ] - Image not foundjava.io.FileNotFoundException: \15_foto.jpg (El sistema no puede encontrar el archivo especificado)
[ERROR] [22-08-2024 00:09:51] [Java8Base64Image               :: 88  ] - El fichero \15_foto.jpg no existe
[INFO ] [22-08-2024 00:09:51] [Java8Base64Image               :: 73  ] - Image not foundjava.io.FileNotFoundException: \16_foto.jpg (Acceso denegado)
[INFO ] [22-08-2024 00:09:51] [Java8Base64Image               :: 59  ] - Image not foundjava.io.FileNotFoundException: \16_foto.jpg (El sistema no puede encontrar el archivo especificado)
[ERROR] [22-08-2024 00:09:51] [Java8Base64Image               :: 88  ] - El fichero \16_foto.jpg no existe
[INFO ] [22-08-2024 00:09:51] [Java8Base64Image               :: 73  ] - Image not foundjava.io.FileNotFoundException: \17_foto.jpg (Acceso denegado)
[INFO ] [22-08-2024 00:09:51] [Java8Base64Image               :: 59  ] - Image not foundjava.io.FileNotFoundException: \17_foto.jpg (El sistema no puede encontrar el archivo especificado)
[ERROR] [22-08-2024 00:09:51] [Java8Base64Image               :: 88  ] - El fichero \17_foto.jpg no existe
[INFO ] [22-08-2024 00:09:51] [Java8Base64Image               :: 73  ] - Image not foundjava.io.FileNotFoundException: \1_foto.jpg (Acceso denegado)
[INFO ] [22-08-2024 00:09:51] [Java8Base64Image               :: 59  ] - Image not foundjava.io.FileNotFoundException: \1_foto.jpg (El sistema no puede encontrar el archivo especificado)
[ERROR] [22-08-2024 00:09:51] [Java8Base64Image               :: 88  ] - El fichero \1_foto.jpg no existe
[INFO ] [22-08-2024 00:09:51] [Java8Base64Image               :: 73  ] - Image not foundjava.io.FileNotFoundException: \2_foto.jpg (Acceso denegado)
[INFO ] [22-08-2024 00:09:51] [Java8Base64Image               :: 59  ] - Image not foundjava.io.FileNotFoundException: \2_foto.jpg (El sistema no puede encontrar el archivo especificado)
[ERROR] [22-08-2024 00:09:51] [Java8Base64Image               :: 88  ] - El fichero \2_foto.jpg no existe
[INFO ] [22-08-2024 00:09:51] [Java8Base64Image               :: 73  ] - Image not foundjava.io.FileNotFoundException: \3_foto.jpg (Acceso denegado)
[INFO ] [22-08-2024 00:09:51] [Java8Base64Image               :: 59  ] - Image not foundjava.io.FileNotFoundException: \3_foto.jpg (El sistema no puede encontrar el archivo especificado)
[ERROR] [22-08-2024 00:09:51] [Java8Base64Image               :: 88  ] - El fichero \3_foto.jpg no existe
[INFO ] [22-08-2024 00:09:51] [Java8Base64Image               :: 73  ] - Image not foundjava.io.FileNotFoundException: \4_foto.jpg (Acceso denegado)
[INFO ] [22-08-2024 00:09:51] [Java8Base64Image               :: 59  ] - Image not foundjava.io.FileNotFoundException: \4_foto.jpg (El sistema no puede encontrar el archivo especificado)
[ERROR] [22-08-2024 00:09:51] [Java8Base64Image               :: 88  ] - El fichero \4_foto.jpg no existe
[INFO ] [22-08-2024 00:09:51] [Java8Base64Image               :: 73  ] - Image not foundjava.io.FileNotFoundException: \6_foto.jpg (Acceso denegado)
[INFO ] [22-08-2024 00:09:51] [Java8Base64Image               :: 59  ] - Image not foundjava.io.FileNotFoundException: \6_foto.jpg (El sistema no puede encontrar el archivo especificado)
[ERROR] [22-08-2024 00:09:51] [Java8Base64Image               :: 88  ] - El fichero \6_foto.jpg no existe
[INFO ] [22-08-2024 00:09:51] [Java8Base64Image               :: 73  ] - Image not foundjava.io.FileNotFoundException: \7_foto.jpg (Acceso denegado)
[INFO ] [22-08-2024 00:09:51] [Java8Base64Image               :: 59  ] - Image not foundjava.io.FileNotFoundException: \7_foto.jpg (El sistema no puede encontrar el archivo especificado)
[ERROR] [22-08-2024 00:09:51] [Java8Base64Image               :: 88  ] - El fichero \7_foto.jpg no existe
[INFO ] [22-08-2024 00:09:51] [Java8Base64Image               :: 73  ] - Image not foundjava.io.FileNotFoundException: \8_foto.jpg (Acceso denegado)
[INFO ] [22-08-2024 00:09:51] [Java8Base64Image               :: 59  ] - Image not foundjava.io.FileNotFoundException: \8_foto.jpg (El sistema no puede encontrar el archivo especificado)
[ERROR] [22-08-2024 00:09:51] [Java8Base64Image               :: 88  ] - El fichero \8_foto.jpg no existe
[INFO ] [22-08-2024 00:09:51] [Java8Base64Image               :: 73  ] - Image not foundjava.io.FileNotFoundException: \9_foto.jpg (Acceso denegado)
[INFO ] [22-08-2024 00:09:51] [Java8Base64Image               :: 59  ] - Image not foundjava.io.FileNotFoundException: \9_foto.jpg (El sistema no puede encontrar el archivo especificado)
[ERROR] [22-08-2024 00:09:51] [Java8Base64Image               :: 88  ] - El fichero \9_foto.jpg no existe
[INFO ] [22-08-2024 00:09:51] [Java8Base64Image               :: 73  ] - Image not foundjava.io.FileNotFoundException: \10_foto.jpg (Acceso denegado)
[INFO ] [22-08-2024 00:09:51] [Java8Base64Image               :: 59  ] - Image not foundjava.io.FileNotFoundException: \10_foto.jpg (El sistema no puede encontrar el archivo especificado)
[ERROR] [22-08-2024 00:09:51] [Java8Base64Image               :: 88  ] - El fichero \10_foto.jpg no existe
[INFO ] [22-08-2024 00:09:51] [Java8Base64Image               :: 73  ] - Image not foundjava.io.FileNotFoundException: \11_foto.jpg (Acceso denegado)
[INFO ] [22-08-2024 00:09:51] [Java8Base64Image               :: 59  ] - Image not foundjava.io.FileNotFoundException: \11_foto.jpg (El sistema no puede encontrar el archivo especificado)
[ERROR] [22-08-2024 00:09:51] [Java8Base64Image               :: 88  ] - El fichero \11_foto.jpg no existe
[INFO ] [22-08-2024 00:09:51] [Java8Base64Image               :: 73  ] - Image not foundjava.io.FileNotFoundException: \25_foto.jpg (Acceso denegado)
[INFO ] [22-08-2024 00:09:51] [Java8Base64Image               :: 59  ] - Image not foundjava.io.FileNotFoundException: \25_foto.jpg (El sistema no puede encontrar el archivo especificado)
[ERROR] [22-08-2024 00:09:51] [Java8Base64Image               :: 88  ] - El fichero \25_foto.jpg no existe
[INFO ] [22-08-2024 00:09:51] [Java8Base64Image               :: 73  ] - Image not foundjava.io.FileNotFoundException: \26_foto.jpg (Acceso denegado)
[INFO ] [22-08-2024 00:09:51] [Java8Base64Image               :: 59  ] - Image not foundjava.io.FileNotFoundException: \26_foto.jpg (El sistema no puede encontrar el archivo especificado)
[ERROR] [22-08-2024 00:09:51] [Java8Base64Image               :: 88  ] - El fichero \26_foto.jpg no existe
[INFO ] [22-08-2024 00:09:51] [Java8Base64Image               :: 73  ] - Image not foundjava.io.FileNotFoundException: \27_foto.jpg (Acceso denegado)
[INFO ] [22-08-2024 00:09:51] [Java8Base64Image               :: 59  ] - Image not foundjava.io.FileNotFoundException: \27_foto.jpg (El sistema no puede encontrar el archivo especificado)
[ERROR] [22-08-2024 00:09:51] [Java8Base64Image               :: 88  ] - El fichero \27_foto.jpg no existe
[INFO ] [22-08-2024 00:09:51] [Java8Base64Image               :: 73  ] - Image not foundjava.io.FileNotFoundException: \28_foto.jpg (Acceso denegado)
[INFO ] [22-08-2024 00:09:51] [Java8Base64Image               :: 59  ] - Image not foundjava.io.FileNotFoundException: \28_foto.jpg (El sistema no puede encontrar el archivo especificado)
[ERROR] [22-08-2024 00:09:51] [Java8Base64Image               :: 88  ] - El fichero \28_foto.jpg no existe
[INFO ] [22-08-2024 00:09:51] [Java8Base64Image               :: 73  ] - Image not foundjava.io.FileNotFoundException: \29_foto.jpg (Acceso denegado)
[INFO ] [22-08-2024 00:09:51] [Java8Base64Image               :: 59  ] - Image not foundjava.io.FileNotFoundException: \29_foto.jpg (El sistema no puede encontrar el archivo especificado)
[ERROR] [22-08-2024 00:09:51] [Java8Base64Image               :: 88  ] - El fichero \29_foto.jpg no existe
[INFO ] [22-08-2024 00:09:51] [Java8Base64Image               :: 73  ] - Image not foundjava.io.FileNotFoundException: \30_foto.jpg (Acceso denegado)
[INFO ] [22-08-2024 00:09:51] [Java8Base64Image               :: 59  ] - Image not foundjava.io.FileNotFoundException: \30_foto.jpg (El sistema no puede encontrar el archivo especificado)
[ERROR] [22-08-2024 00:09:51] [Java8Base64Image               :: 88  ] - El fichero \30_foto.jpg no existe
[INFO ] [22-08-2024 00:09:51] [Java8Base64Image               :: 73  ] - Image not foundjava.io.FileNotFoundException: \31_foto.jpg (Acceso denegado)
[INFO ] [22-08-2024 00:09:51] [Java8Base64Image               :: 59  ] - Image not foundjava.io.FileNotFoundException: \31_foto.jpg (El sistema no puede encontrar el archivo especificado)
[ERROR] [22-08-2024 00:09:51] [Java8Base64Image               :: 88  ] - El fichero \31_foto.jpg no existe
[INFO ] [22-08-2024 00:09:54] [ProductoImpl                   :: 32  ] - Implements :: findAll
[INFO ] [22-08-2024 00:09:54] [Java8Base64Image               :: 73  ] - Image not foundjava.io.FileNotFoundException: \14_foto.jpg (Acceso denegado)
[INFO ] [22-08-2024 00:09:54] [Java8Base64Image               :: 59  ] - Image not foundjava.io.FileNotFoundException: \14_foto.jpg (El sistema no puede encontrar el archivo especificado)
[ERROR] [22-08-2024 00:09:54] [Java8Base64Image               :: 88  ] - El fichero \14_foto.jpg no existe
[INFO ] [22-08-2024 00:09:54] [Java8Base64Image               :: 73  ] - Image not foundjava.io.FileNotFoundException: \15_foto.jpg (Acceso denegado)
[INFO ] [22-08-2024 00:09:54] [Java8Base64Image               :: 59  ] - Image not foundjava.io.FileNotFoundException: \15_foto.jpg (El sistema no puede encontrar el archivo especificado)
[ERROR] [22-08-2024 00:09:54] [Java8Base64Image               :: 88  ] - El fichero \15_foto.jpg no existe
[INFO ] [22-08-2024 00:09:54] [Java8Base64Image               :: 73  ] - Image not foundjava.io.FileNotFoundException: \16_foto.jpg (Acceso denegado)
[INFO ] [22-08-2024 00:09:54] [Java8Base64Image               :: 59  ] - Image not foundjava.io.FileNotFoundException: \16_foto.jpg (El sistema no puede encontrar el archivo especificado)
[ERROR] [22-08-2024 00:09:54] [Java8Base64Image               :: 88  ] - El fichero \16_foto.jpg no existe
[INFO ] [22-08-2024 00:09:54] [Java8Base64Image               :: 73  ] - Image not foundjava.io.FileNotFoundException: \17_foto.jpg (Acceso denegado)
[INFO ] [22-08-2024 00:09:54] [Java8Base64Image               :: 59  ] - Image not foundjava.io.FileNotFoundException: \17_foto.jpg (El sistema no puede encontrar el archivo especificado)
[ERROR] [22-08-2024 00:09:54] [Java8Base64Image               :: 88  ] - El fichero \17_foto.jpg no existe
[INFO ] [22-08-2024 00:09:54] [Java8Base64Image               :: 73  ] - Image not foundjava.io.FileNotFoundException: \1_foto.jpg (Acceso denegado)
[INFO ] [22-08-2024 00:09:54] [Java8Base64Image               :: 59  ] - Image not foundjava.io.FileNotFoundException: \1_foto.jpg (El sistema no puede encontrar el archivo especificado)
[ERROR] [22-08-2024 00:09:54] [Java8Base64Image               :: 88  ] - El fichero \1_foto.jpg no existe
[INFO ] [22-08-2024 00:09:54] [Java8Base64Image               :: 73  ] - Image not foundjava.io.FileNotFoundException: \2_foto.jpg (Acceso denegado)
[INFO ] [22-08-2024 00:09:54] [Java8Base64Image               :: 59  ] - Image not foundjava.io.FileNotFoundException: \2_foto.jpg (El sistema no puede encontrar el archivo especificado)
[ERROR] [22-08-2024 00:09:54] [Java8Base64Image               :: 88  ] - El fichero \2_foto.jpg no existe
[INFO ] [22-08-2024 00:09:54] [Java8Base64Image               :: 73  ] - Image not foundjava.io.FileNotFoundException: \3_foto.jpg (Acceso denegado)
[INFO ] [22-08-2024 00:09:54] [Java8Base64Image               :: 59  ] - Image not foundjava.io.FileNotFoundException: \3_foto.jpg (El sistema no puede encontrar el archivo especificado)
[ERROR] [22-08-2024 00:09:54] [Java8Base64Image               :: 88  ] - El fichero \3_foto.jpg no existe
[INFO ] [22-08-2024 00:09:54] [Java8Base64Image               :: 73  ] - Image not foundjava.io.FileNotFoundException: \4_foto.jpg (Acceso denegado)
[INFO ] [22-08-2024 00:09:54] [Java8Base64Image               :: 59  ] - Image not foundjava.io.FileNotFoundException: \4_foto.jpg (El sistema no puede encontrar el archivo especificado)
[ERROR] [22-08-2024 00:09:54] [Java8Base64Image               :: 88  ] - El fichero \4_foto.jpg no existe
[INFO ] [22-08-2024 00:09:54] [Java8Base64Image               :: 73  ] - Image not foundjava.io.FileNotFoundException: \6_foto.jpg (Acceso denegado)
[INFO ] [22-08-2024 00:09:54] [Java8Base64Image               :: 59  ] - Image not foundjava.io.FileNotFoundException: \6_foto.jpg (El sistema no puede encontrar el archivo especificado)
[ERROR] [22-08-2024 00:09:54] [Java8Base64Image               :: 88  ] - El fichero \6_foto.jpg no existe
[INFO ] [22-08-2024 00:09:54] [Java8Base64Image               :: 73  ] - Image not foundjava.io.FileNotFoundException: \7_foto.jpg (Acceso denegado)
[INFO ] [22-08-2024 00:09:54] [Java8Base64Image               :: 59  ] - Image not foundjava.io.FileNotFoundException: \7_foto.jpg (El sistema no puede encontrar el archivo especificado)
[ERROR] [22-08-2024 00:09:54] [Java8Base64Image               :: 88  ] - El fichero \7_foto.jpg no existe
[INFO ] [22-08-2024 00:09:54] [Java8Base64Image               :: 73  ] - Image not foundjava.io.FileNotFoundException: \8_foto.jpg (Acceso denegado)
[INFO ] [22-08-2024 00:09:54] [Java8Base64Image               :: 59  ] - Image not foundjava.io.FileNotFoundException: \8_foto.jpg (El sistema no puede encontrar el archivo especificado)
[ERROR] [22-08-2024 00:09:54] [Java8Base64Image               :: 88  ] - El fichero \8_foto.jpg no existe
[INFO ] [22-08-2024 00:09:54] [Java8Base64Image               :: 73  ] - Image not foundjava.io.FileNotFoundException: \9_foto.jpg (Acceso denegado)
[INFO ] [22-08-2024 00:09:54] [Java8Base64Image               :: 59  ] - Image not foundjava.io.FileNotFoundException: \9_foto.jpg (El sistema no puede encontrar el archivo especificado)
[ERROR] [22-08-2024 00:09:54] [Java8Base64Image               :: 88  ] - El fichero \9_foto.jpg no existe
[INFO ] [22-08-2024 00:09:54] [Java8Base64Image               :: 73  ] - Image not foundjava.io.FileNotFoundException: \10_foto.jpg (Acceso denegado)
[INFO ] [22-08-2024 00:09:54] [Java8Base64Image               :: 59  ] - Image not foundjava.io.FileNotFoundException: \10_foto.jpg (El sistema no puede encontrar el archivo especificado)
[ERROR] [22-08-2024 00:09:54] [Java8Base64Image               :: 88  ] - El fichero \10_foto.jpg no existe
[INFO ] [22-08-2024 00:09:54] [Java8Base64Image               :: 73  ] - Image not foundjava.io.FileNotFoundException: \11_foto.jpg (Acceso denegado)
[INFO ] [22-08-2024 00:09:54] [Java8Base64Image               :: 59  ] - Image not foundjava.io.FileNotFoundException: \11_foto.jpg (El sistema no puede encontrar el archivo especificado)
[ERROR] [22-08-2024 00:09:54] [Java8Base64Image               :: 88  ] - El fichero \11_foto.jpg no existe
[INFO ] [22-08-2024 00:09:54] [Java8Base64Image               :: 73  ] - Image not foundjava.io.FileNotFoundException: \25_foto.jpg (Acceso denegado)
[INFO ] [22-08-2024 00:09:54] [Java8Base64Image               :: 59  ] - Image not foundjava.io.FileNotFoundException: \25_foto.jpg (El sistema no puede encontrar el archivo especificado)
[ERROR] [22-08-2024 00:09:54] [Java8Base64Image               :: 88  ] - El fichero \25_foto.jpg no existe
[INFO ] [22-08-2024 00:09:54] [Java8Base64Image               :: 73  ] - Image not foundjava.io.FileNotFoundException: \26_foto.jpg (Acceso denegado)
[INFO ] [22-08-2024 00:09:54] [Java8Base64Image               :: 59  ] - Image not foundjava.io.FileNotFoundException: \26_foto.jpg (El sistema no puede encontrar el archivo especificado)
[ERROR] [22-08-2024 00:09:54] [Java8Base64Image               :: 88  ] - El fichero \26_foto.jpg no existe
[INFO ] [22-08-2024 00:09:54] [Java8Base64Image               :: 73  ] - Image not foundjava.io.FileNotFoundException: \27_foto.jpg (Acceso denegado)
[INFO ] [22-08-2024 00:09:54] [Java8Base64Image               :: 59  ] - Image not foundjava.io.FileNotFoundException: \27_foto.jpg (El sistema no puede encontrar el archivo especificado)
[ERROR] [22-08-2024 00:09:54] [Java8Base64Image               :: 88  ] - El fichero \27_foto.jpg no existe
[INFO ] [22-08-2024 00:09:54] [Java8Base64Image               :: 73  ] - Image not foundjava.io.FileNotFoundException: \28_foto.jpg (Acceso denegado)
[INFO ] [22-08-2024 00:09:54] [Java8Base64Image               :: 59  ] - Image not foundjava.io.FileNotFoundException: \28_foto.jpg (El sistema no puede encontrar el archivo especificado)
[ERROR] [22-08-2024 00:09:54] [Java8Base64Image               :: 88  ] - El fichero \28_foto.jpg no existe
[INFO ] [22-08-2024 00:09:54] [Java8Base64Image               :: 73  ] - Image not foundjava.io.FileNotFoundException: \29_foto.jpg (Acceso denegado)
[INFO ] [22-08-2024 00:09:54] [Java8Base64Image               :: 59  ] - Image not foundjava.io.FileNotFoundException: \29_foto.jpg (El sistema no puede encontrar el archivo especificado)
[ERROR] [22-08-2024 00:09:54] [Java8Base64Image               :: 88  ] - El fichero \29_foto.jpg no existe
[INFO ] [22-08-2024 00:09:54] [Java8Base64Image               :: 73  ] - Image not foundjava.io.FileNotFoundException: \30_foto.jpg (Acceso denegado)
[INFO ] [22-08-2024 00:09:54] [Java8Base64Image               :: 59  ] - Image not foundjava.io.FileNotFoundException: \30_foto.jpg (El sistema no puede encontrar el archivo especificado)
[ERROR] [22-08-2024 00:09:54] [Java8Base64Image               :: 88  ] - El fichero \30_foto.jpg no existe
[INFO ] [22-08-2024 00:09:54] [Java8Base64Image               :: 73  ] - Image not foundjava.io.FileNotFoundException: \31_foto.jpg (Acceso denegado)
[INFO ] [22-08-2024 00:09:54] [Java8Base64Image               :: 59  ] - Image not foundjava.io.FileNotFoundException: \31_foto.jpg (El sistema no puede encontrar el archivo especificado)
[ERROR] [22-08-2024 00:09:54] [Java8Base64Image               :: 88  ] - El fichero \31_foto.jpg no existe
[INFO ] [22-08-2024 00:10:11] [ProductoImpl                   :: 38  ] - Implements :: findById :: 30
[INFO ] [22-08-2024 00:10:11] [Java8Base64Image               :: 73  ] - Image not foundjava.io.FileNotFoundException: \30_foto.jpg (Acceso denegado)
[INFO ] [22-08-2024 00:10:11] [Java8Base64Image               :: 59  ] - Image not foundjava.io.FileNotFoundException: \30_foto.jpg (El sistema no puede encontrar el archivo especificado)
[ERROR] [22-08-2024 00:10:11] [Java8Base64Image               :: 88  ] - El fichero \30_foto.jpg no existe
[INFO ] [22-08-2024 00:10:19] [Java8Base64Image               :: 73  ] - Image not foundjava.io.FileNotFoundException: \14_foto.jpg (Acceso denegado)
[INFO ] [22-08-2024 00:10:19] [Java8Base64Image               :: 59  ] - Image not foundjava.io.FileNotFoundException: \14_foto.jpg (El sistema no puede encontrar el archivo especificado)
[ERROR] [22-08-2024 00:10:19] [Java8Base64Image               :: 88  ] - El fichero \14_foto.jpg no existe
[INFO ] [22-08-2024 00:10:19] [Java8Base64Image               :: 73  ] - Image not foundjava.io.FileNotFoundException: \15_foto.jpg (Acceso denegado)
[INFO ] [22-08-2024 00:10:19] [Java8Base64Image               :: 59  ] - Image not foundjava.io.FileNotFoundException: \15_foto.jpg (El sistema no puede encontrar el archivo especificado)
[ERROR] [22-08-2024 00:10:19] [Java8Base64Image               :: 88  ] - El fichero \15_foto.jpg no existe
[INFO ] [22-08-2024 00:10:19] [Java8Base64Image               :: 73  ] - Image not foundjava.io.FileNotFoundException: \16_foto.jpg (Acceso denegado)
[INFO ] [22-08-2024 00:10:19] [Java8Base64Image               :: 59  ] - Image not foundjava.io.FileNotFoundException: \16_foto.jpg (El sistema no puede encontrar el archivo especificado)
[ERROR] [22-08-2024 00:10:19] [Java8Base64Image               :: 88  ] - El fichero \16_foto.jpg no existe
[INFO ] [22-08-2024 00:10:19] [Java8Base64Image               :: 73  ] - Image not foundjava.io.FileNotFoundException: \17_foto.jpg (Acceso denegado)
[INFO ] [22-08-2024 00:10:19] [Java8Base64Image               :: 59  ] - Image not foundjava.io.FileNotFoundException: \17_foto.jpg (El sistema no puede encontrar el archivo especificado)
[ERROR] [22-08-2024 00:10:19] [Java8Base64Image               :: 88  ] - El fichero \17_foto.jpg no existe
[INFO ] [22-08-2024 00:10:21] [Java8Base64Image               :: 73  ] - Image not foundjava.io.FileNotFoundException: \8_foto.jpg (Acceso denegado)
[INFO ] [22-08-2024 00:10:21] [Java8Base64Image               :: 59  ] - Image not foundjava.io.FileNotFoundException: \8_foto.jpg (El sistema no puede encontrar el archivo especificado)
[ERROR] [22-08-2024 00:10:21] [Java8Base64Image               :: 88  ] - El fichero \8_foto.jpg no existe
[INFO ] [22-08-2024 00:10:21] [Java8Base64Image               :: 73  ] - Image not foundjava.io.FileNotFoundException: \9_foto.jpg (Acceso denegado)
[INFO ] [22-08-2024 00:10:21] [Java8Base64Image               :: 59  ] - Image not foundjava.io.FileNotFoundException: \9_foto.jpg (El sistema no puede encontrar el archivo especificado)
[ERROR] [22-08-2024 00:10:21] [Java8Base64Image               :: 88  ] - El fichero \9_foto.jpg no existe
[INFO ] [22-08-2024 00:10:23] [Java8Base64Image               :: 73  ] - Image not foundjava.io.FileNotFoundException: \14_foto.jpg (Acceso denegado)
[INFO ] [22-08-2024 00:10:23] [Java8Base64Image               :: 59  ] - Image not foundjava.io.FileNotFoundException: \14_foto.jpg (El sistema no puede encontrar el archivo especificado)
[ERROR] [22-08-2024 00:10:23] [Java8Base64Image               :: 88  ] - El fichero \14_foto.jpg no existe
[INFO ] [22-08-2024 00:10:23] [Java8Base64Image               :: 73  ] - Image not foundjava.io.FileNotFoundException: \15_foto.jpg (Acceso denegado)
[INFO ] [22-08-2024 00:10:23] [Java8Base64Image               :: 59  ] - Image not foundjava.io.FileNotFoundException: \15_foto.jpg (El sistema no puede encontrar el archivo especificado)
[ERROR] [22-08-2024 00:10:23] [Java8Base64Image               :: 88  ] - El fichero \15_foto.jpg no existe
[INFO ] [22-08-2024 00:10:23] [Java8Base64Image               :: 73  ] - Image not foundjava.io.FileNotFoundException: \16_foto.jpg (Acceso denegado)
[INFO ] [22-08-2024 00:10:23] [Java8Base64Image               :: 59  ] - Image not foundjava.io.FileNotFoundException: \16_foto.jpg (El sistema no puede encontrar el archivo especificado)
[ERROR] [22-08-2024 00:10:23] [Java8Base64Image               :: 88  ] - El fichero \16_foto.jpg no existe
[INFO ] [22-08-2024 00:10:23] [Java8Base64Image               :: 73  ] - Image not foundjava.io.FileNotFoundException: \17_foto.jpg (Acceso denegado)
[INFO ] [22-08-2024 00:10:23] [Java8Base64Image               :: 59  ] - Image not foundjava.io.FileNotFoundException: \17_foto.jpg (El sistema no puede encontrar el archivo especificado)
[ERROR] [22-08-2024 00:10:23] [Java8Base64Image               :: 88  ] - El fichero \17_foto.jpg no existe
[INFO ] [22-08-2024 00:10:23] [Java8Base64Image               :: 73  ] - Image not foundjava.io.FileNotFoundException: \1_foto.jpg (Acceso denegado)
[INFO ] [22-08-2024 00:10:23] [Java8Base64Image               :: 59  ] - Image not foundjava.io.FileNotFoundException: \1_foto.jpg (El sistema no puede encontrar el archivo especificado)
[ERROR] [22-08-2024 00:10:23] [Java8Base64Image               :: 88  ] - El fichero \1_foto.jpg no existe
[INFO ] [22-08-2024 00:10:23] [Java8Base64Image               :: 73  ] - Image not foundjava.io.FileNotFoundException: \2_foto.jpg (Acceso denegado)
[INFO ] [22-08-2024 00:10:23] [Java8Base64Image               :: 59  ] - Image not foundjava.io.FileNotFoundException: \2_foto.jpg (El sistema no puede encontrar el archivo especificado)
[ERROR] [22-08-2024 00:10:23] [Java8Base64Image               :: 88  ] - El fichero \2_foto.jpg no existe
[INFO ] [22-08-2024 00:10:23] [Java8Base64Image               :: 73  ] - Image not foundjava.io.FileNotFoundException: \25_foto.jpg (Acceso denegado)
[INFO ] [22-08-2024 00:10:23] [Java8Base64Image               :: 59  ] - Image not foundjava.io.FileNotFoundException: \25_foto.jpg (El sistema no puede encontrar el archivo especificado)
[ERROR] [22-08-2024 00:10:23] [Java8Base64Image               :: 88  ] - El fichero \25_foto.jpg no existe
[INFO ] [22-08-2024 00:10:23] [Java8Base64Image               :: 73  ] - Image not foundjava.io.FileNotFoundException: \26_foto.jpg (Acceso denegado)
[INFO ] [22-08-2024 00:10:23] [Java8Base64Image               :: 59  ] - Image not foundjava.io.FileNotFoundException: \26_foto.jpg (El sistema no puede encontrar el archivo especificado)
[ERROR] [22-08-2024 00:10:23] [Java8Base64Image               :: 88  ] - El fichero \26_foto.jpg no existe
[INFO ] [22-08-2024 00:10:23] [Java8Base64Image               :: 73  ] - Image not foundjava.io.FileNotFoundException: \27_foto.jpg (Acceso denegado)
[INFO ] [22-08-2024 00:10:23] [Java8Base64Image               :: 59  ] - Image not foundjava.io.FileNotFoundException: \27_foto.jpg (El sistema no puede encontrar el archivo especificado)
[ERROR] [22-08-2024 00:10:23] [Java8Base64Image               :: 88  ] - El fichero \27_foto.jpg no existe
[INFO ] [22-08-2024 00:10:23] [Java8Base64Image               :: 73  ] - Image not foundjava.io.FileNotFoundException: \28_foto.jpg (Acceso denegado)
[INFO ] [22-08-2024 00:10:23] [Java8Base64Image               :: 59  ] - Image not foundjava.io.FileNotFoundException: \28_foto.jpg (El sistema no puede encontrar el archivo especificado)
[ERROR] [22-08-2024 00:10:23] [Java8Base64Image               :: 88  ] - El fichero \28_foto.jpg no existe
[INFO ] [22-08-2024 00:10:23] [Java8Base64Image               :: 73  ] - Image not foundjava.io.FileNotFoundException: \30_foto.jpg (Acceso denegado)
[INFO ] [22-08-2024 00:10:23] [Java8Base64Image               :: 59  ] - Image not foundjava.io.FileNotFoundException: \30_foto.jpg (El sistema no puede encontrar el archivo especificado)
[ERROR] [22-08-2024 00:10:23] [Java8Base64Image               :: 88  ] - El fichero \30_foto.jpg no existe
[INFO ] [22-08-2024 00:11:46] [ProductoImpl                   :: 32  ] - Implements :: findAll
[INFO ] [22-08-2024 00:11:46] [Java8Base64Image               :: 73  ] - Image not foundjava.io.FileNotFoundException: \14_foto.jpg (Acceso denegado)
[INFO ] [22-08-2024 00:11:46] [Java8Base64Image               :: 59  ] - Image not foundjava.io.FileNotFoundException: \14_foto.jpg (El sistema no puede encontrar el archivo especificado)
[ERROR] [22-08-2024 00:11:46] [Java8Base64Image               :: 88  ] - El fichero \14_foto.jpg no existe
[INFO ] [22-08-2024 00:11:46] [Java8Base64Image               :: 73  ] - Image not foundjava.io.FileNotFoundException: \15_foto.jpg (Acceso denegado)
[INFO ] [22-08-2024 00:11:46] [Java8Base64Image               :: 59  ] - Image not foundjava.io.FileNotFoundException: \15_foto.jpg (El sistema no puede encontrar el archivo especificado)
[ERROR] [22-08-2024 00:11:46] [Java8Base64Image               :: 88  ] - El fichero \15_foto.jpg no existe
[INFO ] [22-08-2024 00:11:46] [Java8Base64Image               :: 73  ] - Image not foundjava.io.FileNotFoundException: \16_foto.jpg (Acceso denegado)
[INFO ] [22-08-2024 00:11:46] [Java8Base64Image               :: 59  ] - Image not foundjava.io.FileNotFoundException: \16_foto.jpg (El sistema no puede encontrar el archivo especificado)
[ERROR] [22-08-2024 00:11:46] [Java8Base64Image               :: 88  ] - El fichero \16_foto.jpg no existe
[INFO ] [22-08-2024 00:11:46] [Java8Base64Image               :: 73  ] - Image not foundjava.io.FileNotFoundException: \17_foto.jpg (Acceso denegado)
[INFO ] [22-08-2024 00:11:46] [Java8Base64Image               :: 59  ] - Image not foundjava.io.FileNotFoundException: \17_foto.jpg (El sistema no puede encontrar el archivo especificado)
[ERROR] [22-08-2024 00:11:46] [Java8Base64Image               :: 88  ] - El fichero \17_foto.jpg no existe
[INFO ] [22-08-2024 00:11:46] [Java8Base64Image               :: 73  ] - Image not foundjava.io.FileNotFoundException: \1_foto.jpg (Acceso denegado)
[INFO ] [22-08-2024 00:11:46] [Java8Base64Image               :: 59  ] - Image not foundjava.io.FileNotFoundException: \1_foto.jpg (El sistema no puede encontrar el archivo especificado)
[ERROR] [22-08-2024 00:11:46] [Java8Base64Image               :: 88  ] - El fichero \1_foto.jpg no existe
[INFO ] [22-08-2024 00:11:46] [Java8Base64Image               :: 73  ] - Image not foundjava.io.FileNotFoundException: \2_foto.jpg (Acceso denegado)
[INFO ] [22-08-2024 00:11:46] [Java8Base64Image               :: 59  ] - Image not foundjava.io.FileNotFoundException: \2_foto.jpg (El sistema no puede encontrar el archivo especificado)
[ERROR] [22-08-2024 00:11:46] [Java8Base64Image               :: 88  ] - El fichero \2_foto.jpg no existe
[INFO ] [22-08-2024 00:11:46] [Java8Base64Image               :: 73  ] - Image not foundjava.io.FileNotFoundException: \3_foto.jpg (Acceso denegado)
[INFO ] [22-08-2024 00:11:46] [Java8Base64Image               :: 59  ] - Image not foundjava.io.FileNotFoundException: \3_foto.jpg (El sistema no puede encontrar el archivo especificado)
[ERROR] [22-08-2024 00:11:46] [Java8Base64Image               :: 88  ] - El fichero \3_foto.jpg no existe
[INFO ] [22-08-2024 00:11:46] [Java8Base64Image               :: 73  ] - Image not foundjava.io.FileNotFoundException: \4_foto.jpg (Acceso denegado)
[INFO ] [22-08-2024 00:11:46] [Java8Base64Image               :: 59  ] - Image not foundjava.io.FileNotFoundException: \4_foto.jpg (El sistema no puede encontrar el archivo especificado)
[ERROR] [22-08-2024 00:11:46] [Java8Base64Image               :: 88  ] - El fichero \4_foto.jpg no existe
[INFO ] [22-08-2024 00:11:46] [Java8Base64Image               :: 73  ] - Image not foundjava.io.FileNotFoundException: \6_foto.jpg (Acceso denegado)
[INFO ] [22-08-2024 00:11:46] [Java8Base64Image               :: 59  ] - Image not foundjava.io.FileNotFoundException: \6_foto.jpg (El sistema no puede encontrar el archivo especificado)
[ERROR] [22-08-2024 00:11:46] [Java8Base64Image               :: 88  ] - El fichero \6_foto.jpg no existe
[INFO ] [22-08-2024 00:11:46] [Java8Base64Image               :: 73  ] - Image not foundjava.io.FileNotFoundException: \7_foto.jpg (Acceso denegado)
[INFO ] [22-08-2024 00:11:46] [Java8Base64Image               :: 59  ] - Image not foundjava.io.FileNotFoundException: \7_foto.jpg (El sistema no puede encontrar el archivo especificado)
[ERROR] [22-08-2024 00:11:46] [Java8Base64Image               :: 88  ] - El fichero \7_foto.jpg no existe
[INFO ] [22-08-2024 00:11:46] [Java8Base64Image               :: 73  ] - Image not foundjava.io.FileNotFoundException: \8_foto.jpg (Acceso denegado)
[INFO ] [22-08-2024 00:11:46] [Java8Base64Image               :: 59  ] - Image not foundjava.io.FileNotFoundException: \8_foto.jpg (El sistema no puede encontrar el archivo especificado)
[ERROR] [22-08-2024 00:11:46] [Java8Base64Image               :: 88  ] - El fichero \8_foto.jpg no existe
[INFO ] [22-08-2024 00:11:46] [Java8Base64Image               :: 73  ] - Image not foundjava.io.FileNotFoundException: \9_foto.jpg (Acceso denegado)
[INFO ] [22-08-2024 00:11:46] [Java8Base64Image               :: 59  ] - Image not foundjava.io.FileNotFoundException: \9_foto.jpg (El sistema no puede encontrar el archivo especificado)
[ERROR] [22-08-2024 00:11:46] [Java8Base64Image               :: 88  ] - El fichero \9_foto.jpg no existe
[INFO ] [22-08-2024 00:11:46] [Java8Base64Image               :: 73  ] - Image not foundjava.io.FileNotFoundException: \10_foto.jpg (Acceso denegado)
[INFO ] [22-08-2024 00:11:46] [Java8Base64Image               :: 59  ] - Image not foundjava.io.FileNotFoundException: \10_foto.jpg (El sistema no puede encontrar el archivo especificado)
[ERROR] [22-08-2024 00:11:46] [Java8Base64Image               :: 88  ] - El fichero \10_foto.jpg no existe
[INFO ] [22-08-2024 00:11:46] [Java8Base64Image               :: 73  ] - Image not foundjava.io.FileNotFoundException: \11_foto.jpg (Acceso denegado)
[INFO ] [22-08-2024 00:11:46] [Java8Base64Image               :: 59  ] - Image not foundjava.io.FileNotFoundException: \11_foto.jpg (El sistema no puede encontrar el archivo especificado)
[ERROR] [22-08-2024 00:11:46] [Java8Base64Image               :: 88  ] - El fichero \11_foto.jpg no existe
[INFO ] [22-08-2024 00:11:46] [Java8Base64Image               :: 73  ] - Image not foundjava.io.FileNotFoundException: \25_foto.jpg (Acceso denegado)
[INFO ] [22-08-2024 00:11:46] [Java8Base64Image               :: 59  ] - Image not foundjava.io.FileNotFoundException: \25_foto.jpg (El sistema no puede encontrar el archivo especificado)
[ERROR] [22-08-2024 00:11:46] [Java8Base64Image               :: 88  ] - El fichero \25_foto.jpg no existe
[INFO ] [22-08-2024 00:11:46] [Java8Base64Image               :: 73  ] - Image not foundjava.io.FileNotFoundException: \26_foto.jpg (Acceso denegado)
[INFO ] [22-08-2024 00:11:46] [Java8Base64Image               :: 59  ] - Image not foundjava.io.FileNotFoundException: \26_foto.jpg (El sistema no puede encontrar el archivo especificado)
[ERROR] [22-08-2024 00:11:46] [Java8Base64Image               :: 88  ] - El fichero \26_foto.jpg no existe
[INFO ] [22-08-2024 00:11:46] [Java8Base64Image               :: 73  ] - Image not foundjava.io.FileNotFoundException: \27_foto.jpg (Acceso denegado)
[INFO ] [22-08-2024 00:11:46] [Java8Base64Image               :: 59  ] - Image not foundjava.io.FileNotFoundException: \27_foto.jpg (El sistema no puede encontrar el archivo especificado)
[ERROR] [22-08-2024 00:11:46] [Java8Base64Image               :: 88  ] - El fichero \27_foto.jpg no existe
[INFO ] [22-08-2024 00:11:46] [Java8Base64Image               :: 73  ] - Image not foundjava.io.FileNotFoundException: \28_foto.jpg (Acceso denegado)
[INFO ] [22-08-2024 00:11:46] [Java8Base64Image               :: 59  ] - Image not foundjava.io.FileNotFoundException: \28_foto.jpg (El sistema no puede encontrar el archivo especificado)
[ERROR] [22-08-2024 00:11:46] [Java8Base64Image               :: 88  ] - El fichero \28_foto.jpg no existe
[INFO ] [22-08-2024 00:11:46] [Java8Base64Image               :: 73  ] - Image not foundjava.io.FileNotFoundException: \29_foto.jpg (Acceso denegado)
[INFO ] [22-08-2024 00:11:46] [Java8Base64Image               :: 59  ] - Image not foundjava.io.FileNotFoundException: \29_foto.jpg (El sistema no puede encontrar el archivo especificado)
[ERROR] [22-08-2024 00:11:46] [Java8Base64Image               :: 88  ] - El fichero \29_foto.jpg no existe
[INFO ] [22-08-2024 00:11:46] [Java8Base64Image               :: 73  ] - Image not foundjava.io.FileNotFoundException: \30_foto.jpg (Acceso denegado)
[INFO ] [22-08-2024 00:11:46] [Java8Base64Image               :: 59  ] - Image not foundjava.io.FileNotFoundException: \30_foto.jpg (El sistema no puede encontrar el archivo especificado)
[ERROR] [22-08-2024 00:11:46] [Java8Base64Image               :: 88  ] - El fichero \30_foto.jpg no existe
[INFO ] [22-08-2024 00:11:46] [Java8Base64Image               :: 73  ] - Image not foundjava.io.FileNotFoundException: \31_foto.jpg (Acceso denegado)
[INFO ] [22-08-2024 00:11:46] [Java8Base64Image               :: 59  ] - Image not foundjava.io.FileNotFoundException: \31_foto.jpg (El sistema no puede encontrar el archivo especificado)
[ERROR] [22-08-2024 00:11:46] [Java8Base64Image               :: 88  ] - El fichero \31_foto.jpg no existe
[INFO ] [22-08-2024 00:11:46] [Java8Base64Image               :: 73  ] - Image not foundjava.io.FileNotFoundException: \32_foto.jpg (Acceso denegado)
[INFO ] [22-08-2024 00:11:46] [Java8Base64Image               :: 59  ] - Image not foundjava.io.FileNotFoundException: \32_foto.jpg (El sistema no puede encontrar el archivo especificado)
[ERROR] [22-08-2024 00:11:46] [Java8Base64Image               :: 88  ] - El fichero \32_foto.jpg no existe
[INFO ] [22-08-2024 00:32:13] [ProductoImpl                   :: 32  ] - Implements :: findAll
[INFO ] [22-08-2024 00:32:13] [Java8Base64Image               :: 73  ] - Image not foundjava.io.FileNotFoundException: \14_foto.jpg (Acceso denegado)
[INFO ] [22-08-2024 00:32:13] [Java8Base64Image               :: 59  ] - Image not foundjava.io.FileNotFoundException: \14_foto.jpg (El sistema no puede encontrar el archivo especificado)
[ERROR] [22-08-2024 00:32:13] [Java8Base64Image               :: 88  ] - El fichero \14_foto.jpg no existe
[INFO ] [22-08-2024 00:32:13] [Java8Base64Image               :: 73  ] - Image not foundjava.io.FileNotFoundException: \15_foto.jpg (Acceso denegado)
[INFO ] [22-08-2024 00:32:13] [Java8Base64Image               :: 59  ] - Image not foundjava.io.FileNotFoundException: \15_foto.jpg (El sistema no puede encontrar el archivo especificado)
[ERROR] [22-08-2024 00:32:13] [Java8Base64Image               :: 88  ] - El fichero \15_foto.jpg no existe
[INFO ] [22-08-2024 00:32:13] [Java8Base64Image               :: 73  ] - Image not foundjava.io.FileNotFoundException: \16_foto.jpg (Acceso denegado)
[INFO ] [22-08-2024 00:32:13] [Java8Base64Image               :: 59  ] - Image not foundjava.io.FileNotFoundException: \16_foto.jpg (El sistema no puede encontrar el archivo especificado)
[ERROR] [22-08-2024 00:32:13] [Java8Base64Image               :: 88  ] - El fichero \16_foto.jpg no existe
[INFO ] [22-08-2024 00:32:13] [Java8Base64Image               :: 73  ] - Image not foundjava.io.FileNotFoundException: \17_foto.jpg (Acceso denegado)
[INFO ] [22-08-2024 00:32:13] [Java8Base64Image               :: 59  ] - Image not foundjava.io.FileNotFoundException: \17_foto.jpg (El sistema no puede encontrar el archivo especificado)
[ERROR] [22-08-2024 00:32:13] [Java8Base64Image               :: 88  ] - El fichero \17_foto.jpg no existe
[INFO ] [22-08-2024 00:32:13] [Java8Base64Image               :: 73  ] - Image not foundjava.io.FileNotFoundException: \1_foto.jpg (Acceso denegado)
[INFO ] [22-08-2024 00:32:13] [Java8Base64Image               :: 59  ] - Image not foundjava.io.FileNotFoundException: \1_foto.jpg (El sistema no puede encontrar el archivo especificado)
[ERROR] [22-08-2024 00:32:13] [Java8Base64Image               :: 88  ] - El fichero \1_foto.jpg no existe
[INFO ] [22-08-2024 00:32:13] [Java8Base64Image               :: 73  ] - Image not foundjava.io.FileNotFoundException: \2_foto.jpg (Acceso denegado)
[INFO ] [22-08-2024 00:32:13] [Java8Base64Image               :: 59  ] - Image not foundjava.io.FileNotFoundException: \2_foto.jpg (El sistema no puede encontrar el archivo especificado)
[ERROR] [22-08-2024 00:32:13] [Java8Base64Image               :: 88  ] - El fichero \2_foto.jpg no existe
[INFO ] [22-08-2024 00:32:13] [Java8Base64Image               :: 73  ] - Image not foundjava.io.FileNotFoundException: \3_foto.jpg (Acceso denegado)
[INFO ] [22-08-2024 00:32:13] [Java8Base64Image               :: 59  ] - Image not foundjava.io.FileNotFoundException: \3_foto.jpg (El sistema no puede encontrar el archivo especificado)
[ERROR] [22-08-2024 00:32:13] [Java8Base64Image               :: 88  ] - El fichero \3_foto.jpg no existe
[INFO ] [22-08-2024 00:32:13] [Java8Base64Image               :: 73  ] - Image not foundjava.io.FileNotFoundException: \4_foto.jpg (Acceso denegado)
[INFO ] [22-08-2024 00:32:13] [Java8Base64Image               :: 59  ] - Image not foundjava.io.FileNotFoundException: \4_foto.jpg (El sistema no puede encontrar el archivo especificado)
[ERROR] [22-08-2024 00:32:13] [Java8Base64Image               :: 88  ] - El fichero \4_foto.jpg no existe
[INFO ] [22-08-2024 00:32:13] [Java8Base64Image               :: 73  ] - Image not foundjava.io.FileNotFoundException: \6_foto.jpg (Acceso denegado)
[INFO ] [22-08-2024 00:32:13] [Java8Base64Image               :: 59  ] - Image not foundjava.io.FileNotFoundException: \6_foto.jpg (El sistema no puede encontrar el archivo especificado)
[ERROR] [22-08-2024 00:32:13] [Java8Base64Image               :: 88  ] - El fichero \6_foto.jpg no existe
[INFO ] [22-08-2024 00:32:13] [Java8Base64Image               :: 73  ] - Image not foundjava.io.FileNotFoundException: \7_foto.jpg (Acceso denegado)
[INFO ] [22-08-2024 00:32:13] [Java8Base64Image               :: 59  ] - Image not foundjava.io.FileNotFoundException: \7_foto.jpg (El sistema no puede encontrar el archivo especificado)
[ERROR] [22-08-2024 00:32:13] [Java8Base64Image               :: 88  ] - El fichero \7_foto.jpg no existe
[INFO ] [22-08-2024 00:32:13] [Java8Base64Image               :: 73  ] - Image not foundjava.io.FileNotFoundException: \8_foto.jpg (Acceso denegado)
[INFO ] [22-08-2024 00:32:13] [Java8Base64Image               :: 59  ] - Image not foundjava.io.FileNotFoundException: \8_foto.jpg (El sistema no puede encontrar el archivo especificado)
[ERROR] [22-08-2024 00:32:13] [Java8Base64Image               :: 88  ] - El fichero \8_foto.jpg no existe
[INFO ] [22-08-2024 00:32:13] [Java8Base64Image               :: 73  ] - Image not foundjava.io.FileNotFoundException: \9_foto.jpg (Acceso denegado)
[INFO ] [22-08-2024 00:32:13] [Java8Base64Image               :: 59  ] - Image not foundjava.io.FileNotFoundException: \9_foto.jpg (El sistema no puede encontrar el archivo especificado)
[ERROR] [22-08-2024 00:32:13] [Java8Base64Image               :: 88  ] - El fichero \9_foto.jpg no existe
[INFO ] [22-08-2024 00:32:13] [Java8Base64Image               :: 73  ] - Image not foundjava.io.FileNotFoundException: \10_foto.jpg (Acceso denegado)
[INFO ] [22-08-2024 00:32:13] [Java8Base64Image               :: 59  ] - Image not foundjava.io.FileNotFoundException: \10_foto.jpg (El sistema no puede encontrar el archivo especificado)
[ERROR] [22-08-2024 00:32:13] [Java8Base64Image               :: 88  ] - El fichero \10_foto.jpg no existe
[INFO ] [22-08-2024 00:32:13] [Java8Base64Image               :: 73  ] - Image not foundjava.io.FileNotFoundException: \11_foto.jpg (Acceso denegado)
[INFO ] [22-08-2024 00:32:13] [Java8Base64Image               :: 59  ] - Image not foundjava.io.FileNotFoundException: \11_foto.jpg (El sistema no puede encontrar el archivo especificado)
[ERROR] [22-08-2024 00:32:13] [Java8Base64Image               :: 88  ] - El fichero \11_foto.jpg no existe
[INFO ] [22-08-2024 00:32:13] [Java8Base64Image               :: 73  ] - Image not foundjava.io.FileNotFoundException: \25_foto.jpg (Acceso denegado)
[INFO ] [22-08-2024 00:32:13] [Java8Base64Image               :: 59  ] - Image not foundjava.io.FileNotFoundException: \25_foto.jpg (El sistema no puede encontrar el archivo especificado)
[ERROR] [22-08-2024 00:32:13] [Java8Base64Image               :: 88  ] - El fichero \25_foto.jpg no existe
[INFO ] [22-08-2024 00:32:13] [Java8Base64Image               :: 73  ] - Image not foundjava.io.FileNotFoundException: \26_foto.jpg (Acceso denegado)
[INFO ] [22-08-2024 00:32:13] [Java8Base64Image               :: 59  ] - Image not foundjava.io.FileNotFoundException: \26_foto.jpg (El sistema no puede encontrar el archivo especificado)
[ERROR] [22-08-2024 00:32:13] [Java8Base64Image               :: 88  ] - El fichero \26_foto.jpg no existe
[INFO ] [22-08-2024 00:32:13] [Java8Base64Image               :: 73  ] - Image not foundjava.io.FileNotFoundException: \27_foto.jpg (Acceso denegado)
[INFO ] [22-08-2024 00:32:13] [Java8Base64Image               :: 59  ] - Image not foundjava.io.FileNotFoundException: \27_foto.jpg (El sistema no puede encontrar el archivo especificado)
[ERROR] [22-08-2024 00:32:13] [Java8Base64Image               :: 88  ] - El fichero \27_foto.jpg no existe
[INFO ] [22-08-2024 00:32:13] [Java8Base64Image               :: 73  ] - Image not foundjava.io.FileNotFoundException: \28_foto.jpg (Acceso denegado)
[INFO ] [22-08-2024 00:32:13] [Java8Base64Image               :: 59  ] - Image not foundjava.io.FileNotFoundException: \28_foto.jpg (El sistema no puede encontrar el archivo especificado)
[ERROR] [22-08-2024 00:32:13] [Java8Base64Image               :: 88  ] - El fichero \28_foto.jpg no existe
[INFO ] [22-08-2024 00:32:13] [Java8Base64Image               :: 73  ] - Image not foundjava.io.FileNotFoundException: \29_foto.jpg (Acceso denegado)
[INFO ] [22-08-2024 00:32:13] [Java8Base64Image               :: 59  ] - Image not foundjava.io.FileNotFoundException: \29_foto.jpg (El sistema no puede encontrar el archivo especificado)
[ERROR] [22-08-2024 00:32:13] [Java8Base64Image               :: 88  ] - El fichero \29_foto.jpg no existe
[INFO ] [22-08-2024 00:32:13] [Java8Base64Image               :: 73  ] - Image not foundjava.io.FileNotFoundException: \30_foto.jpg (Acceso denegado)
[INFO ] [22-08-2024 00:32:13] [Java8Base64Image               :: 59  ] - Image not foundjava.io.FileNotFoundException: \30_foto.jpg (El sistema no puede encontrar el archivo especificado)
[ERROR] [22-08-2024 00:32:13] [Java8Base64Image               :: 88  ] - El fichero \30_foto.jpg no existe
[INFO ] [22-08-2024 00:32:13] [Java8Base64Image               :: 73  ] - Image not foundjava.io.FileNotFoundException: \31_foto.jpg (Acceso denegado)
[INFO ] [22-08-2024 00:32:13] [Java8Base64Image               :: 59  ] - Image not foundjava.io.FileNotFoundException: \31_foto.jpg (El sistema no puede encontrar el archivo especificado)
[ERROR] [22-08-2024 00:32:13] [Java8Base64Image               :: 88  ] - El fichero \31_foto.jpg no existe
[INFO ] [22-08-2024 00:32:13] [Java8Base64Image               :: 73  ] - Image not foundjava.io.FileNotFoundException: \32_foto.jpg (Acceso denegado)
[INFO ] [22-08-2024 00:32:13] [Java8Base64Image               :: 59  ] - Image not foundjava.io.FileNotFoundException: \32_foto.jpg (El sistema no puede encontrar el archivo especificado)
[ERROR] [22-08-2024 00:32:13] [Java8Base64Image               :: 88  ] - El fichero \32_foto.jpg no existe
[DEBUG] [22-08-2024 00:32:21] [UsuarioImpl                    :: 90  ] - Implements :: findByUsuUsername :: JHAN.MORENO
[DEBUG] [22-08-2024 00:32:21] [UsuarioImpl                    :: 74  ] - Implements :: findUsuarioAuthorityByUsuId :: 2
[INFO ] [22-08-2024 00:32:21] [EmpresaImpl                    :: 33  ] - Implements :: findById :: 1
[INFO ] [22-08-2024 00:32:21] [FxComunes                      :: 67  ] - UsuarioAuthorityResponse{"authId":2,"authUsername":"JHAN.MORENO","authPassword":"$2a$10$TRELxEIP2KAHqD8rNfAvT.bUlV33MYwVGOP28pokRAd6gQ0F9GqXe","authRoles":"ADMIN","usuId":2,"authIsActive":true}
[INFO ] [22-08-2024 00:32:21] [FxComunes                      :: 67  ] - UsuarioResponse{"usuId":2,"usuNombre":"JHAN","usuApePaterno":"MORENO","usuApeMaterno":"GARCIA","usuTelefono":"972514160","empresaId":1}
[INFO ] [22-08-2024 00:32:21] [FxComunes                      :: 67  ] - EmpresaSession{"empId":1,"empDocumentoTipo":"RUC","empDocumentoNumero":"10441167321","empRazonSocial":"Jhan Pierre Moreno Garcia","empResponsable":"Jhan Moreno","empTelefono":"972514160","empImageLogo":null,"empNombreComercial":"Albin Wurst Lima","empFechaContratoInicio":1721797200000,"empFechaContratoFin":1721797200000,"empFechaCreacion":1721875636000,"empQrYape":null,"empQrPlin":null,"empQrPagos":null,"empIsActive":true}
[INFO ] [22-08-2024 00:32:21] [FxComunes                      :: 67  ] - PedidosEstado{"DESCARTADO":null,"EN_PROCESO":null,"REGISTRADO":null,"ATENDIDO":null,"PAGADO":null}
[INFO ] [22-08-2024 00:32:21] [FxComunes                      :: 67  ] - REGISTRADO[]
[INFO ] [22-08-2024 00:32:21] [FxComunes                      :: 67  ] - EN_PROCESO[]
[INFO ] [22-08-2024 00:32:21] [FxComunes                      :: 67  ] - PAGADO[]
[INFO ] [22-08-2024 00:32:21] [FxComunes                      :: 67  ] - ATENDIDO[]
[INFO ] [22-08-2024 00:32:21] [WLoginController               :: 90  ] - REGISTRADO Data: []
[INFO ] [22-08-2024 00:32:31] [ProductoImpl                   :: 32  ] - Implements :: findAll
[INFO ] [22-08-2024 00:32:31] [Java8Base64Image               :: 73  ] - Image not foundjava.io.FileNotFoundException: \14_foto.jpg (Acceso denegado)
[INFO ] [22-08-2024 00:32:31] [Java8Base64Image               :: 59  ] - Image not foundjava.io.FileNotFoundException: \14_foto.jpg (El sistema no puede encontrar el archivo especificado)
[ERROR] [22-08-2024 00:32:31] [Java8Base64Image               :: 88  ] - El fichero \14_foto.jpg no existe
[INFO ] [22-08-2024 00:32:31] [Java8Base64Image               :: 73  ] - Image not foundjava.io.FileNotFoundException: \15_foto.jpg (Acceso denegado)
[INFO ] [22-08-2024 00:32:31] [Java8Base64Image               :: 59  ] - Image not foundjava.io.FileNotFoundException: \15_foto.jpg (El sistema no puede encontrar el archivo especificado)
[ERROR] [22-08-2024 00:32:31] [Java8Base64Image               :: 88  ] - El fichero \15_foto.jpg no existe
[INFO ] [22-08-2024 00:32:31] [Java8Base64Image               :: 73  ] - Image not foundjava.io.FileNotFoundException: \16_foto.jpg (Acceso denegado)
[INFO ] [22-08-2024 00:32:31] [Java8Base64Image               :: 59  ] - Image not foundjava.io.FileNotFoundException: \16_foto.jpg (El sistema no puede encontrar el archivo especificado)
[ERROR] [22-08-2024 00:32:31] [Java8Base64Image               :: 88  ] - El fichero \16_foto.jpg no existe
[INFO ] [22-08-2024 00:32:31] [Java8Base64Image               :: 73  ] - Image not foundjava.io.FileNotFoundException: \17_foto.jpg (Acceso denegado)
[INFO ] [22-08-2024 00:32:31] [Java8Base64Image               :: 59  ] - Image not foundjava.io.FileNotFoundException: \17_foto.jpg (El sistema no puede encontrar el archivo especificado)
[ERROR] [22-08-2024 00:32:31] [Java8Base64Image               :: 88  ] - El fichero \17_foto.jpg no existe
[INFO ] [22-08-2024 00:32:31] [Java8Base64Image               :: 73  ] - Image not foundjava.io.FileNotFoundException: \1_foto.jpg (Acceso denegado)
[INFO ] [22-08-2024 00:32:31] [Java8Base64Image               :: 59  ] - Image not foundjava.io.FileNotFoundException: \1_foto.jpg (El sistema no puede encontrar el archivo especificado)
[ERROR] [22-08-2024 00:32:31] [Java8Base64Image               :: 88  ] - El fichero \1_foto.jpg no existe
[INFO ] [22-08-2024 00:32:31] [Java8Base64Image               :: 73  ] - Image not foundjava.io.FileNotFoundException: \2_foto.jpg (Acceso denegado)
[INFO ] [22-08-2024 00:32:31] [Java8Base64Image               :: 59  ] - Image not foundjava.io.FileNotFoundException: \2_foto.jpg (El sistema no puede encontrar el archivo especificado)
[ERROR] [22-08-2024 00:32:31] [Java8Base64Image               :: 88  ] - El fichero \2_foto.jpg no existe
[INFO ] [22-08-2024 00:32:31] [Java8Base64Image               :: 73  ] - Image not foundjava.io.FileNotFoundException: \3_foto.jpg (Acceso denegado)
[INFO ] [22-08-2024 00:32:31] [Java8Base64Image               :: 59  ] - Image not foundjava.io.FileNotFoundException: \3_foto.jpg (El sistema no puede encontrar el archivo especificado)
[ERROR] [22-08-2024 00:32:31] [Java8Base64Image               :: 88  ] - El fichero \3_foto.jpg no existe
[INFO ] [22-08-2024 00:32:31] [Java8Base64Image               :: 73  ] - Image not foundjava.io.FileNotFoundException: \4_foto.jpg (Acceso denegado)
[INFO ] [22-08-2024 00:32:31] [Java8Base64Image               :: 59  ] - Image not foundjava.io.FileNotFoundException: \4_foto.jpg (El sistema no puede encontrar el archivo especificado)
[ERROR] [22-08-2024 00:32:31] [Java8Base64Image               :: 88  ] - El fichero \4_foto.jpg no existe
[INFO ] [22-08-2024 00:32:31] [Java8Base64Image               :: 73  ] - Image not foundjava.io.FileNotFoundException: \6_foto.jpg (Acceso denegado)
[INFO ] [22-08-2024 00:32:31] [Java8Base64Image               :: 59  ] - Image not foundjava.io.FileNotFoundException: \6_foto.jpg (El sistema no puede encontrar el archivo especificado)
[ERROR] [22-08-2024 00:32:31] [Java8Base64Image               :: 88  ] - El fichero \6_foto.jpg no existe
[INFO ] [22-08-2024 00:32:31] [Java8Base64Image               :: 73  ] - Image not foundjava.io.FileNotFoundException: \7_foto.jpg (Acceso denegado)
[INFO ] [22-08-2024 00:32:31] [Java8Base64Image               :: 59  ] - Image not foundjava.io.FileNotFoundException: \7_foto.jpg (El sistema no puede encontrar el archivo especificado)
[ERROR] [22-08-2024 00:32:31] [Java8Base64Image               :: 88  ] - El fichero \7_foto.jpg no existe
[INFO ] [22-08-2024 00:32:31] [Java8Base64Image               :: 73  ] - Image not foundjava.io.FileNotFoundException: \8_foto.jpg (Acceso denegado)
[INFO ] [22-08-2024 00:32:31] [Java8Base64Image               :: 59  ] - Image not foundjava.io.FileNotFoundException: \8_foto.jpg (El sistema no puede encontrar el archivo especificado)
[ERROR] [22-08-2024 00:32:31] [Java8Base64Image               :: 88  ] - El fichero \8_foto.jpg no existe
[INFO ] [22-08-2024 00:32:31] [Java8Base64Image               :: 73  ] - Image not foundjava.io.FileNotFoundException: \9_foto.jpg (Acceso denegado)
[INFO ] [22-08-2024 00:32:31] [Java8Base64Image               :: 59  ] - Image not foundjava.io.FileNotFoundException: \9_foto.jpg (El sistema no puede encontrar el archivo especificado)
[ERROR] [22-08-2024 00:32:31] [Java8Base64Image               :: 88  ] - El fichero \9_foto.jpg no existe
[INFO ] [22-08-2024 00:32:31] [Java8Base64Image               :: 73  ] - Image not foundjava.io.FileNotFoundException: \10_foto.jpg (Acceso denegado)
[INFO ] [22-08-2024 00:32:31] [Java8Base64Image               :: 59  ] - Image not foundjava.io.FileNotFoundException: \10_foto.jpg (El sistema no puede encontrar el archivo especificado)
[ERROR] [22-08-2024 00:32:31] [Java8Base64Image               :: 88  ] - El fichero \10_foto.jpg no existe
[INFO ] [22-08-2024 00:32:31] [Java8Base64Image               :: 73  ] - Image not foundjava.io.FileNotFoundException: \11_foto.jpg (Acceso denegado)
[INFO ] [22-08-2024 00:32:31] [Java8Base64Image               :: 59  ] - Image not foundjava.io.FileNotFoundException: \11_foto.jpg (El sistema no puede encontrar el archivo especificado)
[ERROR] [22-08-2024 00:32:31] [Java8Base64Image               :: 88  ] - El fichero \11_foto.jpg no existe
[INFO ] [22-08-2024 00:32:31] [Java8Base64Image               :: 73  ] - Image not foundjava.io.FileNotFoundException: \25_foto.jpg (Acceso denegado)
[INFO ] [22-08-2024 00:32:31] [Java8Base64Image               :: 59  ] - Image not foundjava.io.FileNotFoundException: \25_foto.jpg (El sistema no puede encontrar el archivo especificado)
[ERROR] [22-08-2024 00:32:31] [Java8Base64Image               :: 88  ] - El fichero \25_foto.jpg no existe
[INFO ] [22-08-2024 00:32:31] [Java8Base64Image               :: 73  ] - Image not foundjava.io.FileNotFoundException: \26_foto.jpg (Acceso denegado)
[INFO ] [22-08-2024 00:32:31] [Java8Base64Image               :: 59  ] - Image not foundjava.io.FileNotFoundException: \26_foto.jpg (El sistema no puede encontrar el archivo especificado)
[ERROR] [22-08-2024 00:32:31] [Java8Base64Image               :: 88  ] - El fichero \26_foto.jpg no existe
[INFO ] [22-08-2024 00:32:31] [Java8Base64Image               :: 73  ] - Image not foundjava.io.FileNotFoundException: \27_foto.jpg (Acceso denegado)
[INFO ] [22-08-2024 00:32:31] [Java8Base64Image               :: 59  ] - Image not foundjava.io.FileNotFoundException: \27_foto.jpg (El sistema no puede encontrar el archivo especificado)
[ERROR] [22-08-2024 00:32:31] [Java8Base64Image               :: 88  ] - El fichero \27_foto.jpg no existe
[INFO ] [22-08-2024 00:32:31] [Java8Base64Image               :: 73  ] - Image not foundjava.io.FileNotFoundException: \28_foto.jpg (Acceso denegado)
[INFO ] [22-08-2024 00:32:31] [Java8Base64Image               :: 59  ] - Image not foundjava.io.FileNotFoundException: \28_foto.jpg (El sistema no puede encontrar el archivo especificado)
[ERROR] [22-08-2024 00:32:31] [Java8Base64Image               :: 88  ] - El fichero \28_foto.jpg no existe
[INFO ] [22-08-2024 00:32:31] [Java8Base64Image               :: 73  ] - Image not foundjava.io.FileNotFoundException: \29_foto.jpg (Acceso denegado)
[INFO ] [22-08-2024 00:32:31] [Java8Base64Image               :: 59  ] - Image not foundjava.io.FileNotFoundException: \29_foto.jpg (El sistema no puede encontrar el archivo especificado)
[ERROR] [22-08-2024 00:32:31] [Java8Base64Image               :: 88  ] - El fichero \29_foto.jpg no existe
[INFO ] [22-08-2024 00:32:31] [Java8Base64Image               :: 73  ] - Image not foundjava.io.FileNotFoundException: \30_foto.jpg (Acceso denegado)
[INFO ] [22-08-2024 00:32:31] [Java8Base64Image               :: 59  ] - Image not foundjava.io.FileNotFoundException: \30_foto.jpg (El sistema no puede encontrar el archivo especificado)
[ERROR] [22-08-2024 00:32:31] [Java8Base64Image               :: 88  ] - El fichero \30_foto.jpg no existe
[INFO ] [22-08-2024 00:32:31] [Java8Base64Image               :: 73  ] - Image not foundjava.io.FileNotFoundException: \31_foto.jpg (Acceso denegado)
[INFO ] [22-08-2024 00:32:31] [Java8Base64Image               :: 59  ] - Image not foundjava.io.FileNotFoundException: \31_foto.jpg (El sistema no puede encontrar el archivo especificado)
[ERROR] [22-08-2024 00:32:31] [Java8Base64Image               :: 88  ] - El fichero \31_foto.jpg no existe
[INFO ] [22-08-2024 00:32:31] [Java8Base64Image               :: 73  ] - Image not foundjava.io.FileNotFoundException: \32_foto.jpg (Acceso denegado)
[INFO ] [22-08-2024 00:32:31] [Java8Base64Image               :: 59  ] - Image not foundjava.io.FileNotFoundException: \32_foto.jpg (El sistema no puede encontrar el archivo especificado)
[ERROR] [22-08-2024 00:32:31] [Java8Base64Image               :: 88  ] - El fichero \32_foto.jpg no existe
[INFO ] [22-08-2024 00:45:37] [LocalContainerEntityManagerFactoryBean :: 651 ] - Closing JPA EntityManagerFactory for persistence unit 'default'
[INFO ] [22-08-2024 00:45:38] [HikariDataSource               :: 350 ] - HikariPool-1 - Shutdown initiated...
[INFO ] [22-08-2024 00:45:38] [HikariDataSource               :: 352 ] - HikariPool-1 - Shutdown completed.
