[INFO ] [27-11-2024 00:05:12] [LocalContainerEntityManagerFactoryBean :: 651 ] - Closing JPA EntityManagerFactory for persistence unit 'default'
[INFO ] [27-11-2024 00:05:12] [HikariDataSource               :: 350 ] - HikariPool-1 - Shutdown initiated...
[INFO ] [27-11-2024 00:05:12] [HikariDataSource               :: 352 ] - HikariPool-1 - Shutdown completed.
[INFO ] [27-11-2024 00:05:24] [KenpisApplication              :: 55  ] - Starting KenpisApplication using Java 12.0.2 on Giomar with PID 28048 (C:\Sistemas\kenpis\target\classes started by creo0 in C:\Sistemas\kenpis)
[DEBUG] [27-11-2024 00:05:24] [KenpisApplication              :: 56  ] - Running with Spring Boot v2.7.18, Spring v5.3.31
[INFO ] [27-11-2024 00:05:24] [KenpisApplication              :: 638 ] - The following 1 profile is active: "dev"
[INFO ] [27-11-2024 00:05:24] [DevToolsPropertyDefaultsPostProcessor :: 255 ] - Devtools property defaults active! Set 'spring.devtools.add-properties' to 'false' to disable
[INFO ] [27-11-2024 00:05:24] [RepositoryConfigurationDelegate :: 132 ] - Bootstrapping Spring Data JPA repositories in DEFAULT mode.
[INFO ] [27-11-2024 00:05:25] [RepositoryConfigurationDelegate :: 201 ] - Finished Spring Data repository scanning in 91 ms. Found 13 JPA repository interfaces.
[INFO ] [27-11-2024 00:05:25] [TomcatWebServer                :: 108 ] - Tomcat initialized with port(s): 8080 (http)
[INFO ] [27-11-2024 00:05:25] [Http11NioProtocol              :: 173 ] - Initializing ProtocolHandler ["http-nio-8080"]
[INFO ] [27-11-2024 00:05:25] [StandardService                :: 173 ] - Starting service [Tomcat]
[INFO ] [27-11-2024 00:05:25] [StandardEngine                 :: 173 ] - Starting Servlet engine: [Apache Tomcat/9.0.83]
[INFO ] [27-11-2024 00:05:26] [TldScanner                     :: 173 ] - At least one JAR was scanned for TLDs yet contained no TLDs. Enable debug logging for this logger for a complete list of JARs that were scanned but no TLDs were found in them. Skipping unneeded JARs during scanning can improve startup time and JSP compilation time.
[INFO ] [27-11-2024 00:05:26] [[/]                            :: 173 ] - Initializing Spring embedded WebApplicationContext
[INFO ] [27-11-2024 00:05:26] [ServletWebServerApplicationContext :: 292 ] - Root WebApplicationContext: initialization completed in 1868 ms
[INFO ] [27-11-2024 00:05:26] [LogHelper                      :: 31  ] - HHH000204: Processing PersistenceUnitInfo [name: default]
[INFO ] [27-11-2024 00:05:26] [Version                        :: 44  ] - HHH000412: Hibernate ORM core version 5.6.15.Final
[INFO ] [27-11-2024 00:05:26] [Version                        :: 56  ] - HCANN000001: Hibernate Commons Annotations {5.1.2.Final}
[INFO ] [27-11-2024 00:05:26] [HikariDataSource               :: 110 ] - HikariPool-1 - Starting...
[INFO ] [27-11-2024 00:05:27] [HikariDataSource               :: 123 ] - HikariPool-1 - Start completed.
[INFO ] [27-11-2024 00:05:27] [Dialect                        :: 175 ] - HHH000400: Using dialect: org.hibernate.dialect.SQLServerDialect
[INFO ] [27-11-2024 00:05:28] [JtaPlatformInitiator           :: 52  ] - HHH000490: Using JtaPlatform implementation: [org.hibernate.engine.transaction.jta.platform.internal.NoJtaPlatform]
[INFO ] [27-11-2024 00:05:28] [LocalContainerEntityManagerFactoryBean :: 437 ] - Initialized JPA EntityManagerFactory for persistence unit 'default'
[INFO ] [27-11-2024 00:05:28] [DefaultSecurityFilterChain     :: 55  ] - Will secure any request with [org.springframework.security.web.session.DisableEncodeUrlFilter@4e6b4488, org.springframework.security.web.context.request.async.WebAsyncManagerIntegrationFilter@35df1e4b, org.springframework.security.web.context.SecurityContextPersistenceFilter@7921585f, org.springframework.security.web.header.HeaderWriterFilter@7f2bce2d, org.springframework.security.web.authentication.logout.LogoutFilter@664e47ca, org.springframework.security.web.authentication.UsernamePasswordAuthenticationFilter@5e1fe4ea, org.springframework.security.web.savedrequest.RequestCacheAwareFilter@534eaf54, org.springframework.security.web.servletapi.SecurityContextHolderAwareRequestFilter@3f9202ec, org.springframework.security.web.authentication.AnonymousAuthenticationFilter@3abb6ab0, org.springframework.security.web.session.SessionManagementFilter@124077d0, org.springframework.security.web.access.ExceptionTranslationFilter@66494807, org.springframework.security.web.access.intercept.FilterSecurityInterceptor@5837884f]
[INFO ] [27-11-2024 00:05:28] [WelcomePageHandlerMapping      :: 60  ] - Adding welcome page template: index
[INFO ] [27-11-2024 00:05:29] [OptionalLiveReloadServer       :: 59  ] - LiveReload server is running on port 35729
[INFO ] [27-11-2024 00:05:29] [Http11NioProtocol              :: 173 ] - Starting ProtocolHandler ["http-nio-8080"]
[INFO ] [27-11-2024 00:05:29] [TomcatWebServer                :: 220 ] - Tomcat started on port(s): 8080 (http) with context path ''
[INFO ] [27-11-2024 00:05:29] [KenpisApplication              :: 61  ] - Started KenpisApplication in 5.356 seconds (JVM running for 5.691)
[INFO ] [27-11-2024 00:05:30] [[/]                            :: 173 ] - Initializing Spring DispatcherServlet 'dispatcherServlet'
[INFO ] [27-11-2024 00:05:30] [DispatcherServlet              :: 525 ] - Initializing Servlet 'dispatcherServlet'
[INFO ] [27-11-2024 00:05:30] [DispatcherServlet              :: 547 ] - Completed initialization in 1 ms
[WARN ] [27-11-2024 00:05:30] [SessionIdGeneratorBase         :: 173 ] - Creation of SecureRandom instance for session ID generation using [SHA1PRNG] took [105] milliseconds.
[DEBUG] [27-11-2024 00:05:33] [UsuarioImpl                    :: 219 ] - Implements :: findByUsuUsername :: JHAN.MORENO
[DEBUG] [27-11-2024 00:05:33] [UsuarioImpl                    :: 193 ] - Implements :: findUsuarioAuthorityByUsuId :: 2
[INFO ] [27-11-2024 00:05:33] [EmpresaImpl                    :: 55  ] - Implements :: findById :: 1
[INFO ] [27-11-2024 00:05:34] [WLoginController               :: 61  ] - Usuario logueado: JHAN.MORENO
[INFO ] [27-11-2024 00:05:34] [WLoginController               :: 62  ] - Estado de la empresa (activo/inactivo): true
[INFO ] [27-11-2024 00:05:34] [WLoginController               :: 75  ] - emprsa session : 1
[INFO ] [27-11-2024 00:05:34] [FxComunes                      :: 68  ] - PedidosEstado{"DESCARTADO":null,"EN_PROCESO":null,"REGISTRADO":null,"ATENDIDO":null,"PAGADO":null}
[INFO ] [27-11-2024 00:05:43] [ProductoImpl                   :: 62  ] - Implements :: findById :: 93
[INFO ] [27-11-2024 00:05:43] [FxComunes                      :: 68  ] - COMPLEMETNOS[]
[INFO ] [27-11-2024 00:05:47] [ProductoImpl                   :: 62  ] - Implements :: findById :: 95
[INFO ] [27-11-2024 00:05:48] [FxComunes                      :: 68  ] - COMPLEMETNOS[{"empId":null,"empNombreComercial":null,"proCompId":1,"proCompNombre":"Cremas","proCompPrecio":null,"proCompIdPadre":null,"subComplementos":"Mostaza, Mayonesa, Ketchup, Ají (Uchucuta)","detalles":null},{"empId":null,"empNombreComercial":null,"proCompId":2,"proCompNombre":"Toppings","proCompPrecio":null,"proCompIdPadre":null,"subComplementos":"Papas al Hilo, Pickles (Pepinillos)","detalles":null}]
[INFO ] [27-11-2024 00:18:30] [LocalContainerEntityManagerFactoryBean :: 651 ] - Closing JPA EntityManagerFactory for persistence unit 'default'
[INFO ] [27-11-2024 00:18:30] [HikariDataSource               :: 350 ] - HikariPool-1 - Shutdown initiated...
[INFO ] [27-11-2024 00:18:30] [HikariDataSource               :: 352 ] - HikariPool-1 - Shutdown completed.
[INFO ] [27-11-2024 00:18:40] [KenpisApplication              :: 55  ] - Starting KenpisApplication using Java 12.0.2 on Giomar with PID 30132 (C:\Sistemas\kenpis\target\classes started by creo0 in C:\Sistemas\kenpis)
[DEBUG] [27-11-2024 00:18:40] [KenpisApplication              :: 56  ] - Running with Spring Boot v2.7.18, Spring v5.3.31
[INFO ] [27-11-2024 00:18:40] [KenpisApplication              :: 638 ] - The following 1 profile is active: "dev"
[INFO ] [27-11-2024 00:18:40] [DevToolsPropertyDefaultsPostProcessor :: 255 ] - Devtools property defaults active! Set 'spring.devtools.add-properties' to 'false' to disable
[INFO ] [27-11-2024 00:18:40] [RepositoryConfigurationDelegate :: 132 ] - Bootstrapping Spring Data JPA repositories in DEFAULT mode.
[INFO ] [27-11-2024 00:18:41] [RepositoryConfigurationDelegate :: 201 ] - Finished Spring Data repository scanning in 110 ms. Found 13 JPA repository interfaces.
[INFO ] [27-11-2024 00:18:41] [TomcatWebServer                :: 108 ] - Tomcat initialized with port(s): 8080 (http)
[INFO ] [27-11-2024 00:18:41] [Http11NioProtocol              :: 173 ] - Initializing ProtocolHandler ["http-nio-8080"]
[INFO ] [27-11-2024 00:18:41] [StandardService                :: 173 ] - Starting service [Tomcat]
[INFO ] [27-11-2024 00:18:41] [StandardEngine                 :: 173 ] - Starting Servlet engine: [Apache Tomcat/9.0.83]
[INFO ] [27-11-2024 00:18:42] [TldScanner                     :: 173 ] - At least one JAR was scanned for TLDs yet contained no TLDs. Enable debug logging for this logger for a complete list of JARs that were scanned but no TLDs were found in them. Skipping unneeded JARs during scanning can improve startup time and JSP compilation time.
[INFO ] [27-11-2024 00:18:42] [[/]                            :: 173 ] - Initializing Spring embedded WebApplicationContext
[INFO ] [27-11-2024 00:18:42] [ServletWebServerApplicationContext :: 292 ] - Root WebApplicationContext: initialization completed in 1826 ms
[INFO ] [27-11-2024 00:18:42] [LogHelper                      :: 31  ] - HHH000204: Processing PersistenceUnitInfo [name: default]
[INFO ] [27-11-2024 00:18:42] [Version                        :: 44  ] - HHH000412: Hibernate ORM core version 5.6.15.Final
[INFO ] [27-11-2024 00:18:42] [Version                        :: 56  ] - HCANN000001: Hibernate Commons Annotations {5.1.2.Final}
[INFO ] [27-11-2024 00:18:42] [HikariDataSource               :: 110 ] - HikariPool-1 - Starting...
[INFO ] [27-11-2024 00:18:43] [HikariDataSource               :: 123 ] - HikariPool-1 - Start completed.
[INFO ] [27-11-2024 00:18:43] [Dialect                        :: 175 ] - HHH000400: Using dialect: org.hibernate.dialect.SQLServerDialect
[INFO ] [27-11-2024 00:18:44] [JtaPlatformInitiator           :: 52  ] - HHH000490: Using JtaPlatform implementation: [org.hibernate.engine.transaction.jta.platform.internal.NoJtaPlatform]
[INFO ] [27-11-2024 00:18:44] [LocalContainerEntityManagerFactoryBean :: 437 ] - Initialized JPA EntityManagerFactory for persistence unit 'default'
[INFO ] [27-11-2024 00:18:44] [DefaultSecurityFilterChain     :: 55  ] - Will secure any request with [org.springframework.security.web.session.DisableEncodeUrlFilter@8432b1e, org.springframework.security.web.context.request.async.WebAsyncManagerIntegrationFilter@4b5bf8d, org.springframework.security.web.context.SecurityContextPersistenceFilter@14bdf822, org.springframework.security.web.header.HeaderWriterFilter@343b2970, org.springframework.security.web.authentication.logout.LogoutFilter@269f56f9, org.springframework.security.web.authentication.UsernamePasswordAuthenticationFilter@472606b4, org.springframework.security.web.savedrequest.RequestCacheAwareFilter@6af93c8f, org.springframework.security.web.servletapi.SecurityContextHolderAwareRequestFilter@60a4a0a9, org.springframework.security.web.authentication.AnonymousAuthenticationFilter@49d927fd, org.springframework.security.web.session.SessionManagementFilter@2ef9bd3e, org.springframework.security.web.access.ExceptionTranslationFilter@590dc0a7, org.springframework.security.web.access.intercept.FilterSecurityInterceptor@29c85c34]
[INFO ] [27-11-2024 00:18:44] [WelcomePageHandlerMapping      :: 60  ] - Adding welcome page template: index
[INFO ] [27-11-2024 00:18:45] [OptionalLiveReloadServer       :: 59  ] - LiveReload server is running on port 35729
[INFO ] [27-11-2024 00:18:45] [Http11NioProtocol              :: 173 ] - Starting ProtocolHandler ["http-nio-8080"]
[INFO ] [27-11-2024 00:18:45] [TomcatWebServer                :: 220 ] - Tomcat started on port(s): 8080 (http) with context path ''
[INFO ] [27-11-2024 00:18:45] [KenpisApplication              :: 61  ] - Started KenpisApplication in 5.33 seconds (JVM running for 5.653)
[INFO ] [27-11-2024 00:18:52] [[/]                            :: 173 ] - Initializing Spring DispatcherServlet 'dispatcherServlet'
[INFO ] [27-11-2024 00:18:52] [DispatcherServlet              :: 525 ] - Initializing Servlet 'dispatcherServlet'
[INFO ] [27-11-2024 00:18:52] [DispatcherServlet              :: 547 ] - Completed initialization in 1 ms
[DEBUG] [27-11-2024 00:18:52] [UsuarioImpl                    :: 219 ] - Implements :: findByUsuUsername :: JHAN.MORENO
[DEBUG] [27-11-2024 00:18:52] [UsuarioImpl                    :: 193 ] - Implements :: findUsuarioAuthorityByUsuId :: 2
[INFO ] [27-11-2024 00:18:52] [EmpresaImpl                    :: 55  ] - Implements :: findById :: 1
[INFO ] [27-11-2024 00:18:52] [WLoginController               :: 61  ] - Usuario logueado: JHAN.MORENO
[INFO ] [27-11-2024 00:18:52] [WLoginController               :: 62  ] - Estado de la empresa (activo/inactivo): true
[INFO ] [27-11-2024 00:18:52] [WLoginController               :: 75  ] - emprsa session : 1
[INFO ] [27-11-2024 00:18:52] [FxComunes                      :: 68  ] - PedidosEstado{"DESCARTADO":null,"EN_PROCESO":null,"REGISTRADO":null,"ATENDIDO":null,"PAGADO":null}
[INFO ] [27-11-2024 00:19:01] [ProductoImpl                   :: 62  ] - Implements :: findById :: 95
[INFO ] [27-11-2024 00:19:02] [FxComunes                      :: 68  ] - COMPLEMETNOS[{"empId":null,"empNombreComercial":null,"proCompId":1,"proCompNombre":"Cremas","proCompPrecio":null,"proCompIdPadre":null,"subComplementos":"Mostaza, Mayonesa, Ketchup, Ají (Uchucuta)","detalles":null},{"empId":null,"empNombreComercial":null,"proCompId":2,"proCompNombre":"Toppings","proCompPrecio":null,"proCompIdPadre":null,"subComplementos":"Papas al Hilo, Pickles (Pepinillos)","detalles":null}]
[INFO ] [27-11-2024 00:27:24] [LocalContainerEntityManagerFactoryBean :: 651 ] - Closing JPA EntityManagerFactory for persistence unit 'default'
[INFO ] [27-11-2024 00:27:25] [HikariDataSource               :: 350 ] - HikariPool-1 - Shutdown initiated...
[INFO ] [27-11-2024 00:27:25] [HikariDataSource               :: 352 ] - HikariPool-1 - Shutdown completed.
[INFO ] [27-11-2024 00:27:37] [KenpisApplication              :: 55  ] - Starting KenpisApplication using Java 12.0.2 on Giomar with PID 28316 (C:\Sistemas\kenpis\target\classes started by creo0 in C:\Sistemas\kenpis)
[DEBUG] [27-11-2024 00:27:37] [KenpisApplication              :: 56  ] - Running with Spring Boot v2.7.18, Spring v5.3.31
[INFO ] [27-11-2024 00:27:37] [KenpisApplication              :: 638 ] - The following 1 profile is active: "dev"
[INFO ] [27-11-2024 00:27:37] [DevToolsPropertyDefaultsPostProcessor :: 255 ] - Devtools property defaults active! Set 'spring.devtools.add-properties' to 'false' to disable
[INFO ] [27-11-2024 00:27:37] [RepositoryConfigurationDelegate :: 132 ] - Bootstrapping Spring Data JPA repositories in DEFAULT mode.
[INFO ] [27-11-2024 00:27:38] [RepositoryConfigurationDelegate :: 201 ] - Finished Spring Data repository scanning in 87 ms. Found 13 JPA repository interfaces.
[INFO ] [27-11-2024 00:27:39] [TomcatWebServer                :: 108 ] - Tomcat initialized with port(s): 8080 (http)
[INFO ] [27-11-2024 00:27:39] [Http11NioProtocol              :: 173 ] - Initializing ProtocolHandler ["http-nio-8080"]
[INFO ] [27-11-2024 00:27:39] [StandardService                :: 173 ] - Starting service [Tomcat]
[INFO ] [27-11-2024 00:27:39] [StandardEngine                 :: 173 ] - Starting Servlet engine: [Apache Tomcat/9.0.83]
[INFO ] [27-11-2024 00:27:39] [TldScanner                     :: 173 ] - At least one JAR was scanned for TLDs yet contained no TLDs. Enable debug logging for this logger for a complete list of JARs that were scanned but no TLDs were found in them. Skipping unneeded JARs during scanning can improve startup time and JSP compilation time.
[INFO ] [27-11-2024 00:27:39] [[/]                            :: 173 ] - Initializing Spring embedded WebApplicationContext
[INFO ] [27-11-2024 00:27:39] [ServletWebServerApplicationContext :: 292 ] - Root WebApplicationContext: initialization completed in 1979 ms
[INFO ] [27-11-2024 00:27:39] [LogHelper                      :: 31  ] - HHH000204: Processing PersistenceUnitInfo [name: default]
[INFO ] [27-11-2024 00:27:39] [Version                        :: 44  ] - HHH000412: Hibernate ORM core version 5.6.15.Final
[INFO ] [27-11-2024 00:27:39] [Version                        :: 56  ] - HCANN000001: Hibernate Commons Annotations {5.1.2.Final}
[INFO ] [27-11-2024 00:27:39] [HikariDataSource               :: 110 ] - HikariPool-1 - Starting...
[INFO ] [27-11-2024 00:27:40] [HikariDataSource               :: 123 ] - HikariPool-1 - Start completed.
[INFO ] [27-11-2024 00:27:40] [Dialect                        :: 175 ] - HHH000400: Using dialect: org.hibernate.dialect.SQLServerDialect
[INFO ] [27-11-2024 00:27:41] [JtaPlatformInitiator           :: 52  ] - HHH000490: Using JtaPlatform implementation: [org.hibernate.engine.transaction.jta.platform.internal.NoJtaPlatform]
[INFO ] [27-11-2024 00:27:41] [LocalContainerEntityManagerFactoryBean :: 437 ] - Initialized JPA EntityManagerFactory for persistence unit 'default'
[INFO ] [27-11-2024 00:27:41] [DefaultSecurityFilterChain     :: 55  ] - Will secure any request with [org.springframework.security.web.session.DisableEncodeUrlFilter@72053118, org.springframework.security.web.context.request.async.WebAsyncManagerIntegrationFilter@2887e5a2, org.springframework.security.web.context.SecurityContextPersistenceFilter@62cc6dae, org.springframework.security.web.header.HeaderWriterFilter@1a6d0f93, org.springframework.security.web.authentication.logout.LogoutFilter@716e0270, org.springframework.security.web.authentication.UsernamePasswordAuthenticationFilter@5ed92b79, org.springframework.security.web.savedrequest.RequestCacheAwareFilter@270034a8, org.springframework.security.web.servletapi.SecurityContextHolderAwareRequestFilter@6ccf2051, org.springframework.security.web.authentication.AnonymousAuthenticationFilter@476cd804, org.springframework.security.web.session.SessionManagementFilter@2b98cedd, org.springframework.security.web.access.ExceptionTranslationFilter@1f838c1d, org.springframework.security.web.access.intercept.FilterSecurityInterceptor@4d001706]
[INFO ] [27-11-2024 00:27:42] [WelcomePageHandlerMapping      :: 60  ] - Adding welcome page template: index
[INFO ] [27-11-2024 00:27:42] [OptionalLiveReloadServer       :: 59  ] - LiveReload server is running on port 35729
[INFO ] [27-11-2024 00:27:42] [Http11NioProtocol              :: 173 ] - Starting ProtocolHandler ["http-nio-8080"]
[INFO ] [27-11-2024 00:27:42] [TomcatWebServer                :: 220 ] - Tomcat started on port(s): 8080 (http) with context path ''
[INFO ] [27-11-2024 00:27:42] [KenpisApplication              :: 61  ] - Started KenpisApplication in 5.639 seconds (JVM running for 6.454)
[INFO ] [27-11-2024 00:27:45] [[/]                            :: 173 ] - Initializing Spring DispatcherServlet 'dispatcherServlet'
[INFO ] [27-11-2024 00:27:45] [DispatcherServlet              :: 525 ] - Initializing Servlet 'dispatcherServlet'
[INFO ] [27-11-2024 00:27:45] [DispatcherServlet              :: 547 ] - Completed initialization in 1 ms
[DEBUG] [27-11-2024 00:27:45] [UsuarioImpl                    :: 219 ] - Implements :: findByUsuUsername :: JHAN.MORENO
[DEBUG] [27-11-2024 00:27:45] [UsuarioImpl                    :: 193 ] - Implements :: findUsuarioAuthorityByUsuId :: 2
[INFO ] [27-11-2024 00:27:45] [EmpresaImpl                    :: 55  ] - Implements :: findById :: 1
[INFO ] [27-11-2024 00:27:45] [WLoginController               :: 61  ] - Usuario logueado: JHAN.MORENO
[INFO ] [27-11-2024 00:27:45] [WLoginController               :: 62  ] - Estado de la empresa (activo/inactivo): true
[INFO ] [27-11-2024 00:27:45] [WLoginController               :: 75  ] - emprsa session : 1
[INFO ] [27-11-2024 00:27:45] [FxComunes                      :: 68  ] - PedidosEstado{"DESCARTADO":null,"EN_PROCESO":null,"REGISTRADO":null,"ATENDIDO":null,"PAGADO":null}
[INFO ] [27-11-2024 00:27:53] [ProductoImpl                   :: 62  ] - Implements :: findById :: 95
[INFO ] [27-11-2024 00:27:54] [FxComunes                      :: 68  ] - COMPLEMETNOS[{"empId":null,"empNombreComercial":null,"proCompId":1,"proCompNombre":"Cremas","proCompPrecio":null,"proCompIdPadre":null,"subComplementos":"Mostaza, Mayonesa, Ketchup, Ají (Uchucuta)","detalles":null},{"empId":null,"empNombreComercial":null,"proCompId":2,"proCompNombre":"Toppings","proCompPrecio":null,"proCompIdPadre":null,"subComplementos":"Papas al Hilo, Pickles (Pepinillos)","detalles":null}]
[INFO ] [27-11-2024 00:36:32] [LocalContainerEntityManagerFactoryBean :: 651 ] - Closing JPA EntityManagerFactory for persistence unit 'default'
[INFO ] [27-11-2024 00:36:33] [HikariDataSource               :: 350 ] - HikariPool-1 - Shutdown initiated...
[INFO ] [27-11-2024 00:36:33] [HikariDataSource               :: 352 ] - HikariPool-1 - Shutdown completed.
[INFO ] [27-11-2024 00:36:42] [KenpisApplication              :: 55  ] - Starting KenpisApplication using Java 12.0.2 on Giomar with PID 3100 (C:\Sistemas\kenpis\target\classes started by creo0 in C:\Sistemas\kenpis)
[DEBUG] [27-11-2024 00:36:42] [KenpisApplication              :: 56  ] - Running with Spring Boot v2.7.18, Spring v5.3.31
[INFO ] [27-11-2024 00:36:42] [KenpisApplication              :: 638 ] - The following 1 profile is active: "dev"
[INFO ] [27-11-2024 00:36:42] [DevToolsPropertyDefaultsPostProcessor :: 255 ] - Devtools property defaults active! Set 'spring.devtools.add-properties' to 'false' to disable
[INFO ] [27-11-2024 00:36:43] [RepositoryConfigurationDelegate :: 132 ] - Bootstrapping Spring Data JPA repositories in DEFAULT mode.
[INFO ] [27-11-2024 00:36:43] [RepositoryConfigurationDelegate :: 201 ] - Finished Spring Data repository scanning in 82 ms. Found 13 JPA repository interfaces.
[INFO ] [27-11-2024 00:36:44] [TomcatWebServer                :: 108 ] - Tomcat initialized with port(s): 8080 (http)
[INFO ] [27-11-2024 00:36:44] [Http11NioProtocol              :: 173 ] - Initializing ProtocolHandler ["http-nio-8080"]
[INFO ] [27-11-2024 00:36:44] [StandardService                :: 173 ] - Starting service [Tomcat]
[INFO ] [27-11-2024 00:36:44] [StandardEngine                 :: 173 ] - Starting Servlet engine: [Apache Tomcat/9.0.83]
[INFO ] [27-11-2024 00:36:44] [TldScanner                     :: 173 ] - At least one JAR was scanned for TLDs yet contained no TLDs. Enable debug logging for this logger for a complete list of JARs that were scanned but no TLDs were found in them. Skipping unneeded JARs during scanning can improve startup time and JSP compilation time.
[INFO ] [27-11-2024 00:36:44] [[/]                            :: 173 ] - Initializing Spring embedded WebApplicationContext
[INFO ] [27-11-2024 00:36:44] [ServletWebServerApplicationContext :: 292 ] - Root WebApplicationContext: initialization completed in 1632 ms
[INFO ] [27-11-2024 00:36:44] [LogHelper                      :: 31  ] - HHH000204: Processing PersistenceUnitInfo [name: default]
[INFO ] [27-11-2024 00:36:44] [Version                        :: 44  ] - HHH000412: Hibernate ORM core version 5.6.15.Final
[INFO ] [27-11-2024 00:36:44] [Version                        :: 56  ] - HCANN000001: Hibernate Commons Annotations {5.1.2.Final}
[INFO ] [27-11-2024 00:36:44] [HikariDataSource               :: 110 ] - HikariPool-1 - Starting...
[INFO ] [27-11-2024 00:36:45] [HikariDataSource               :: 123 ] - HikariPool-1 - Start completed.
[INFO ] [27-11-2024 00:36:45] [Dialect                        :: 175 ] - HHH000400: Using dialect: org.hibernate.dialect.SQLServerDialect
[INFO ] [27-11-2024 00:36:46] [JtaPlatformInitiator           :: 52  ] - HHH000490: Using JtaPlatform implementation: [org.hibernate.engine.transaction.jta.platform.internal.NoJtaPlatform]
[INFO ] [27-11-2024 00:36:46] [LocalContainerEntityManagerFactoryBean :: 437 ] - Initialized JPA EntityManagerFactory for persistence unit 'default'
[INFO ] [27-11-2024 00:36:47] [DefaultSecurityFilterChain     :: 55  ] - Will secure any request with [org.springframework.security.web.session.DisableEncodeUrlFilter@650a290, org.springframework.security.web.context.request.async.WebAsyncManagerIntegrationFilter@3dea47f4, org.springframework.security.web.context.SecurityContextPersistenceFilter@73710a92, org.springframework.security.web.header.HeaderWriterFilter@f73dffd, org.springframework.security.web.authentication.logout.LogoutFilter@34627102, org.springframework.security.web.authentication.UsernamePasswordAuthenticationFilter@2b25ee1a, org.springframework.security.web.savedrequest.RequestCacheAwareFilter@ab4956a, org.springframework.security.web.servletapi.SecurityContextHolderAwareRequestFilter@55439b2c, org.springframework.security.web.authentication.AnonymousAuthenticationFilter@7741667e, org.springframework.security.web.session.SessionManagementFilter@80bde68, org.springframework.security.web.access.ExceptionTranslationFilter@3e292538, org.springframework.security.web.access.intercept.FilterSecurityInterceptor@2ed2fd8c]
[INFO ] [27-11-2024 00:36:47] [WelcomePageHandlerMapping      :: 60  ] - Adding welcome page template: index
[INFO ] [27-11-2024 00:36:47] [OptionalLiveReloadServer       :: 59  ] - LiveReload server is running on port 35729
[INFO ] [27-11-2024 00:36:47] [Http11NioProtocol              :: 173 ] - Starting ProtocolHandler ["http-nio-8080"]
[INFO ] [27-11-2024 00:36:47] [TomcatWebServer                :: 220 ] - Tomcat started on port(s): 8080 (http) with context path ''
[INFO ] [27-11-2024 00:36:47] [KenpisApplication              :: 61  ] - Started KenpisApplication in 5.531 seconds (JVM running for 6.229)
[INFO ] [27-11-2024 00:38:24] [[/]                            :: 173 ] - Initializing Spring DispatcherServlet 'dispatcherServlet'
[INFO ] [27-11-2024 00:38:24] [DispatcherServlet              :: 525 ] - Initializing Servlet 'dispatcherServlet'
[INFO ] [27-11-2024 00:38:24] [DispatcherServlet              :: 547 ] - Completed initialization in 26 ms
[DEBUG] [27-11-2024 00:38:24] [UsuarioImpl                    :: 219 ] - Implements :: findByUsuUsername :: JHAN.MORENO
[DEBUG] [27-11-2024 00:38:25] [UsuarioImpl                    :: 193 ] - Implements :: findUsuarioAuthorityByUsuId :: 2
[INFO ] [27-11-2024 00:38:25] [EmpresaImpl                    :: 55  ] - Implements :: findById :: 1
[INFO ] [27-11-2024 00:38:25] [WLoginController               :: 61  ] - Usuario logueado: JHAN.MORENO
[INFO ] [27-11-2024 00:38:25] [WLoginController               :: 62  ] - Estado de la empresa (activo/inactivo): true
[INFO ] [27-11-2024 00:38:25] [WLoginController               :: 75  ] - emprsa session : 1
[INFO ] [27-11-2024 00:38:25] [FxComunes                      :: 68  ] - PedidosEstado{"DESCARTADO":null,"EN_PROCESO":null,"REGISTRADO":null,"ATENDIDO":null,"PAGADO":null}
[INFO ] [27-11-2024 00:38:32] [ProductoImpl                   :: 62  ] - Implements :: findById :: 95
[INFO ] [27-11-2024 00:38:32] [FxComunes                      :: 68  ] - COMPLEMETNOS[{"empId":null,"empNombreComercial":null,"proCompId":1,"proCompNombre":"Cremas","proCompPrecio":null,"proCompIdPadre":null,"subComplementos":"Mostaza, Mayonesa, Ketchup, Ají (Uchucuta)","detalles":null},{"empId":null,"empNombreComercial":null,"proCompId":2,"proCompNombre":"Toppings","proCompPrecio":null,"proCompIdPadre":null,"subComplementos":"Papas al Hilo, Pickles (Pepinillos)","detalles":null}]
[INFO ] [27-11-2024 00:40:28] [LocalContainerEntityManagerFactoryBean :: 651 ] - Closing JPA EntityManagerFactory for persistence unit 'default'
[INFO ] [27-11-2024 00:40:28] [HikariDataSource               :: 350 ] - HikariPool-1 - Shutdown initiated...
[INFO ] [27-11-2024 00:40:29] [HikariDataSource               :: 352 ] - HikariPool-1 - Shutdown completed.
[INFO ] [27-11-2024 00:40:36] [KenpisApplication              :: 55  ] - Starting KenpisApplication using Java 12.0.2 on Giomar with PID 29760 (C:\Sistemas\kenpis\target\classes started by creo0 in C:\Sistemas\kenpis)
[DEBUG] [27-11-2024 00:40:36] [KenpisApplication              :: 56  ] - Running with Spring Boot v2.7.18, Spring v5.3.31
[INFO ] [27-11-2024 00:40:36] [KenpisApplication              :: 638 ] - The following 1 profile is active: "dev"
[INFO ] [27-11-2024 00:40:36] [DevToolsPropertyDefaultsPostProcessor :: 255 ] - Devtools property defaults active! Set 'spring.devtools.add-properties' to 'false' to disable
[INFO ] [27-11-2024 00:40:37] [RepositoryConfigurationDelegate :: 132 ] - Bootstrapping Spring Data JPA repositories in DEFAULT mode.
[INFO ] [27-11-2024 00:40:37] [RepositoryConfigurationDelegate :: 201 ] - Finished Spring Data repository scanning in 84 ms. Found 13 JPA repository interfaces.
[INFO ] [27-11-2024 00:40:38] [TomcatWebServer                :: 108 ] - Tomcat initialized with port(s): 8080 (http)
[INFO ] [27-11-2024 00:40:38] [Http11NioProtocol              :: 173 ] - Initializing ProtocolHandler ["http-nio-8080"]
[INFO ] [27-11-2024 00:40:38] [StandardService                :: 173 ] - Starting service [Tomcat]
[INFO ] [27-11-2024 00:40:38] [StandardEngine                 :: 173 ] - Starting Servlet engine: [Apache Tomcat/9.0.83]
[INFO ] [27-11-2024 00:40:38] [TldScanner                     :: 173 ] - At least one JAR was scanned for TLDs yet contained no TLDs. Enable debug logging for this logger for a complete list of JARs that were scanned but no TLDs were found in them. Skipping unneeded JARs during scanning can improve startup time and JSP compilation time.
[INFO ] [27-11-2024 00:40:38] [[/]                            :: 173 ] - Initializing Spring embedded WebApplicationContext
[INFO ] [27-11-2024 00:40:38] [ServletWebServerApplicationContext :: 292 ] - Root WebApplicationContext: initialization completed in 1467 ms
[INFO ] [27-11-2024 00:40:38] [LogHelper                      :: 31  ] - HHH000204: Processing PersistenceUnitInfo [name: default]
[INFO ] [27-11-2024 00:40:38] [Version                        :: 44  ] - HHH000412: Hibernate ORM core version 5.6.15.Final
[INFO ] [27-11-2024 00:40:38] [Version                        :: 56  ] - HCANN000001: Hibernate Commons Annotations {5.1.2.Final}
[INFO ] [27-11-2024 00:40:38] [HikariDataSource               :: 110 ] - HikariPool-1 - Starting...
[INFO ] [27-11-2024 00:40:39] [HikariDataSource               :: 123 ] - HikariPool-1 - Start completed.
[INFO ] [27-11-2024 00:40:39] [Dialect                        :: 175 ] - HHH000400: Using dialect: org.hibernate.dialect.SQLServerDialect
[INFO ] [27-11-2024 00:40:40] [JtaPlatformInitiator           :: 52  ] - HHH000490: Using JtaPlatform implementation: [org.hibernate.engine.transaction.jta.platform.internal.NoJtaPlatform]
[INFO ] [27-11-2024 00:40:40] [LocalContainerEntityManagerFactoryBean :: 437 ] - Initialized JPA EntityManagerFactory for persistence unit 'default'
[INFO ] [27-11-2024 00:40:40] [DefaultSecurityFilterChain     :: 55  ] - Will secure any request with [org.springframework.security.web.session.DisableEncodeUrlFilter@45a1a8c0, org.springframework.security.web.context.request.async.WebAsyncManagerIntegrationFilter@5210aa63, org.springframework.security.web.context.SecurityContextPersistenceFilter@e0bec4f, org.springframework.security.web.header.HeaderWriterFilter@786c4333, org.springframework.security.web.authentication.logout.LogoutFilter@60e2e3da, org.springframework.security.web.authentication.UsernamePasswordAuthenticationFilter@98e8f8d, org.springframework.security.web.savedrequest.RequestCacheAwareFilter@3ba29323, org.springframework.security.web.servletapi.SecurityContextHolderAwareRequestFilter@7a098c91, org.springframework.security.web.authentication.AnonymousAuthenticationFilter@653da83b, org.springframework.security.web.session.SessionManagementFilter@5043e715, org.springframework.security.web.access.ExceptionTranslationFilter@7871744b, org.springframework.security.web.access.intercept.FilterSecurityInterceptor@249c8e4e]
[INFO ] [27-11-2024 00:40:40] [WelcomePageHandlerMapping      :: 60  ] - Adding welcome page template: index
[INFO ] [27-11-2024 00:40:41] [OptionalLiveReloadServer       :: 59  ] - LiveReload server is running on port 35729
[INFO ] [27-11-2024 00:40:41] [Http11NioProtocol              :: 173 ] - Starting ProtocolHandler ["http-nio-8080"]
[INFO ] [27-11-2024 00:40:41] [TomcatWebServer                :: 220 ] - Tomcat started on port(s): 8080 (http) with context path ''
[INFO ] [27-11-2024 00:40:41] [KenpisApplication              :: 61  ] - Started KenpisApplication in 4.788 seconds (JVM running for 5.396)
[INFO ] [27-11-2024 00:40:45] [[/]                            :: 173 ] - Initializing Spring DispatcherServlet 'dispatcherServlet'
[INFO ] [27-11-2024 00:40:45] [DispatcherServlet              :: 525 ] - Initializing Servlet 'dispatcherServlet'
[INFO ] [27-11-2024 00:40:45] [DispatcherServlet              :: 547 ] - Completed initialization in 1 ms
[DEBUG] [27-11-2024 00:40:52] [UsuarioImpl                    :: 219 ] - Implements :: findByUsuUsername :: JHAN.MORENO
[DEBUG] [27-11-2024 00:40:52] [UsuarioImpl                    :: 193 ] - Implements :: findUsuarioAuthorityByUsuId :: 2
[INFO ] [27-11-2024 00:40:52] [EmpresaImpl                    :: 55  ] - Implements :: findById :: 1
[INFO ] [27-11-2024 00:40:52] [WLoginController               :: 61  ] - Usuario logueado: JHAN.MORENO
[INFO ] [27-11-2024 00:40:52] [WLoginController               :: 62  ] - Estado de la empresa (activo/inactivo): true
[INFO ] [27-11-2024 00:40:52] [WLoginController               :: 75  ] - emprsa session : 1
[INFO ] [27-11-2024 00:40:52] [FxComunes                      :: 68  ] - PedidosEstado{"DESCARTADO":null,"EN_PROCESO":null,"REGISTRADO":null,"ATENDIDO":null,"PAGADO":null}
[INFO ] [27-11-2024 00:40:58] [ProductoImpl                   :: 62  ] - Implements :: findById :: 95
[INFO ] [27-11-2024 00:40:58] [FxComunes                      :: 68  ] - COMPLEMETNOS[{"empId":null,"empNombreComercial":null,"proCompId":1,"proCompNombre":"Cremas","proCompPrecio":null,"proCompIdPadre":null,"subComplementos":"Mostaza, Mayonesa, Ketchup, Ají (Uchucuta)","detalles":null},{"empId":null,"empNombreComercial":null,"proCompId":2,"proCompNombre":"Toppings","proCompPrecio":null,"proCompIdPadre":null,"subComplementos":"Papas al Hilo, Pickles (Pepinillos)","detalles":null}]
[INFO ] [27-11-2024 00:41:33] [ProductoImpl                   :: 62  ] - Implements :: findById :: 95
[INFO ] [27-11-2024 00:41:33] [FxComunes                      :: 68  ] - COMPLEMETNOS[{"empId":null,"empNombreComercial":null,"proCompId":1,"proCompNombre":"Cremas","proCompPrecio":null,"proCompIdPadre":null,"subComplementos":"Mostaza, Mayonesa, Ketchup, Ají (Uchucuta)","detalles":null},{"empId":null,"empNombreComercial":null,"proCompId":2,"proCompNombre":"Toppings","proCompPrecio":null,"proCompIdPadre":null,"subComplementos":"Papas al Hilo, Pickles (Pepinillos)","detalles":null}]
[INFO ] [27-11-2024 00:42:24] [ProductoImpl                   :: 62  ] - Implements :: findById :: 95
[INFO ] [27-11-2024 00:42:24] [FxComunes                      :: 68  ] - COMPLEMETNOS[{"empId":null,"empNombreComercial":null,"proCompId":1,"proCompNombre":"Cremas","proCompPrecio":null,"proCompIdPadre":null,"subComplementos":"Mostaza, Mayonesa, Ketchup, Ají (Uchucuta)","detalles":null},{"empId":null,"empNombreComercial":null,"proCompId":2,"proCompNombre":"Toppings","proCompPrecio":null,"proCompIdPadre":null,"subComplementos":"Papas al Hilo, Pickles (Pepinillos)","detalles":null}]
[INFO ] [27-11-2024 00:42:52] [ProductoImpl                   :: 62  ] - Implements :: findById :: 95
[INFO ] [27-11-2024 00:42:53] [FxComunes                      :: 68  ] - COMPLEMETNOS[{"empId":null,"empNombreComercial":null,"proCompId":1,"proCompNombre":"Cremas","proCompPrecio":null,"proCompIdPadre":null,"subComplementos":"Mostaza, Mayonesa, Ketchup, Ají (Uchucuta)","detalles":null},{"empId":null,"empNombreComercial":null,"proCompId":2,"proCompNombre":"Toppings","proCompPrecio":null,"proCompIdPadre":null,"subComplementos":"Papas al Hilo, Pickles (Pepinillos)","detalles":null}]
[INFO ] [27-11-2024 00:49:01] [LocalContainerEntityManagerFactoryBean :: 651 ] - Closing JPA EntityManagerFactory for persistence unit 'default'
[INFO ] [27-11-2024 00:49:02] [HikariDataSource               :: 350 ] - HikariPool-1 - Shutdown initiated...
[INFO ] [27-11-2024 00:49:02] [HikariDataSource               :: 352 ] - HikariPool-1 - Shutdown completed.
[INFO ] [27-11-2024 00:49:14] [KenpisApplication              :: 55  ] - Starting KenpisApplication using Java 12.0.2 on Giomar with PID 32808 (C:\Sistemas\kenpis\target\classes started by creo0 in C:\Sistemas\kenpis)
[DEBUG] [27-11-2024 00:49:14] [KenpisApplication              :: 56  ] - Running with Spring Boot v2.7.18, Spring v5.3.31
[INFO ] [27-11-2024 00:49:14] [KenpisApplication              :: 638 ] - The following 1 profile is active: "dev"
[INFO ] [27-11-2024 00:49:14] [DevToolsPropertyDefaultsPostProcessor :: 255 ] - Devtools property defaults active! Set 'spring.devtools.add-properties' to 'false' to disable
[INFO ] [27-11-2024 00:49:15] [RepositoryConfigurationDelegate :: 132 ] - Bootstrapping Spring Data JPA repositories in DEFAULT mode.
[INFO ] [27-11-2024 00:49:15] [RepositoryConfigurationDelegate :: 201 ] - Finished Spring Data repository scanning in 93 ms. Found 13 JPA repository interfaces.
[INFO ] [27-11-2024 00:49:16] [TomcatWebServer                :: 108 ] - Tomcat initialized with port(s): 8080 (http)
[INFO ] [27-11-2024 00:49:16] [Http11NioProtocol              :: 173 ] - Initializing ProtocolHandler ["http-nio-8080"]
[INFO ] [27-11-2024 00:49:16] [StandardService                :: 173 ] - Starting service [Tomcat]
[INFO ] [27-11-2024 00:49:16] [StandardEngine                 :: 173 ] - Starting Servlet engine: [Apache Tomcat/9.0.83]
[INFO ] [27-11-2024 00:49:16] [TldScanner                     :: 173 ] - At least one JAR was scanned for TLDs yet contained no TLDs. Enable debug logging for this logger for a complete list of JARs that were scanned but no TLDs were found in them. Skipping unneeded JARs during scanning can improve startup time and JSP compilation time.
[INFO ] [27-11-2024 00:49:16] [[/]                            :: 173 ] - Initializing Spring embedded WebApplicationContext
[INFO ] [27-11-2024 00:49:16] [ServletWebServerApplicationContext :: 292 ] - Root WebApplicationContext: initialization completed in 1967 ms
[INFO ] [27-11-2024 00:49:16] [LogHelper                      :: 31  ] - HHH000204: Processing PersistenceUnitInfo [name: default]
[INFO ] [27-11-2024 00:49:16] [Version                        :: 44  ] - HHH000412: Hibernate ORM core version 5.6.15.Final
[INFO ] [27-11-2024 00:49:16] [Version                        :: 56  ] - HCANN000001: Hibernate Commons Annotations {5.1.2.Final}
[INFO ] [27-11-2024 00:49:16] [HikariDataSource               :: 110 ] - HikariPool-1 - Starting...
[INFO ] [27-11-2024 00:49:17] [HikariDataSource               :: 123 ] - HikariPool-1 - Start completed.
[INFO ] [27-11-2024 00:49:17] [Dialect                        :: 175 ] - HHH000400: Using dialect: org.hibernate.dialect.SQLServerDialect
[INFO ] [27-11-2024 00:49:18] [JtaPlatformInitiator           :: 52  ] - HHH000490: Using JtaPlatform implementation: [org.hibernate.engine.transaction.jta.platform.internal.NoJtaPlatform]
[INFO ] [27-11-2024 00:49:18] [LocalContainerEntityManagerFactoryBean :: 437 ] - Initialized JPA EntityManagerFactory for persistence unit 'default'
[INFO ] [27-11-2024 00:49:18] [DefaultSecurityFilterChain     :: 55  ] - Will secure any request with [org.springframework.security.web.session.DisableEncodeUrlFilter@625502e2, org.springframework.security.web.context.request.async.WebAsyncManagerIntegrationFilter@64f9d4be, org.springframework.security.web.context.SecurityContextPersistenceFilter@55e1067b, org.springframework.security.web.header.HeaderWriterFilter@38638dd9, org.springframework.security.web.authentication.logout.LogoutFilter@2fd4e0b, org.springframework.security.web.authentication.UsernamePasswordAuthenticationFilter@2503051c, org.springframework.security.web.savedrequest.RequestCacheAwareFilter@626a9b64, org.springframework.security.web.servletapi.SecurityContextHolderAwareRequestFilter@60e2e3da, org.springframework.security.web.authentication.AnonymousAuthenticationFilter@150f108c, org.springframework.security.web.session.SessionManagementFilter@2c45bb29, org.springframework.security.web.access.ExceptionTranslationFilter@313e56e2, org.springframework.security.web.access.intercept.FilterSecurityInterceptor@37b0ba5d]
[INFO ] [27-11-2024 00:49:19] [WelcomePageHandlerMapping      :: 60  ] - Adding welcome page template: index
[INFO ] [27-11-2024 00:49:19] [OptionalLiveReloadServer       :: 59  ] - LiveReload server is running on port 35729
[INFO ] [27-11-2024 00:49:19] [Http11NioProtocol              :: 173 ] - Starting ProtocolHandler ["http-nio-8080"]
[INFO ] [27-11-2024 00:49:19] [TomcatWebServer                :: 220 ] - Tomcat started on port(s): 8080 (http) with context path ''
[INFO ] [27-11-2024 00:49:19] [KenpisApplication              :: 61  ] - Started KenpisApplication in 5.915 seconds (JVM running for 6.669)
[INFO ] [27-11-2024 00:49:37] [[/]                            :: 173 ] - Initializing Spring DispatcherServlet 'dispatcherServlet'
[INFO ] [27-11-2024 00:49:37] [DispatcherServlet              :: 525 ] - Initializing Servlet 'dispatcherServlet'
[INFO ] [27-11-2024 00:49:37] [DispatcherServlet              :: 547 ] - Completed initialization in 2 ms
[DEBUG] [27-11-2024 00:49:48] [UsuarioImpl                    :: 219 ] - Implements :: findByUsuUsername :: JHAN.MORENO
[DEBUG] [27-11-2024 00:49:48] [UsuarioImpl                    :: 193 ] - Implements :: findUsuarioAuthorityByUsuId :: 2
[INFO ] [27-11-2024 00:49:48] [EmpresaImpl                    :: 55  ] - Implements :: findById :: 1
[INFO ] [27-11-2024 00:49:48] [WLoginController               :: 61  ] - Usuario logueado: JHAN.MORENO
[INFO ] [27-11-2024 00:49:48] [WLoginController               :: 62  ] - Estado de la empresa (activo/inactivo): true
[INFO ] [27-11-2024 00:49:48] [WLoginController               :: 75  ] - emprsa session : 1
[INFO ] [27-11-2024 00:49:48] [FxComunes                      :: 68  ] - PedidosEstado{"DESCARTADO":null,"EN_PROCESO":null,"REGISTRADO":null,"ATENDIDO":null,"PAGADO":null}
[INFO ] [27-11-2024 00:49:54] [ProductoImpl                   :: 62  ] - Implements :: findById :: 95
[INFO ] [27-11-2024 00:49:54] [FxComunes                      :: 68  ] - COMPLEMETNOS[{"empId":null,"empNombreComercial":null,"proCompId":1,"proCompNombre":"Cremas","proCompPrecio":null,"proCompIdPadre":null,"subComplementos":"Mostaza, Mayonesa, Ketchup, Ají (Uchucuta)","detalles":null},{"empId":null,"empNombreComercial":null,"proCompId":2,"proCompNombre":"Toppings","proCompPrecio":null,"proCompIdPadre":null,"subComplementos":"Papas al Hilo, Pickles (Pepinillos)","detalles":null}]
[INFO ] [27-11-2024 00:52:43] [ProductoImpl                   :: 62  ] - Implements :: findById :: 95
[INFO ] [27-11-2024 00:52:43] [FxComunes                      :: 68  ] - COMPLEMETNOS[{"empId":null,"empNombreComercial":null,"proCompId":1,"proCompNombre":"Cremas","proCompPrecio":null,"proCompIdPadre":null,"subComplementos":"Mostaza, Mayonesa, Ketchup, Ají (Uchucuta)","detalles":null},{"empId":null,"empNombreComercial":null,"proCompId":2,"proCompNombre":"Toppings","proCompPrecio":null,"proCompIdPadre":null,"subComplementos":"Papas al Hilo, Pickles (Pepinillos)","detalles":null}]
[INFO ] [27-11-2024 00:57:58] [LocalContainerEntityManagerFactoryBean :: 651 ] - Closing JPA EntityManagerFactory for persistence unit 'default'
[INFO ] [27-11-2024 00:57:58] [HikariDataSource               :: 350 ] - HikariPool-1 - Shutdown initiated...
[INFO ] [27-11-2024 00:57:58] [HikariDataSource               :: 352 ] - HikariPool-1 - Shutdown completed.
[INFO ] [27-11-2024 00:58:10] [KenpisApplication              :: 55  ] - Starting KenpisApplication using Java 12.0.2 on Giomar with PID 15372 (C:\Sistemas\kenpis\target\classes started by creo0 in C:\Sistemas\kenpis)
[DEBUG] [27-11-2024 00:58:10] [KenpisApplication              :: 56  ] - Running with Spring Boot v2.7.18, Spring v5.3.31
[INFO ] [27-11-2024 00:58:10] [KenpisApplication              :: 638 ] - The following 1 profile is active: "dev"
[INFO ] [27-11-2024 00:58:10] [DevToolsPropertyDefaultsPostProcessor :: 255 ] - Devtools property defaults active! Set 'spring.devtools.add-properties' to 'false' to disable
[INFO ] [27-11-2024 00:58:11] [RepositoryConfigurationDelegate :: 132 ] - Bootstrapping Spring Data JPA repositories in DEFAULT mode.
[INFO ] [27-11-2024 00:58:11] [RepositoryConfigurationDelegate :: 201 ] - Finished Spring Data repository scanning in 106 ms. Found 13 JPA repository interfaces.
[INFO ] [27-11-2024 00:58:12] [TomcatWebServer                :: 108 ] - Tomcat initialized with port(s): 8080 (http)
[INFO ] [27-11-2024 00:58:12] [Http11NioProtocol              :: 173 ] - Initializing ProtocolHandler ["http-nio-8080"]
[INFO ] [27-11-2024 00:58:12] [StandardService                :: 173 ] - Starting service [Tomcat]
[INFO ] [27-11-2024 00:58:12] [StandardEngine                 :: 173 ] - Starting Servlet engine: [Apache Tomcat/9.0.83]
[INFO ] [27-11-2024 00:58:12] [TldScanner                     :: 173 ] - At least one JAR was scanned for TLDs yet contained no TLDs. Enable debug logging for this logger for a complete list of JARs that were scanned but no TLDs were found in them. Skipping unneeded JARs during scanning can improve startup time and JSP compilation time.
[INFO ] [27-11-2024 00:58:12] [[/]                            :: 173 ] - Initializing Spring embedded WebApplicationContext
[INFO ] [27-11-2024 00:58:12] [ServletWebServerApplicationContext :: 292 ] - Root WebApplicationContext: initialization completed in 2171 ms
[INFO ] [27-11-2024 00:58:12] [LogHelper                      :: 31  ] - HHH000204: Processing PersistenceUnitInfo [name: default]
[INFO ] [27-11-2024 00:58:12] [Version                        :: 44  ] - HHH000412: Hibernate ORM core version 5.6.15.Final
[INFO ] [27-11-2024 00:58:12] [Version                        :: 56  ] - HCANN000001: Hibernate Commons Annotations {5.1.2.Final}
[INFO ] [27-11-2024 00:58:13] [HikariDataSource               :: 110 ] - HikariPool-1 - Starting...
[INFO ] [27-11-2024 00:58:13] [HikariDataSource               :: 123 ] - HikariPool-1 - Start completed.
[INFO ] [27-11-2024 00:58:13] [Dialect                        :: 175 ] - HHH000400: Using dialect: org.hibernate.dialect.SQLServerDialect
[INFO ] [27-11-2024 00:58:14] [JtaPlatformInitiator           :: 52  ] - HHH000490: Using JtaPlatform implementation: [org.hibernate.engine.transaction.jta.platform.internal.NoJtaPlatform]
[INFO ] [27-11-2024 00:58:14] [LocalContainerEntityManagerFactoryBean :: 437 ] - Initialized JPA EntityManagerFactory for persistence unit 'default'
[INFO ] [27-11-2024 00:58:15] [DefaultSecurityFilterChain     :: 55  ] - Will secure any request with [org.springframework.security.web.session.DisableEncodeUrlFilter@227808e9, org.springframework.security.web.context.request.async.WebAsyncManagerIntegrationFilter@1c69a007, org.springframework.security.web.context.SecurityContextPersistenceFilter@63be07a4, org.springframework.security.web.header.HeaderWriterFilter@3aaf7c83, org.springframework.security.web.authentication.logout.LogoutFilter@1012d9d7, org.springframework.security.web.authentication.UsernamePasswordAuthenticationFilter@27d528ec, org.springframework.security.web.savedrequest.RequestCacheAwareFilter@2a324ddd, org.springframework.security.web.servletapi.SecurityContextHolderAwareRequestFilter@3de6d1df, org.springframework.security.web.authentication.AnonymousAuthenticationFilter@213c5714, org.springframework.security.web.session.SessionManagementFilter@68328ac2, org.springframework.security.web.access.ExceptionTranslationFilter@38d22d3d, org.springframework.security.web.access.intercept.FilterSecurityInterceptor@3482246c]
[INFO ] [27-11-2024 00:58:15] [WelcomePageHandlerMapping      :: 60  ] - Adding welcome page template: index
[INFO ] [27-11-2024 00:58:15] [OptionalLiveReloadServer       :: 59  ] - LiveReload server is running on port 35729
[INFO ] [27-11-2024 00:58:15] [Http11NioProtocol              :: 173 ] - Starting ProtocolHandler ["http-nio-8080"]
[INFO ] [27-11-2024 00:58:15] [TomcatWebServer                :: 220 ] - Tomcat started on port(s): 8080 (http) with context path ''
[INFO ] [27-11-2024 00:58:15] [KenpisApplication              :: 61  ] - Started KenpisApplication in 6.277 seconds (JVM running for 7.079)
[INFO ] [27-11-2024 00:58:16] [[/]                            :: 173 ] - Initializing Spring DispatcherServlet 'dispatcherServlet'
[INFO ] [27-11-2024 00:58:16] [DispatcherServlet              :: 525 ] - Initializing Servlet 'dispatcherServlet'
[INFO ] [27-11-2024 00:58:16] [DispatcherServlet              :: 547 ] - Completed initialization in 1 ms
[DEBUG] [27-11-2024 00:58:16] [UsuarioImpl                    :: 219 ] - Implements :: findByUsuUsername :: JHAN.MORENO
[DEBUG] [27-11-2024 00:58:16] [UsuarioImpl                    :: 193 ] - Implements :: findUsuarioAuthorityByUsuId :: 2
[INFO ] [27-11-2024 00:58:16] [EmpresaImpl                    :: 55  ] - Implements :: findById :: 1
[INFO ] [27-11-2024 00:58:16] [WLoginController               :: 61  ] - Usuario logueado: JHAN.MORENO
[INFO ] [27-11-2024 00:58:16] [WLoginController               :: 62  ] - Estado de la empresa (activo/inactivo): true
[INFO ] [27-11-2024 00:58:16] [WLoginController               :: 75  ] - emprsa session : 1
[INFO ] [27-11-2024 00:58:16] [FxComunes                      :: 68  ] - PedidosEstado{"DESCARTADO":null,"EN_PROCESO":null,"REGISTRADO":null,"ATENDIDO":null,"PAGADO":null}
[INFO ] [27-11-2024 00:58:32] [ProductoImpl                   :: 62  ] - Implements :: findById :: 95
[INFO ] [27-11-2024 00:58:32] [FxComunes                      :: 68  ] - COMPLEMETNOS[{"empId":null,"empNombreComercial":null,"proCompId":1,"proCompNombre":"Cremas","proCompPrecio":null,"proCompIdPadre":null,"subComplementos":"Mostaza, Mayonesa, Ketchup, Ají (Uchucuta)","detalles":null},{"empId":null,"empNombreComercial":null,"proCompId":2,"proCompNombre":"Toppings","proCompPrecio":null,"proCompIdPadre":null,"subComplementos":"Papas al Hilo, Pickles (Pepinillos)","detalles":null}]
[INFO ] [27-11-2024 00:58:51] [ProductoImpl                   :: 62  ] - Implements :: findById :: 98
[INFO ] [27-11-2024 00:58:51] [FxComunes                      :: 68  ] - COMPLEMETNOS[{"empId":null,"empNombreComercial":null,"proCompId":1,"proCompNombre":"Cremas","proCompPrecio":null,"proCompIdPadre":null,"subComplementos":"Mostaza, Mayonesa, Ketchup, Ají (Uchucuta)","detalles":null},{"empId":null,"empNombreComercial":null,"proCompId":2,"proCompNombre":"Toppings","proCompPrecio":null,"proCompIdPadre":null,"subComplementos":"Papas al Hilo, Pickles (Pepinillos)","detalles":null},{"empId":null,"empNombreComercial":null,"proCompId":3,"proCompNombre":"Bebidas","proCompPrecio":null,"proCompIdPadre":null,"subComplementos":"Cafe, Gaseosa","detalles":null}]
[INFO ] [27-11-2024 00:59:27] [FxComunes                      :: 68  ] - VentaRequest{"detallesVentas":[{"producto":null,"venDetId":null,"venDetCantidad":1,"venDetSubtotal":15.0,"ventaId":null,"productoId":95,"venDetPrecio":15.0,"venDetObservaciones":"Cremas: Mostaza, Mayonesa"},{"producto":null,"venDetId":null,"venDetCantidad":1,"venDetSubtotal":15.0,"ventaId":null,"productoId":98,"venDetPrecio":15.0,"venDetObservaciones":"Cremas: Ají (Uchucuta), Toppings: Papas al Hilo, Bebidas: Cafe"}],"venId":null,"venFecha":null,"venTotal":30.0,"cajaId":120,"sucursalId":null,"empresaId":1,"clienteId":5,"venAlias":null,"venConsideraciones":null,"venTipoPago":"YAPE","usuarioId":2}
[INFO ] [27-11-2024 00:59:27] [FxComunes                      :: 68  ] - VentaEntity{"venId":127,"venFecha":1732687167517,"venTotal":30.0,"empresaId":1,"cajaId":120,"sucursalId":null,"clienteId":5,"venTipoPago":"YAPE","usuarioId":2,"venAlias":null,"venConsideraciones":null}
[INFO ] [27-11-2024 00:59:27] [ProductoInventarioImpl         :: 62  ] - Actualizando stock para producto con productoId: 95 con cantidad vendida: 1
[INFO ] [27-11-2024 00:59:27] [ProductoInventarioImpl         :: 62  ] - Actualizando stock para producto con productoId: 98 con cantidad vendida: 1
[INFO ] [27-11-2024 00:59:28] [FxComunes                      :: 68  ] - VentaDetalleEntity[{"venDetId":153,"ventaId":127,"productoId":95,"venDetCantidad":1,"venDetSubtotal":15.0,"venDetPrecio":15.0,"venDetObservaciones":"Cremas: Mostaza, Mayonesa"},{"venDetId":154,"ventaId":127,"productoId":98,"venDetCantidad":1,"venDetSubtotal":15.0,"venDetPrecio":15.0,"venDetObservaciones":"Cremas: Ají (Uchucuta), Toppings: Papas al Hilo, Bebidas: Cafe"}]
[DEBUG] [27-11-2024 00:59:32] [UsuarioImpl                    :: 219 ] - Implements :: findByUsuUsername :: JHAN.MORENO
[DEBUG] [27-11-2024 00:59:32] [UsuarioImpl                    :: 193 ] - Implements :: findUsuarioAuthorityByUsuId :: 2
[INFO ] [27-11-2024 00:59:32] [EmpresaImpl                    :: 55  ] - Implements :: findById :: 1
[INFO ] [27-11-2024 00:59:32] [WLoginController               :: 61  ] - Usuario logueado: JHAN.MORENO
[INFO ] [27-11-2024 00:59:32] [WLoginController               :: 62  ] - Estado de la empresa (activo/inactivo): true
[INFO ] [27-11-2024 00:59:32] [WLoginController               :: 75  ] - emprsa session : 1
[INFO ] [27-11-2024 00:59:32] [FxComunes                      :: 68  ] - PedidosEstado{"DESCARTADO":0,"EN_PROCESO":0,"REGISTRADO":1,"ATENDIDO":0,"PAGADO":0}
[INFO ] [27-11-2024 00:59:36] [WVentaEstadoController         :: 23  ] - Datos recibidos del frontend: VentaEstadoRequest(venEstadoId=85, ventaId=null, venEstado=REGISTRADO, venEstadoFechaRegistrado=null, venEstadoFechaPagado=null, venEstadoFechaEnProceso=null, venEstadoFechaAtendido=null, venEstadoFechaDescartado=null)
[INFO ] [27-11-2024 00:59:36] [FxComunes                      :: 68  ] - ventaEstadoRequest{"venEstadoId":85,"ventaId":null,"venEstado":"REGISTRADO","venEstadoFechaRegistrado":null,"venEstadoFechaPagado":null,"venEstadoFechaEnProceso":null,"venEstadoFechaAtendido":null,"venEstadoFechaDescartado":null}
[INFO ] [27-11-2024 00:59:36] [FxComunes                      :: 68  ] - RES{"venEstadoId":85,"ventaId":127,"venEstado":"REGISTRADO","venEstadoFechaRegistrado":1732687168103,"venEstadoFechaPagado":null,"venEstadoFechaEnProceso":null,"venEstadoFechaAtendido":null,"venEstadoFechaDescartado":null,"proCategoria":null,"venDetCantidad":null,"clienteNombre":null}
[INFO ] [27-11-2024 00:59:36] [FxComunes                      :: 68  ] - ventaEstadoResponse{"venEstadoId":85,"ventaId":127,"venEstado":"REGISTRADO","venEstadoFechaRegistrado":1732687176131,"venEstadoFechaPagado":null,"venEstadoFechaEnProceso":null,"venEstadoFechaAtendido":null,"venEstadoFechaDescartado":null,"proCategoria":null,"venDetCantidad":null,"clienteNombre":null}
[INFO ] [27-11-2024 01:04:20] [LocalContainerEntityManagerFactoryBean :: 651 ] - Closing JPA EntityManagerFactory for persistence unit 'default'
[INFO ] [27-11-2024 01:04:20] [HikariDataSource               :: 350 ] - HikariPool-1 - Shutdown initiated...
[INFO ] [27-11-2024 01:04:20] [HikariDataSource               :: 352 ] - HikariPool-1 - Shutdown completed.
[INFO ] [27-11-2024 01:04:28] [KenpisApplication              :: 55  ] - Starting KenpisApplication using Java 12.0.2 on Giomar with PID 35052 (C:\Sistemas\kenpis\target\classes started by creo0 in C:\Sistemas\kenpis)
[DEBUG] [27-11-2024 01:04:28] [KenpisApplication              :: 56  ] - Running with Spring Boot v2.7.18, Spring v5.3.31
[INFO ] [27-11-2024 01:04:28] [KenpisApplication              :: 638 ] - The following 1 profile is active: "dev"
[INFO ] [27-11-2024 01:04:28] [DevToolsPropertyDefaultsPostProcessor :: 255 ] - Devtools property defaults active! Set 'spring.devtools.add-properties' to 'false' to disable
[INFO ] [27-11-2024 01:04:29] [RepositoryConfigurationDelegate :: 132 ] - Bootstrapping Spring Data JPA repositories in DEFAULT mode.
[INFO ] [27-11-2024 01:04:29] [RepositoryConfigurationDelegate :: 201 ] - Finished Spring Data repository scanning in 86 ms. Found 13 JPA repository interfaces.
[INFO ] [27-11-2024 01:04:29] [TomcatWebServer                :: 108 ] - Tomcat initialized with port(s): 8080 (http)
[INFO ] [27-11-2024 01:04:29] [Http11NioProtocol              :: 173 ] - Initializing ProtocolHandler ["http-nio-8080"]
[INFO ] [27-11-2024 01:04:29] [StandardService                :: 173 ] - Starting service [Tomcat]
[INFO ] [27-11-2024 01:04:29] [StandardEngine                 :: 173 ] - Starting Servlet engine: [Apache Tomcat/9.0.83]
[INFO ] [27-11-2024 01:04:30] [TldScanner                     :: 173 ] - At least one JAR was scanned for TLDs yet contained no TLDs. Enable debug logging for this logger for a complete list of JARs that were scanned but no TLDs were found in them. Skipping unneeded JARs during scanning can improve startup time and JSP compilation time.
[INFO ] [27-11-2024 01:04:30] [[/]                            :: 173 ] - Initializing Spring embedded WebApplicationContext
[INFO ] [27-11-2024 01:04:30] [ServletWebServerApplicationContext :: 292 ] - Root WebApplicationContext: initialization completed in 1347 ms
[INFO ] [27-11-2024 01:04:30] [LogHelper                      :: 31  ] - HHH000204: Processing PersistenceUnitInfo [name: default]
[INFO ] [27-11-2024 01:04:30] [Version                        :: 44  ] - HHH000412: Hibernate ORM core version 5.6.15.Final
[INFO ] [27-11-2024 01:04:30] [Version                        :: 56  ] - HCANN000001: Hibernate Commons Annotations {5.1.2.Final}
[INFO ] [27-11-2024 01:04:30] [HikariDataSource               :: 110 ] - HikariPool-1 - Starting...
[INFO ] [27-11-2024 01:04:32] [HikariDataSource               :: 123 ] - HikariPool-1 - Start completed.
[INFO ] [27-11-2024 01:04:32] [Dialect                        :: 175 ] - HHH000400: Using dialect: org.hibernate.dialect.SQLServerDialect
[INFO ] [27-11-2024 01:04:33] [JtaPlatformInitiator           :: 52  ] - HHH000490: Using JtaPlatform implementation: [org.hibernate.engine.transaction.jta.platform.internal.NoJtaPlatform]
[INFO ] [27-11-2024 01:04:33] [LocalContainerEntityManagerFactoryBean :: 437 ] - Initialized JPA EntityManagerFactory for persistence unit 'default'
[INFO ] [27-11-2024 01:04:34] [DefaultSecurityFilterChain     :: 55  ] - Will secure any request with [org.springframework.security.web.session.DisableEncodeUrlFilter@c4c4618, org.springframework.security.web.context.request.async.WebAsyncManagerIntegrationFilter@68947a3a, org.springframework.security.web.context.SecurityContextPersistenceFilter@6e840c15, org.springframework.security.web.header.HeaderWriterFilter@dd089d0, org.springframework.security.web.authentication.logout.LogoutFilter@44c0a2ed, org.springframework.security.web.authentication.UsernamePasswordAuthenticationFilter@e81694b, org.springframework.security.web.savedrequest.RequestCacheAwareFilter@8ad5fc2, org.springframework.security.web.servletapi.SecurityContextHolderAwareRequestFilter@57741e94, org.springframework.security.web.authentication.AnonymousAuthenticationFilter@552c5e34, org.springframework.security.web.session.SessionManagementFilter@6e90670e, org.springframework.security.web.access.ExceptionTranslationFilter@69fed3fb, org.springframework.security.web.access.intercept.FilterSecurityInterceptor@c29d5ee]
[INFO ] [27-11-2024 01:04:34] [WelcomePageHandlerMapping      :: 60  ] - Adding welcome page template: index
[INFO ] [27-11-2024 01:04:34] [OptionalLiveReloadServer       :: 59  ] - LiveReload server is running on port 35729
[INFO ] [27-11-2024 01:04:34] [Http11NioProtocol              :: 173 ] - Starting ProtocolHandler ["http-nio-8080"]
[INFO ] [27-11-2024 01:04:34] [TomcatWebServer                :: 220 ] - Tomcat started on port(s): 8080 (http) with context path ''
[INFO ] [27-11-2024 01:04:34] [KenpisApplication              :: 61  ] - Started KenpisApplication in 6.472 seconds (JVM running for 7.19)
[INFO ] [27-11-2024 01:04:46] [[/]                            :: 173 ] - Initializing Spring DispatcherServlet 'dispatcherServlet'
[INFO ] [27-11-2024 01:04:46] [DispatcherServlet              :: 525 ] - Initializing Servlet 'dispatcherServlet'
[INFO ] [27-11-2024 01:04:46] [DispatcherServlet              :: 547 ] - Completed initialization in 1 ms
[DEBUG] [27-11-2024 01:04:46] [UsuarioImpl                    :: 219 ] - Implements :: findByUsuUsername :: JHAN.MORENO
[DEBUG] [27-11-2024 01:04:46] [UsuarioImpl                    :: 193 ] - Implements :: findUsuarioAuthorityByUsuId :: 2
[INFO ] [27-11-2024 01:04:46] [EmpresaImpl                    :: 55  ] - Implements :: findById :: 1
[INFO ] [27-11-2024 01:04:46] [WLoginController               :: 61  ] - Usuario logueado: JHAN.MORENO
[INFO ] [27-11-2024 01:04:46] [WLoginController               :: 62  ] - Estado de la empresa (activo/inactivo): true
[INFO ] [27-11-2024 01:04:46] [WLoginController               :: 75  ] - emprsa session : 1
[INFO ] [27-11-2024 01:04:46] [FxComunes                      :: 68  ] - PedidosEstado{"DESCARTADO":0,"EN_PROCESO":0,"REGISTRADO":1,"ATENDIDO":0,"PAGADO":0}
[DEBUG] [27-11-2024 01:04:50] [UsuarioImpl                    :: 219 ] - Implements :: findByUsuUsername :: JHAN.MORENO
[DEBUG] [27-11-2024 01:04:50] [UsuarioImpl                    :: 193 ] - Implements :: findUsuarioAuthorityByUsuId :: 2
[INFO ] [27-11-2024 01:04:50] [EmpresaImpl                    :: 55  ] - Implements :: findById :: 1
[INFO ] [27-11-2024 01:04:50] [WLoginController               :: 61  ] - Usuario logueado: JHAN.MORENO
[INFO ] [27-11-2024 01:04:50] [WLoginController               :: 62  ] - Estado de la empresa (activo/inactivo): true
[INFO ] [27-11-2024 01:04:50] [WLoginController               :: 75  ] - emprsa session : 1
[INFO ] [27-11-2024 01:04:50] [FxComunes                      :: 68  ] - PedidosEstado{"DESCARTADO":0,"EN_PROCESO":0,"REGISTRADO":1,"ATENDIDO":0,"PAGADO":0}
[INFO ] [27-11-2024 01:05:01] [ProductoImpl                   :: 62  ] - Implements :: findById :: 95
[INFO ] [27-11-2024 01:05:01] [FxComunes                      :: 68  ] - COMPLEMETNOS[{"empId":null,"empNombreComercial":null,"proCompId":1,"proCompNombre":"Cremas","proCompPrecio":null,"proCompIdPadre":null,"subComplementos":"Mostaza, Mayonesa, Ketchup, Ají (Uchucuta)","detalles":null},{"empId":null,"empNombreComercial":null,"proCompId":2,"proCompNombre":"Toppings","proCompPrecio":null,"proCompIdPadre":null,"subComplementos":"Papas al Hilo, Pickles (Pepinillos)","detalles":null}]
[INFO ] [27-11-2024 01:05:25] [ProductoImpl                   :: 62  ] - Implements :: findById :: 95
[INFO ] [27-11-2024 01:05:25] [FxComunes                      :: 68  ] - COMPLEMETNOS[{"empId":null,"empNombreComercial":null,"proCompId":1,"proCompNombre":"Cremas","proCompPrecio":null,"proCompIdPadre":null,"subComplementos":"Mostaza, Mayonesa, Ketchup, Ají (Uchucuta)","detalles":null},{"empId":null,"empNombreComercial":null,"proCompId":2,"proCompNombre":"Toppings","proCompPrecio":null,"proCompIdPadre":null,"subComplementos":"Papas al Hilo, Pickles (Pepinillos)","detalles":null}]
[INFO ] [27-11-2024 01:07:05] [LocalContainerEntityManagerFactoryBean :: 651 ] - Closing JPA EntityManagerFactory for persistence unit 'default'
[INFO ] [27-11-2024 01:07:05] [HikariDataSource               :: 350 ] - HikariPool-1 - Shutdown initiated...
[INFO ] [27-11-2024 01:07:05] [HikariDataSource               :: 352 ] - HikariPool-1 - Shutdown completed.
[INFO ] [27-11-2024 01:07:14] [KenpisApplication              :: 55  ] - Starting KenpisApplication using Java 12.0.2 on Giomar with PID 27424 (C:\Sistemas\kenpis\target\classes started by creo0 in C:\Sistemas\kenpis)
[DEBUG] [27-11-2024 01:07:14] [KenpisApplication              :: 56  ] - Running with Spring Boot v2.7.18, Spring v5.3.31
[INFO ] [27-11-2024 01:07:14] [KenpisApplication              :: 638 ] - The following 1 profile is active: "dev"
[INFO ] [27-11-2024 01:07:14] [DevToolsPropertyDefaultsPostProcessor :: 255 ] - Devtools property defaults active! Set 'spring.devtools.add-properties' to 'false' to disable
[INFO ] [27-11-2024 01:07:15] [RepositoryConfigurationDelegate :: 132 ] - Bootstrapping Spring Data JPA repositories in DEFAULT mode.
[INFO ] [27-11-2024 01:07:15] [RepositoryConfigurationDelegate :: 201 ] - Finished Spring Data repository scanning in 84 ms. Found 13 JPA repository interfaces.
[INFO ] [27-11-2024 01:07:16] [TomcatWebServer                :: 108 ] - Tomcat initialized with port(s): 8080 (http)
[INFO ] [27-11-2024 01:07:16] [Http11NioProtocol              :: 173 ] - Initializing ProtocolHandler ["http-nio-8080"]
[INFO ] [27-11-2024 01:07:16] [StandardService                :: 173 ] - Starting service [Tomcat]
[INFO ] [27-11-2024 01:07:16] [StandardEngine                 :: 173 ] - Starting Servlet engine: [Apache Tomcat/9.0.83]
[INFO ] [27-11-2024 01:07:16] [TldScanner                     :: 173 ] - At least one JAR was scanned for TLDs yet contained no TLDs. Enable debug logging for this logger for a complete list of JARs that were scanned but no TLDs were found in them. Skipping unneeded JARs during scanning can improve startup time and JSP compilation time.
[INFO ] [27-11-2024 01:07:16] [[/]                            :: 173 ] - Initializing Spring embedded WebApplicationContext
[INFO ] [27-11-2024 01:07:16] [ServletWebServerApplicationContext :: 292 ] - Root WebApplicationContext: initialization completed in 1638 ms
[INFO ] [27-11-2024 01:07:16] [LogHelper                      :: 31  ] - HHH000204: Processing PersistenceUnitInfo [name: default]
[INFO ] [27-11-2024 01:07:16] [Version                        :: 44  ] - HHH000412: Hibernate ORM core version 5.6.15.Final
[INFO ] [27-11-2024 01:07:16] [Version                        :: 56  ] - HCANN000001: Hibernate Commons Annotations {5.1.2.Final}
[INFO ] [27-11-2024 01:07:16] [HikariDataSource               :: 110 ] - HikariPool-1 - Starting...
[INFO ] [27-11-2024 01:07:17] [HikariDataSource               :: 123 ] - HikariPool-1 - Start completed.
[INFO ] [27-11-2024 01:07:17] [Dialect                        :: 175 ] - HHH000400: Using dialect: org.hibernate.dialect.SQLServerDialect
[INFO ] [27-11-2024 01:07:18] [JtaPlatformInitiator           :: 52  ] - HHH000490: Using JtaPlatform implementation: [org.hibernate.engine.transaction.jta.platform.internal.NoJtaPlatform]
[INFO ] [27-11-2024 01:07:18] [LocalContainerEntityManagerFactoryBean :: 437 ] - Initialized JPA EntityManagerFactory for persistence unit 'default'
[INFO ] [27-11-2024 01:07:18] [DefaultSecurityFilterChain     :: 55  ] - Will secure any request with [org.springframework.security.web.session.DisableEncodeUrlFilter@64e9dd8c, org.springframework.security.web.context.request.async.WebAsyncManagerIntegrationFilter@3b9aa0ee, org.springframework.security.web.context.SecurityContextPersistenceFilter@16f02eaf, org.springframework.security.web.header.HeaderWriterFilter@3950f4c8, org.springframework.security.web.authentication.logout.LogoutFilter@14486075, org.springframework.security.web.authentication.UsernamePasswordAuthenticationFilter@6ec9652d, org.springframework.security.web.savedrequest.RequestCacheAwareFilter@45e4a267, org.springframework.security.web.servletapi.SecurityContextHolderAwareRequestFilter@3c7f43f0, org.springframework.security.web.authentication.AnonymousAuthenticationFilter@6de3659b, org.springframework.security.web.session.SessionManagementFilter@13478fea, org.springframework.security.web.access.ExceptionTranslationFilter@e8bf9b, org.springframework.security.web.access.intercept.FilterSecurityInterceptor@7b768cce]
[INFO ] [27-11-2024 01:07:18] [WelcomePageHandlerMapping      :: 60  ] - Adding welcome page template: index
[INFO ] [27-11-2024 01:07:19] [OptionalLiveReloadServer       :: 59  ] - LiveReload server is running on port 35729
[INFO ] [27-11-2024 01:07:19] [Http11NioProtocol              :: 173 ] - Starting ProtocolHandler ["http-nio-8080"]
[INFO ] [27-11-2024 01:07:19] [TomcatWebServer                :: 220 ] - Tomcat started on port(s): 8080 (http) with context path ''
[INFO ] [27-11-2024 01:07:19] [KenpisApplication              :: 61  ] - Started KenpisApplication in 4.89 seconds (JVM running for 5.56)
[INFO ] [27-11-2024 01:07:27] [[/]                            :: 173 ] - Initializing Spring DispatcherServlet 'dispatcherServlet'
[INFO ] [27-11-2024 01:07:27] [DispatcherServlet              :: 525 ] - Initializing Servlet 'dispatcherServlet'
[INFO ] [27-11-2024 01:07:27] [DispatcherServlet              :: 547 ] - Completed initialization in 1 ms
[DEBUG] [27-11-2024 01:07:33] [UsuarioImpl                    :: 219 ] - Implements :: findByUsuUsername :: JHAN.MORENO
[DEBUG] [27-11-2024 01:07:33] [UsuarioImpl                    :: 193 ] - Implements :: findUsuarioAuthorityByUsuId :: 2
[INFO ] [27-11-2024 01:07:33] [EmpresaImpl                    :: 55  ] - Implements :: findById :: 1
[INFO ] [27-11-2024 01:07:33] [WLoginController               :: 61  ] - Usuario logueado: JHAN.MORENO
[INFO ] [27-11-2024 01:07:33] [WLoginController               :: 62  ] - Estado de la empresa (activo/inactivo): true
[INFO ] [27-11-2024 01:07:33] [WLoginController               :: 75  ] - emprsa session : 1
[INFO ] [27-11-2024 01:07:33] [FxComunes                      :: 68  ] - PedidosEstado{"DESCARTADO":0,"EN_PROCESO":0,"REGISTRADO":1,"ATENDIDO":0,"PAGADO":0}
[INFO ] [27-11-2024 01:07:39] [ProductoImpl                   :: 62  ] - Implements :: findById :: 95
[INFO ] [27-11-2024 01:07:39] [FxComunes                      :: 68  ] - COMPLEMETNOS[{"empId":null,"empNombreComercial":null,"proCompId":1,"proCompNombre":"Cremas","proCompPrecio":null,"proCompIdPadre":null,"subComplementos":"Mostaza, Mayonesa, Ketchup, Ají (Uchucuta)","detalles":null},{"empId":null,"empNombreComercial":null,"proCompId":2,"proCompNombre":"Toppings","proCompPrecio":null,"proCompIdPadre":null,"subComplementos":"Papas al Hilo, Pickles (Pepinillos)","detalles":null}]
[INFO ] [27-11-2024 01:08:04] [WEmpresaCajaController         :: 41  ] - Controller :: findSucursalesAndUsuariosByEmpresa :: empresaId=1
[INFO ] [27-11-2024 01:08:04] [EmpresaCajaImpl                :: 141 ] - Implements :: obtenerCajasPorEmpresa1
[INFO ] [27-11-2024 01:08:04] [EmpresaImpl                    :: 78  ] - Implements :: obtenerSucursalesPorEmpresa :: 1
[INFO ] [27-11-2024 01:08:04] [FxComunes                      :: 68  ] - que trae cajas por empresa [{"cajaId":120,"empPadreId":1,"cajaFechaApertura":1732681464737,"cajaFechaCierre":null,"cajaMontoInicial":0.0,"cajaMontoFinal":0.0,"cajaAsignada":"Albin Wurst Sucursal 1","sucursalId":null,"cajaUsuarioApertura":2,"cajaUsuarioCierre":null,"cajaEstado":true,"cajaUsuarioCierreNombre":null,"cajaUsuarioAperturaNombre":null},{"cajaId":119,"empPadreId":1,"cajaFechaApertura":1731973660830,"cajaFechaCierre":1731974485017,"cajaMontoInicial":0.0,"cajaMontoFinal":10.0,"cajaAsignada":"Albin Wurst Sucursal 1","sucursalId":null,"cajaUsuarioApertura":2,"cajaUsuarioCierre":2,"cajaEstado":false,"cajaUsuarioCierreNombre":null,"cajaUsuarioAperturaNombre":null},{"cajaId":118,"empPadreId":1,"cajaFechaApertura":1731635992847,"cajaFechaCierre":1731636590137,"cajaMontoInicial":0.0,"cajaMontoFinal":10.0,"cajaAsignada":"Albin Wurst Sucursal 1","sucursalId":null,"cajaUsuarioApertura":2,"cajaUsuarioCierre":2,"cajaEstado":false,"cajaUsuarioCierreNombre":null,"cajaUsuarioAperturaNombre":null},{"cajaId":117,"empPadreId":1,"cajaFechaApertura":1731633098117,"cajaFechaCierre":1731633147350,"cajaMontoInicial":0.0,"cajaMontoFinal":15.0,"cajaAsignada":"Feria San Miguel","sucursalId":null,"cajaUsuarioApertura":2,"cajaUsuarioCierre":2,"cajaEstado":false,"cajaUsuarioCierreNombre":null,"cajaUsuarioAperturaNombre":null},{"cajaId":116,"empPadreId":1,"cajaFechaApertura":1731586897053,"cajaFechaCierre":1731627205467,"cajaMontoInicial":0.0,"cajaMontoFinal":35.0,"cajaAsignada":"Albin Wurst Sucursal 1","sucursalId":null,"cajaUsuarioApertura":2,"cajaUsuarioCierre":2,"cajaEstado":false,"cajaUsuarioCierreNombre":null,"cajaUsuarioAperturaNombre":null},{"cajaId":115,"empPadreId":1,"cajaFechaApertura":1731586169340,"cajaFechaCierre":1731586244727,"cajaMontoInicial":0.0,"cajaMontoFinal":50.0,"cajaAsignada":"Feria San Miguel","sucursalId":null,"cajaUsuarioApertura":2,"cajaUsuarioCierre":2,"cajaEstado":false,"cajaUsuarioCierreNombre":null,"cajaUsuarioAperturaNombre":null},{"cajaId":100,"empPadreId":1,"cajaFechaApertura":1731543989040,"cajaFechaCierre":1731573323663,"cajaMontoInicial":0.0,"cajaMontoFinal":30.0,"cajaAsignada":"Albin Wurst Sucursal 1","sucursalId":null,"cajaUsuarioApertura":2,"cajaUsuarioCierre":2,"cajaEstado":false,"cajaUsuarioCierreNombre":null,"cajaUsuarioAperturaNombre":null},{"cajaId":99,"empPadreId":1,"cajaFechaApertura":1731542953210,"cajaFechaCierre":1731542969663,"cajaMontoInicial":0.0,"cajaMontoFinal":0.0,"cajaAsignada":"Albin Wurst Sucursal 2","sucursalId":null,"cajaUsuarioApertura":68,"cajaUsuarioCierre":2,"cajaEstado":false,"cajaUsuarioCierreNombre":null,"cajaUsuarioAperturaNombre":null},{"cajaId":98,"empPadreId":1,"cajaFechaApertura":1731542669267,"cajaFechaCierre":1731543218187,"cajaMontoInicial":0.0,"cajaMontoFinal":0.0,"cajaAsignada":"Feria San Miguel","sucursalId":null,"cajaUsuarioApertura":68,"cajaUsuarioCierre":2,"cajaEstado":false,"cajaUsuarioCierreNombre":null,"cajaUsuarioAperturaNombre":null},{"cajaId":96,"empPadreId":1,"cajaFechaApertura":1731535944897,"cajaFechaCierre":1731543223553,"cajaMontoInicial":0.0,"cajaMontoFinal":0.0,"cajaAsignada":"Albin Wurst Sucursal 1","sucursalId":null,"cajaUsuarioApertura":2,"cajaUsuarioCierre":2,"cajaEstado":false,"cajaUsuarioCierreNombre":null,"cajaUsuarioAperturaNombre":null}]
[WARN ] [27-11-2024 06:58:22] [HikariPool                     :: 788 ] - HikariPool-1 - Thread starvation or clock leap detected (housekeeper delta=5h50m6s643ms221µs100ns).
[WARN ] [27-11-2024 08:58:20] [HikariPool                     :: 788 ] - HikariPool-1 - Thread starvation or clock leap detected (housekeeper delta=1h26s769ms122µs).
[WARN ] [27-11-2024 12:38:30] [HikariPool                     :: 788 ] - HikariPool-1 - Thread starvation or clock leap detected (housekeeper delta=3h40m11s835ms404µs500ns).
[WARN ] [27-11-2024 12:47:09] [HikariPool                     :: 788 ] - HikariPool-1 - Thread starvation or clock leap detected (housekeeper delta=5m8s440ms658µs100ns).
[INFO ] [27-11-2024 12:47:35] [LocalContainerEntityManagerFactoryBean :: 651 ] - Closing JPA EntityManagerFactory for persistence unit 'default'
[INFO ] [27-11-2024 12:47:36] [HikariDataSource               :: 350 ] - HikariPool-1 - Shutdown initiated...
[INFO ] [27-11-2024 21:08:46] [KenpisApplication              :: 55  ] - Starting KenpisApplication using Java 12.0.2 on Giomar with PID 42532 (C:\Sistemas\kenpis\target\classes started by creo0 in C:\Sistemas\kenpis)
[DEBUG] [27-11-2024 21:08:46] [KenpisApplication              :: 56  ] - Running with Spring Boot v2.7.18, Spring v5.3.31
[INFO ] [27-11-2024 21:08:46] [KenpisApplication              :: 638 ] - The following 1 profile is active: "dev"
[INFO ] [27-11-2024 21:08:46] [DevToolsPropertyDefaultsPostProcessor :: 255 ] - Devtools property defaults active! Set 'spring.devtools.add-properties' to 'false' to disable
[INFO ] [27-11-2024 21:08:47] [RepositoryConfigurationDelegate :: 132 ] - Bootstrapping Spring Data JPA repositories in DEFAULT mode.
[INFO ] [27-11-2024 21:08:47] [RepositoryConfigurationDelegate :: 201 ] - Finished Spring Data repository scanning in 90 ms. Found 13 JPA repository interfaces.
[INFO ] [27-11-2024 21:08:48] [TomcatWebServer                :: 108 ] - Tomcat initialized with port(s): 8080 (http)
[INFO ] [27-11-2024 21:08:48] [Http11NioProtocol              :: 173 ] - Initializing ProtocolHandler ["http-nio-8080"]
[INFO ] [27-11-2024 21:08:48] [StandardService                :: 173 ] - Starting service [Tomcat]
[INFO ] [27-11-2024 21:08:48] [StandardEngine                 :: 173 ] - Starting Servlet engine: [Apache Tomcat/9.0.83]
[INFO ] [27-11-2024 21:08:48] [TldScanner                     :: 173 ] - At least one JAR was scanned for TLDs yet contained no TLDs. Enable debug logging for this logger for a complete list of JARs that were scanned but no TLDs were found in them. Skipping unneeded JARs during scanning can improve startup time and JSP compilation time.
[INFO ] [27-11-2024 21:08:48] [[/]                            :: 173 ] - Initializing Spring embedded WebApplicationContext
[INFO ] [27-11-2024 21:08:48] [ServletWebServerApplicationContext :: 292 ] - Root WebApplicationContext: initialization completed in 1934 ms
[INFO ] [27-11-2024 21:08:48] [LogHelper                      :: 31  ] - HHH000204: Processing PersistenceUnitInfo [name: default]
[INFO ] [27-11-2024 21:08:48] [Version                        :: 44  ] - HHH000412: Hibernate ORM core version 5.6.15.Final
[INFO ] [27-11-2024 21:08:48] [Version                        :: 56  ] - HCANN000001: Hibernate Commons Annotations {5.1.2.Final}
[INFO ] [27-11-2024 21:08:48] [HikariDataSource               :: 110 ] - HikariPool-1 - Starting...
[INFO ] [27-11-2024 21:08:49] [HikariDataSource               :: 123 ] - HikariPool-1 - Start completed.
[INFO ] [27-11-2024 21:08:49] [Dialect                        :: 175 ] - HHH000400: Using dialect: org.hibernate.dialect.SQLServerDialect
[INFO ] [27-11-2024 21:08:51] [JtaPlatformInitiator           :: 52  ] - HHH000490: Using JtaPlatform implementation: [org.hibernate.engine.transaction.jta.platform.internal.NoJtaPlatform]
[INFO ] [27-11-2024 21:08:51] [LocalContainerEntityManagerFactoryBean :: 437 ] - Initialized JPA EntityManagerFactory for persistence unit 'default'
[INFO ] [27-11-2024 21:08:51] [DefaultSecurityFilterChain     :: 55  ] - Will secure any request with [org.springframework.security.web.session.DisableEncodeUrlFilter@16a94dcf, org.springframework.security.web.context.request.async.WebAsyncManagerIntegrationFilter@6abb6fce, org.springframework.security.web.context.SecurityContextPersistenceFilter@49857b45, org.springframework.security.web.header.HeaderWriterFilter@4bcd7d3c, org.springframework.security.web.authentication.logout.LogoutFilter@2126979d, org.springframework.security.web.authentication.UsernamePasswordAuthenticationFilter@5fbf8780, org.springframework.security.web.savedrequest.RequestCacheAwareFilter@4440b6e1, org.springframework.security.web.servletapi.SecurityContextHolderAwareRequestFilter@45be5624, org.springframework.security.web.authentication.AnonymousAuthenticationFilter@3e6c6592, org.springframework.security.web.session.SessionManagementFilter@608c7cf1, org.springframework.security.web.access.ExceptionTranslationFilter@2cdc7123, org.springframework.security.web.access.intercept.FilterSecurityInterceptor@ab6dbc2]
[INFO ] [27-11-2024 21:08:51] [WelcomePageHandlerMapping      :: 60  ] - Adding welcome page template: index
[INFO ] [27-11-2024 21:08:52] [OptionalLiveReloadServer       :: 59  ] - LiveReload server is running on port 35729
[INFO ] [27-11-2024 21:08:52] [Http11NioProtocol              :: 173 ] - Starting ProtocolHandler ["http-nio-8080"]
[INFO ] [27-11-2024 21:08:52] [TomcatWebServer                :: 220 ] - Tomcat started on port(s): 8080 (http) with context path ''
[INFO ] [27-11-2024 21:08:52] [KenpisApplication              :: 61  ] - Started KenpisApplication in 6.478 seconds (JVM running for 7.316)
[INFO ] [27-11-2024 21:08:54] [[/]                            :: 173 ] - Initializing Spring DispatcherServlet 'dispatcherServlet'
[INFO ] [27-11-2024 21:08:54] [DispatcherServlet              :: 525 ] - Initializing Servlet 'dispatcherServlet'
[INFO ] [27-11-2024 21:08:54] [DispatcherServlet              :: 547 ] - Completed initialization in 1 ms
[WARN ] [27-11-2024 21:08:54] [SessionIdGeneratorBase         :: 173 ] - Creation of SecureRandom instance for session ID generation using [SHA1PRNG] took [138] milliseconds.
[DEBUG] [27-11-2024 21:08:59] [UsuarioImpl                    :: 219 ] - Implements :: findByUsuUsername :: JHAN.MORENO
[DEBUG] [27-11-2024 21:08:59] [UsuarioImpl                    :: 193 ] - Implements :: findUsuarioAuthorityByUsuId :: 2
[INFO ] [27-11-2024 21:08:59] [EmpresaImpl                    :: 55  ] - Implements :: findById :: 1
[INFO ] [27-11-2024 21:08:59] [WLoginController               :: 61  ] - Usuario logueado: JHAN.MORENO
[INFO ] [27-11-2024 21:08:59] [WLoginController               :: 62  ] - Estado de la empresa (activo/inactivo): true
[INFO ] [27-11-2024 21:08:59] [WLoginController               :: 75  ] - emprsa session : 1
[INFO ] [27-11-2024 21:09:00] [FxComunes                      :: 68  ] - PedidosEstado{"DESCARTADO":0,"EN_PROCESO":0,"REGISTRADO":1,"ATENDIDO":0,"PAGADO":0}
[INFO ] [27-11-2024 21:09:06] [EmpresaCajaImpl                :: 141 ] - Implements :: obtenerCajasPorEmpresa1
[INFO ] [27-11-2024 21:09:06] [WEmpresaCajaController         :: 41  ] - Controller :: findSucursalesAndUsuariosByEmpresa :: empresaId=1
[INFO ] [27-11-2024 21:09:06] [EmpresaImpl                    :: 78  ] - Implements :: obtenerSucursalesPorEmpresa :: 1
[INFO ] [27-11-2024 21:09:06] [FxComunes                      :: 68  ] - que trae cajas por empresa [{"cajaId":120,"empPadreId":1,"cajaFechaApertura":1732681464737,"cajaFechaCierre":null,"cajaMontoInicial":0.0,"cajaMontoFinal":0.0,"cajaAsignada":"Albin Wurst Sucursal 1","sucursalId":null,"cajaUsuarioApertura":2,"cajaUsuarioCierre":null,"cajaEstado":true,"cajaUsuarioCierreNombre":null,"cajaUsuarioAperturaNombre":null},{"cajaId":119,"empPadreId":1,"cajaFechaApertura":1731973660830,"cajaFechaCierre":1731974485017,"cajaMontoInicial":0.0,"cajaMontoFinal":10.0,"cajaAsignada":"Albin Wurst Sucursal 1","sucursalId":null,"cajaUsuarioApertura":2,"cajaUsuarioCierre":2,"cajaEstado":false,"cajaUsuarioCierreNombre":null,"cajaUsuarioAperturaNombre":null},{"cajaId":118,"empPadreId":1,"cajaFechaApertura":1731635992847,"cajaFechaCierre":1731636590137,"cajaMontoInicial":0.0,"cajaMontoFinal":10.0,"cajaAsignada":"Albin Wurst Sucursal 1","sucursalId":null,"cajaUsuarioApertura":2,"cajaUsuarioCierre":2,"cajaEstado":false,"cajaUsuarioCierreNombre":null,"cajaUsuarioAperturaNombre":null},{"cajaId":117,"empPadreId":1,"cajaFechaApertura":1731633098117,"cajaFechaCierre":1731633147350,"cajaMontoInicial":0.0,"cajaMontoFinal":15.0,"cajaAsignada":"Feria San Miguel","sucursalId":null,"cajaUsuarioApertura":2,"cajaUsuarioCierre":2,"cajaEstado":false,"cajaUsuarioCierreNombre":null,"cajaUsuarioAperturaNombre":null},{"cajaId":116,"empPadreId":1,"cajaFechaApertura":1731586897053,"cajaFechaCierre":1731627205467,"cajaMontoInicial":0.0,"cajaMontoFinal":35.0,"cajaAsignada":"Albin Wurst Sucursal 1","sucursalId":null,"cajaUsuarioApertura":2,"cajaUsuarioCierre":2,"cajaEstado":false,"cajaUsuarioCierreNombre":null,"cajaUsuarioAperturaNombre":null},{"cajaId":115,"empPadreId":1,"cajaFechaApertura":1731586169340,"cajaFechaCierre":1731586244727,"cajaMontoInicial":0.0,"cajaMontoFinal":50.0,"cajaAsignada":"Feria San Miguel","sucursalId":null,"cajaUsuarioApertura":2,"cajaUsuarioCierre":2,"cajaEstado":false,"cajaUsuarioCierreNombre":null,"cajaUsuarioAperturaNombre":null},{"cajaId":100,"empPadreId":1,"cajaFechaApertura":1731543989040,"cajaFechaCierre":1731573323663,"cajaMontoInicial":0.0,"cajaMontoFinal":30.0,"cajaAsignada":"Albin Wurst Sucursal 1","sucursalId":null,"cajaUsuarioApertura":2,"cajaUsuarioCierre":2,"cajaEstado":false,"cajaUsuarioCierreNombre":null,"cajaUsuarioAperturaNombre":null},{"cajaId":99,"empPadreId":1,"cajaFechaApertura":1731542953210,"cajaFechaCierre":1731542969663,"cajaMontoInicial":0.0,"cajaMontoFinal":0.0,"cajaAsignada":"Albin Wurst Sucursal 2","sucursalId":null,"cajaUsuarioApertura":68,"cajaUsuarioCierre":2,"cajaEstado":false,"cajaUsuarioCierreNombre":null,"cajaUsuarioAperturaNombre":null},{"cajaId":98,"empPadreId":1,"cajaFechaApertura":1731542669267,"cajaFechaCierre":1731543218187,"cajaMontoInicial":0.0,"cajaMontoFinal":0.0,"cajaAsignada":"Feria San Miguel","sucursalId":null,"cajaUsuarioApertura":68,"cajaUsuarioCierre":2,"cajaEstado":false,"cajaUsuarioCierreNombre":null,"cajaUsuarioAperturaNombre":null},{"cajaId":96,"empPadreId":1,"cajaFechaApertura":1731535944897,"cajaFechaCierre":1731543223553,"cajaMontoInicial":0.0,"cajaMontoFinal":0.0,"cajaAsignada":"Albin Wurst Sucursal 1","sucursalId":null,"cajaUsuarioApertura":2,"cajaUsuarioCierre":2,"cajaEstado":false,"cajaUsuarioCierreNombre":null,"cajaUsuarioAperturaNombre":null}]
[INFO ] [27-11-2024 21:09:23] [WEmpresaCajaController         :: 72  ] - el id del usuario2
[INFO ] [27-11-2024 21:09:23] [EmpresaCajaImpl                :: 112 ] - id120usuId2
[INFO ] [27-11-2024 21:09:23] [EmpresaCajaImpl                :: 141 ] - Implements :: obtenerCajasPorEmpresa1
[INFO ] [27-11-2024 21:09:23] [FxComunes                      :: 68  ] - que trae cajas por empresa [{"cajaId":120,"empPadreId":1,"cajaFechaApertura":1732681464737,"cajaFechaCierre":1732759763143,"cajaMontoInicial":0.0,"cajaMontoFinal":30.0,"cajaAsignada":"Albin Wurst Sucursal 1","sucursalId":null,"cajaUsuarioApertura":2,"cajaUsuarioCierre":2,"cajaEstado":false,"cajaUsuarioCierreNombre":null,"cajaUsuarioAperturaNombre":null},{"cajaId":119,"empPadreId":1,"cajaFechaApertura":1731973660830,"cajaFechaCierre":1731974485017,"cajaMontoInicial":0.0,"cajaMontoFinal":10.0,"cajaAsignada":"Albin Wurst Sucursal 1","sucursalId":null,"cajaUsuarioApertura":2,"cajaUsuarioCierre":2,"cajaEstado":false,"cajaUsuarioCierreNombre":null,"cajaUsuarioAperturaNombre":null},{"cajaId":118,"empPadreId":1,"cajaFechaApertura":1731635992847,"cajaFechaCierre":1731636590137,"cajaMontoInicial":0.0,"cajaMontoFinal":10.0,"cajaAsignada":"Albin Wurst Sucursal 1","sucursalId":null,"cajaUsuarioApertura":2,"cajaUsuarioCierre":2,"cajaEstado":false,"cajaUsuarioCierreNombre":null,"cajaUsuarioAperturaNombre":null},{"cajaId":117,"empPadreId":1,"cajaFechaApertura":1731633098117,"cajaFechaCierre":1731633147350,"cajaMontoInicial":0.0,"cajaMontoFinal":15.0,"cajaAsignada":"Feria San Miguel","sucursalId":null,"cajaUsuarioApertura":2,"cajaUsuarioCierre":2,"cajaEstado":false,"cajaUsuarioCierreNombre":null,"cajaUsuarioAperturaNombre":null},{"cajaId":116,"empPadreId":1,"cajaFechaApertura":1731586897053,"cajaFechaCierre":1731627205467,"cajaMontoInicial":0.0,"cajaMontoFinal":35.0,"cajaAsignada":"Albin Wurst Sucursal 1","sucursalId":null,"cajaUsuarioApertura":2,"cajaUsuarioCierre":2,"cajaEstado":false,"cajaUsuarioCierreNombre":null,"cajaUsuarioAperturaNombre":null},{"cajaId":115,"empPadreId":1,"cajaFechaApertura":1731586169340,"cajaFechaCierre":1731586244727,"cajaMontoInicial":0.0,"cajaMontoFinal":50.0,"cajaAsignada":"Feria San Miguel","sucursalId":null,"cajaUsuarioApertura":2,"cajaUsuarioCierre":2,"cajaEstado":false,"cajaUsuarioCierreNombre":null,"cajaUsuarioAperturaNombre":null},{"cajaId":100,"empPadreId":1,"cajaFechaApertura":1731543989040,"cajaFechaCierre":1731573323663,"cajaMontoInicial":0.0,"cajaMontoFinal":30.0,"cajaAsignada":"Albin Wurst Sucursal 1","sucursalId":null,"cajaUsuarioApertura":2,"cajaUsuarioCierre":2,"cajaEstado":false,"cajaUsuarioCierreNombre":null,"cajaUsuarioAperturaNombre":null},{"cajaId":99,"empPadreId":1,"cajaFechaApertura":1731542953210,"cajaFechaCierre":1731542969663,"cajaMontoInicial":0.0,"cajaMontoFinal":0.0,"cajaAsignada":"Albin Wurst Sucursal 2","sucursalId":null,"cajaUsuarioApertura":68,"cajaUsuarioCierre":2,"cajaEstado":false,"cajaUsuarioCierreNombre":null,"cajaUsuarioAperturaNombre":null},{"cajaId":98,"empPadreId":1,"cajaFechaApertura":1731542669267,"cajaFechaCierre":1731543218187,"cajaMontoInicial":0.0,"cajaMontoFinal":0.0,"cajaAsignada":"Feria San Miguel","sucursalId":null,"cajaUsuarioApertura":68,"cajaUsuarioCierre":2,"cajaEstado":false,"cajaUsuarioCierreNombre":null,"cajaUsuarioAperturaNombre":null},{"cajaId":96,"empPadreId":1,"cajaFechaApertura":1731535944897,"cajaFechaCierre":1731543223553,"cajaMontoInicial":0.0,"cajaMontoFinal":0.0,"cajaAsignada":"Albin Wurst Sucursal 1","sucursalId":null,"cajaUsuarioApertura":2,"cajaUsuarioCierre":2,"cajaEstado":false,"cajaUsuarioCierreNombre":null,"cajaUsuarioAperturaNombre":null}]
[INFO ] [27-11-2024 21:13:16] [WEmpresaController             :: 46  ] - Controller :: findAllEmpresaComboBox
[INFO ] [27-11-2024 21:13:16] [WEmpresaController             :: 46  ] - Controller :: findAllEmpresaComboBox
[INFO ] [27-11-2024 21:13:20] [ProductoImpl                   :: 52  ] - Implements :: findActiveProductosWithActiveEmpresa
[INFO ] [27-11-2024 21:13:20] [FxComunes                      :: 68  ] - listar las categorias por empresa [{"proId":78,"empId":1,"proCategoria":"choripan","proPrecioCosto":null,"proIsActive":null,"proDescripcion":null,"proImagen":null,"proPrecioVenta":null},{"proId":94,"empId":1,"proCategoria":"choripan a la tabla","proPrecioCosto":null,"proIsActive":null,"proDescripcion":null,"proImagen":null,"proPrecioVenta":null},{"proId":96,"empId":1,"proCategoria":"Bebida","proPrecioCosto":null,"proIsActive":null,"proDescripcion":null,"proImagen":null,"proPrecioVenta":null}]
[INFO ] [27-11-2024 21:13:21] [FxComunes                      :: 68  ] - listar los complementos [{"empId":null,"empNombreComercial":null,"proCompId":1,"proCompNombre":"Cremas","proCompPrecio":null,"proCompIdPadre":null,"subComplementos":"Mostaza, Mayonesa, Ketchup, Ají (Uchucuta)","detalles":null},{"empId":null,"empNombreComercial":null,"proCompId":2,"proCompNombre":"Toppings","proCompPrecio":null,"proCompIdPadre":null,"subComplementos":"Papas al Hilo, Pickles (Pepinillos)","detalles":null},{"empId":null,"empNombreComercial":null,"proCompId":3,"proCompNombre":"Bebidas","proCompPrecio":null,"proCompIdPadre":null,"subComplementos":"Cafe, Gaseosa","detalles":null}]
[INFO ] [27-11-2024 21:13:23] [FxComunes                      :: 68  ] - trae complementos por empresa [{"empId":1,"empNombreComercial":"Albin Wurst","proCompId":1,"proCompNombre":"Cremas","proCompPrecio":0.0,"proCompIdPadre":0,"subComplementos":null,"detalles":null},{"empId":1,"empNombreComercial":"Albin Wurst","proCompId":2,"proCompNombre":"Toppings","proCompPrecio":0.0,"proCompIdPadre":0,"subComplementos":null,"detalles":null},{"empId":1,"empNombreComercial":"Albin Wurst","proCompId":3,"proCompNombre":"Bebidas","proCompPrecio":0.0,"proCompIdPadre":0,"subComplementos":null,"detalles":null}]
[INFO ] [27-11-2024 21:13:25] [ProductoInventarioImpl         :: 30  ] - Implements :: findAll
[INFO ] [27-11-2024 21:13:33] [WEmpresaController             :: 46  ] - Controller :: findAllEmpresaComboBox
[INFO ] [27-11-2024 21:13:33] [WEmpresaController             :: 46  ] - Controller :: findAllEmpresaComboBox
[INFO ] [27-11-2024 21:13:35] [ProductoImpl                   :: 52  ] - Implements :: findActiveProductosWithActiveEmpresa
[INFO ] [27-11-2024 21:13:35] [FxComunes                      :: 68  ] - listar las categorias por empresa []
[INFO ] [27-11-2024 21:13:35] [FxComunes                      :: 68  ] - listar los complementos [{"empId":null,"empNombreComercial":null,"proCompId":12,"proCompNombre":"Cremas DOS","proCompPrecio":null,"proCompIdPadre":null,"subComplementos":"fdsf","detalles":null},{"empId":null,"empNombreComercial":null,"proCompId":13,"proCompNombre":"Toppings DOS","proCompPrecio":null,"proCompIdPadre":null,"subComplementos":"aldair","detalles":null}]
[INFO ] [27-11-2024 21:13:38] [ProductoImpl                   :: 52  ] - Implements :: findActiveProductosWithActiveEmpresa
[INFO ] [27-11-2024 21:13:38] [FxComunes                      :: 68  ] - listar las categorias por empresa [{"proId":78,"empId":1,"proCategoria":"choripan","proPrecioCosto":null,"proIsActive":null,"proDescripcion":null,"proImagen":null,"proPrecioVenta":null},{"proId":94,"empId":1,"proCategoria":"choripan a la tabla","proPrecioCosto":null,"proIsActive":null,"proDescripcion":null,"proImagen":null,"proPrecioVenta":null},{"proId":96,"empId":1,"proCategoria":"Bebida","proPrecioCosto":null,"proIsActive":null,"proDescripcion":null,"proImagen":null,"proPrecioVenta":null}]
[INFO ] [27-11-2024 21:13:38] [FxComunes                      :: 68  ] - listar los complementos [{"empId":null,"empNombreComercial":null,"proCompId":1,"proCompNombre":"Cremas","proCompPrecio":null,"proCompIdPadre":null,"subComplementos":"Mostaza, Mayonesa, Ketchup, Ají (Uchucuta)","detalles":null},{"empId":null,"empNombreComercial":null,"proCompId":2,"proCompNombre":"Toppings","proCompPrecio":null,"proCompIdPadre":null,"subComplementos":"Papas al Hilo, Pickles (Pepinillos)","detalles":null},{"empId":null,"empNombreComercial":null,"proCompId":3,"proCompNombre":"Bebidas","proCompPrecio":null,"proCompIdPadre":null,"subComplementos":"Cafe, Gaseosa","detalles":null}]
[INFO ] [27-11-2024 21:13:41] [ProductoImpl                   :: 62  ] - Implements :: findById :: 93
[INFO ] [27-11-2024 21:13:41] [FxComunes                      :: 68  ] - COMPLEMETNOS[]
[INFO ] [27-11-2024 21:13:41] [WEmpresaController             :: 46  ] - Controller :: findAllEmpresaComboBox
[INFO ] [27-11-2024 21:13:41] [FxComunes                      :: 68  ] - listar las categorias por empresa [{"proId":78,"empId":1,"proCategoria":"choripan","proPrecioCosto":null,"proIsActive":null,"proDescripcion":null,"proImagen":null,"proPrecioVenta":null},{"proId":94,"empId":1,"proCategoria":"choripan a la tabla","proPrecioCosto":null,"proIsActive":null,"proDescripcion":null,"proImagen":null,"proPrecioVenta":null},{"proId":96,"empId":1,"proCategoria":"Bebida","proPrecioCosto":null,"proIsActive":null,"proDescripcion":null,"proImagen":null,"proPrecioVenta":null}]
[INFO ] [27-11-2024 21:13:41] [FxComunes                      :: 68  ] - listar los complementos [{"empId":null,"empNombreComercial":null,"proCompId":1,"proCompNombre":"Cremas","proCompPrecio":null,"proCompIdPadre":null,"subComplementos":"Mostaza, Mayonesa, Ketchup, Ají (Uchucuta)","detalles":null},{"empId":null,"empNombreComercial":null,"proCompId":2,"proCompNombre":"Toppings","proCompPrecio":null,"proCompIdPadre":null,"subComplementos":"Papas al Hilo, Pickles (Pepinillos)","detalles":null},{"empId":null,"empNombreComercial":null,"proCompId":3,"proCompNombre":"Bebidas","proCompPrecio":null,"proCompIdPadre":null,"subComplementos":"Cafe, Gaseosa","detalles":null}]
[INFO ] [27-11-2024 21:13:54] [ProductoImpl                   :: 62  ] - Implements :: findById :: 95
[INFO ] [27-11-2024 21:13:54] [FxComunes                      :: 68  ] - COMPLEMETNOS[{"empId":null,"empNombreComercial":null,"proCompId":1,"proCompNombre":"Cremas","proCompPrecio":null,"proCompIdPadre":null,"subComplementos":"Mostaza, Mayonesa, Ketchup, Ají (Uchucuta)","detalles":null},{"empId":null,"empNombreComercial":null,"proCompId":2,"proCompNombre":"Toppings","proCompPrecio":null,"proCompIdPadre":null,"subComplementos":"Papas al Hilo, Pickles (Pepinillos)","detalles":null}]
[INFO ] [27-11-2024 21:13:54] [WEmpresaController             :: 46  ] - Controller :: findAllEmpresaComboBox
[INFO ] [27-11-2024 21:13:54] [FxComunes                      :: 68  ] - listar las categorias por empresa [{"proId":78,"empId":1,"proCategoria":"choripan","proPrecioCosto":null,"proIsActive":null,"proDescripcion":null,"proImagen":null,"proPrecioVenta":null},{"proId":94,"empId":1,"proCategoria":"choripan a la tabla","proPrecioCosto":null,"proIsActive":null,"proDescripcion":null,"proImagen":null,"proPrecioVenta":null},{"proId":96,"empId":1,"proCategoria":"Bebida","proPrecioCosto":null,"proIsActive":null,"proDescripcion":null,"proImagen":null,"proPrecioVenta":null}]
[INFO ] [27-11-2024 21:13:54] [FxComunes                      :: 68  ] - listar los complementos [{"empId":null,"empNombreComercial":null,"proCompId":1,"proCompNombre":"Cremas","proCompPrecio":null,"proCompIdPadre":null,"subComplementos":"Mostaza, Mayonesa, Ketchup, Ají (Uchucuta)","detalles":null},{"empId":null,"empNombreComercial":null,"proCompId":2,"proCompNombre":"Toppings","proCompPrecio":null,"proCompIdPadre":null,"subComplementos":"Papas al Hilo, Pickles (Pepinillos)","detalles":null},{"empId":null,"empNombreComercial":null,"proCompId":3,"proCompNombre":"Bebidas","proCompPrecio":null,"proCompIdPadre":null,"subComplementos":"Cafe, Gaseosa","detalles":null}]
