[INFO ] [16-02-2025 14:14:23] [KenpisApplication              :: 55  ] - Starting KenpisApplication using Java 12.0.2 on Giomar with PID 10220 (C:\Sistemas\kenpis\target\classes started by creo0 in C:\Sistemas\kenpis)
[DEBUG] [16-02-2025 14:14:23] [KenpisApplication              :: 56  ] - Running with Spring Boot v2.7.18, Spring v5.3.31
[INFO ] [16-02-2025 14:14:23] [KenpisApplication              :: 638 ] - The following 1 profile is active: "dev"
[INFO ] [16-02-2025 14:14:23] [DevToolsPropertyDefaultsPostProcessor :: 255 ] - Devtools property defaults active! Set 'spring.devtools.add-properties' to 'false' to disable
[INFO ] [16-02-2025 14:14:24] [RepositoryConfigurationDelegate :: 132 ] - Bootstrapping Spring Data JPA repositories in DEFAULT mode.
[INFO ] [16-02-2025 14:14:24] [RepositoryConfigurationDelegate :: 201 ] - Finished Spring Data repository scanning in 92 ms. Found 13 JPA repository interfaces.
[INFO ] [16-02-2025 14:14:25] [TomcatWebServer                :: 108 ] - Tomcat initialized with port(s): 8080 (http)
[INFO ] [16-02-2025 14:14:25] [Http11NioProtocol              :: 173 ] - Initializing ProtocolHandler ["http-nio-8080"]
[INFO ] [16-02-2025 14:14:25] [StandardService                :: 173 ] - Starting service [Tomcat]
[INFO ] [16-02-2025 14:14:25] [StandardEngine                 :: 173 ] - Starting Servlet engine: [Apache Tomcat/9.0.83]
[INFO ] [16-02-2025 14:14:25] [TldScanner                     :: 173 ] - At least one JAR was scanned for TLDs yet contained no TLDs. Enable debug logging for this logger for a complete list of JARs that were scanned but no TLDs were found in them. Skipping unneeded JARs during scanning can improve startup time and JSP compilation time.
[INFO ] [16-02-2025 14:14:25] [[/]                            :: 173 ] - Initializing Spring embedded WebApplicationContext
[INFO ] [16-02-2025 14:14:25] [ServletWebServerApplicationContext :: 292 ] - Root WebApplicationContext: initialization completed in 1871 ms
[INFO ] [16-02-2025 14:14:25] [LogHelper                      :: 31  ] - HHH000204: Processing PersistenceUnitInfo [name: default]
[INFO ] [16-02-2025 14:14:25] [Version                        :: 44  ] - HHH000412: Hibernate ORM core version 5.6.15.Final
[INFO ] [16-02-2025 14:14:26] [Version                        :: 56  ] - HCANN000001: Hibernate Commons Annotations {5.1.2.Final}
[INFO ] [16-02-2025 14:14:26] [HikariDataSource               :: 110 ] - HikariPool-1 - Starting...
[INFO ] [16-02-2025 14:14:27] [HikariDataSource               :: 123 ] - HikariPool-1 - Start completed.
[INFO ] [16-02-2025 14:14:27] [Dialect                        :: 175 ] - HHH000400: Using dialect: org.hibernate.dialect.SQLServerDialect
[INFO ] [16-02-2025 14:14:29] [JtaPlatformInitiator           :: 52  ] - HHH000490: Using JtaPlatform implementation: [org.hibernate.engine.transaction.jta.platform.internal.NoJtaPlatform]
[INFO ] [16-02-2025 14:14:29] [LocalContainerEntityManagerFactoryBean :: 437 ] - Initialized JPA EntityManagerFactory for persistence unit 'default'
[INFO ] [16-02-2025 14:14:30] [DefaultSecurityFilterChain     :: 55  ] - Will secure any request with [org.springframework.security.web.session.DisableEncodeUrlFilter@51d1a722, org.springframework.security.web.context.request.async.WebAsyncManagerIntegrationFilter@3f2594bd, org.springframework.security.web.context.SecurityContextPersistenceFilter@24b2a1ec, org.springframework.security.web.header.HeaderWriterFilter@24a173a9, org.springframework.security.web.authentication.logout.LogoutFilter@3f01d3be, org.springframework.security.web.authentication.UsernamePasswordAuthenticationFilter@33d0283c, org.springframework.security.web.savedrequest.RequestCacheAwareFilter@7e70d158, org.springframework.security.web.servletapi.SecurityContextHolderAwareRequestFilter@19f81221, org.springframework.security.web.authentication.AnonymousAuthenticationFilter@35ec98f4, org.springframework.security.web.session.SessionManagementFilter@67aab26c, org.springframework.security.web.access.ExceptionTranslationFilter@6152d33e, org.springframework.security.web.access.intercept.FilterSecurityInterceptor@5257fc0b]
[INFO ] [16-02-2025 14:14:31] [WelcomePageHandlerMapping      :: 60  ] - Adding welcome page template: index
[INFO ] [16-02-2025 14:14:31] [OptionalLiveReloadServer       :: 59  ] - LiveReload server is running on port 35729
[INFO ] [16-02-2025 14:14:31] [Http11NioProtocol              :: 173 ] - Starting ProtocolHandler ["http-nio-8080"]
[INFO ] [16-02-2025 14:14:31] [TomcatWebServer                :: 220 ] - Tomcat started on port(s): 8080 (http) with context path ''
[INFO ] [16-02-2025 14:14:31] [KenpisApplication              :: 61  ] - Started KenpisApplication in 8.728 seconds (JVM running for 9.335)
[INFO ] [16-02-2025 14:14:39] [[/]                            :: 173 ] - Initializing Spring DispatcherServlet 'dispatcherServlet'
[INFO ] [16-02-2025 14:14:39] [DispatcherServlet              :: 525 ] - Initializing Servlet 'dispatcherServlet'
[INFO ] [16-02-2025 14:14:39] [DispatcherServlet              :: 547 ] - Completed initialization in 2 ms
[WARN ] [16-02-2025 14:14:42] [SessionIdGeneratorBase         :: 173 ] - Creation of SecureRandom instance for session ID generation using [SHA1PRNG] took [2,658] milliseconds.
[WARN ] [16-02-2025 14:14:44] [PageNotFound                   :: 1283] - No mapping for GET /assets/js/asyncToGenerator.O4pnRyQq.js
[WARN ] [16-02-2025 14:14:44] [PageNotFound                   :: 1283] - No mapping for GET /assets/js/index.CucWK6IV.js
[WARN ] [16-02-2025 14:14:44] [PageNotFound                   :: 1283] - No mapping for GET /assets/js/index.umd.BXzp7Rme.js
[WARN ] [16-02-2025 14:14:44] [PageNotFound                   :: 1283] - No mapping for GET /assets/js/Wallet.mlGYZajl.js
[WARN ] [16-02-2025 14:14:46] [PageNotFound                   :: 1283] - No mapping for GET /assets/js/index.CucWK6IV.js
[WARN ] [16-02-2025 14:14:46] [PageNotFound                   :: 1283] - No mapping for GET /assets/js/index.umd.BXzp7Rme.js
[WARN ] [16-02-2025 14:14:46] [PageNotFound                   :: 1283] - No mapping for GET /assets/js/asyncToGenerator.O4pnRyQq.js
[WARN ] [16-02-2025 14:14:46] [PageNotFound                   :: 1283] - No mapping for GET /assets/js/Wallet.mlGYZajl.js
[DEBUG] [16-02-2025 14:14:46] [UsuarioImpl                    :: 219 ] - Implements :: findByUsuUsername :: JHAN.MORENO
[DEBUG] [16-02-2025 14:14:47] [UsuarioImpl                    :: 193 ] - Implements :: findUsuarioAuthorityByUsuId :: 2
[INFO ] [16-02-2025 14:14:47] [EmpresaImpl                    :: 55  ] - Implements :: findById :: 1
[INFO ] [16-02-2025 14:14:47] [WLoginController               :: 61  ] - Usuario logueado: JHAN.MORENO
[INFO ] [16-02-2025 14:14:47] [WLoginController               :: 62  ] - Estado de la empresa (activo/inactivo): true
[INFO ] [16-02-2025 14:14:47] [WLoginController               :: 75  ] - emprsa session : 1
[INFO ] [16-02-2025 14:14:47] [FxComunes                      :: 68  ] - PedidosEstado{"DESCARTADO":null,"EN_PROCESO":null,"REGISTRADO":null,"ATENDIDO":null,"PAGADO":null}
[WARN ] [16-02-2025 14:14:48] [PageNotFound                   :: 1283] - No mapping for GET /assets/js/index.CucWK6IV.js
[WARN ] [16-02-2025 14:14:48] [PageNotFound                   :: 1283] - No mapping for GET /assets/js/Wallet.mlGYZajl.js
[WARN ] [16-02-2025 14:14:48] [PageNotFound                   :: 1283] - No mapping for GET /assets/js/asyncToGenerator.O4pnRyQq.js
[WARN ] [16-02-2025 14:14:48] [PageNotFound                   :: 1283] - No mapping for GET /assets/js/index.umd.BXzp7Rme.js
[WARN ] [16-02-2025 14:14:50] [PageNotFound                   :: 1283] - No mapping for GET /assets/js/index.CucWK6IV.js
[WARN ] [16-02-2025 14:14:50] [PageNotFound                   :: 1283] - No mapping for GET /assets/js/index.umd.BXzp7Rme.js
[WARN ] [16-02-2025 14:14:50] [PageNotFound                   :: 1283] - No mapping for GET /assets/js/Wallet.mlGYZajl.js
[WARN ] [16-02-2025 14:14:50] [PageNotFound                   :: 1283] - No mapping for GET /assets/js/asyncToGenerator.O4pnRyQq.js
[INFO ] [16-02-2025 14:14:50] [FxComunes                      :: 68  ] - trae complementos por empresa [{"empId":1,"empNombreComercial":"Albin Wurst","proCompId":1,"proCompNombre":"Cremas","proCompPrecio":0.0,"proCompIdPadre":0,"subComplementos":null,"detalles":null},{"empId":1,"empNombreComercial":"Albin Wurst","proCompId":2,"proCompNombre":"Toppings","proCompPrecio":0.0,"proCompIdPadre":0,"subComplementos":null,"detalles":null},{"empId":1,"empNombreComercial":"Albin Wurst","proCompId":3,"proCompNombre":"Bebidas","proCompPrecio":0.0,"proCompIdPadre":0,"subComplementos":null,"detalles":null}]
[INFO ] [16-02-2025 14:14:52] [ProductoInventarioImpl         :: 30  ] - Implements :: findAll
[WARN ] [16-02-2025 14:14:52] [PageNotFound                   :: 1283] - No mapping for GET /assets/js/asyncToGenerator.O4pnRyQq.js
[WARN ] [16-02-2025 14:14:52] [PageNotFound                   :: 1283] - No mapping for GET /assets/js/index.CucWK6IV.js
[WARN ] [16-02-2025 14:14:52] [PageNotFound                   :: 1283] - No mapping for GET /assets/js/Wallet.mlGYZajl.js
[WARN ] [16-02-2025 14:14:52] [PageNotFound                   :: 1283] - No mapping for GET /assets/js/index.umd.BXzp7Rme.js
[INFO ] [16-02-2025 14:14:56] [ProductoInventarioImpl         :: 88  ] - Consultando producto con productoId: 98
[INFO ] [16-02-2025 14:14:56] [ProductoInventarioImpl         :: 93  ] - Datos obtenidos: ProductoInventarioEntity(proInvId=47, productoId=98, proInvStockInicial=20, proInvStockVentas=10, proInvFechaCreacion=2024-11-14 20:15:42.627, proInvFechaVencimiento=2024-11-20 00:00:00.0)
[INFO ] [16-02-2025 14:14:56] [FxComunes                      :: 68  ] - que trae{"proInvId":47,"productoId":98,"proInvStockInicial":20,"proInvStockVentas":10,"proInvFechaCreacion":1731633342627,"proPrecioCosto":null,"proPrecioVenta":null,"proCategoria":null,"proDescripcion":null,"proInvStockActual":null,"empId":null,"proImagen":null,"proIsActive":null,"proInvFechaVencimiento":1732078800000}
[INFO ] [16-02-2025 14:15:17] [ProductoInventarioImpl         :: 110 ] - Consultando producto con productoId: 98
[INFO ] [16-02-2025 14:15:18] [ProductoInventarioImpl         :: 30  ] - Implements :: findAll
[INFO ] [16-02-2025 14:15:27] [ProductoInventarioImpl         :: 88  ] - Consultando producto con productoId: 98
[INFO ] [16-02-2025 14:15:27] [ProductoInventarioImpl         :: 93  ] - Datos obtenidos: ProductoInventarioEntity(proInvId=47, productoId=98, proInvStockInicial=30, proInvStockVentas=10, proInvFechaCreacion=2024-11-14 20:15:42.627, proInvFechaVencimiento=2025-02-27 00:00:00.0)
[INFO ] [16-02-2025 14:15:27] [FxComunes                      :: 68  ] - que trae{"proInvId":47,"productoId":98,"proInvStockInicial":30,"proInvStockVentas":10,"proInvFechaCreacion":1731633342627,"proPrecioCosto":null,"proPrecioVenta":null,"proCategoria":null,"proDescripcion":null,"proInvStockActual":null,"empId":null,"proImagen":null,"proIsActive":null,"proInvFechaVencimiento":1740632400000}
[INFO ] [16-02-2025 14:15:31] [ProductoInventarioImpl         :: 110 ] - Consultando producto con productoId: 98
[INFO ] [16-02-2025 14:15:32] [ProductoInventarioImpl         :: 30  ] - Implements :: findAll
[INFO ] [16-02-2025 14:15:35] [ProductoInventarioImpl         :: 88  ] - Consultando producto con productoId: 98
[INFO ] [16-02-2025 14:15:35] [ProductoInventarioImpl         :: 93  ] - Datos obtenidos: ProductoInventarioEntity(proInvId=47, productoId=98, proInvStockInicial=30, proInvStockVentas=10, proInvFechaCreacion=2024-11-14 20:15:42.627, proInvFechaVencimiento=2025-02-26 00:00:00.0)
[INFO ] [16-02-2025 14:15:35] [FxComunes                      :: 68  ] - que trae{"proInvId":47,"productoId":98,"proInvStockInicial":30,"proInvStockVentas":10,"proInvFechaCreacion":1731633342627,"proPrecioCosto":null,"proPrecioVenta":null,"proCategoria":null,"proDescripcion":null,"proInvStockActual":null,"empId":null,"proImagen":null,"proIsActive":null,"proInvFechaVencimiento":1740546000000}
[INFO ] [16-02-2025 14:15:38] [ProductoInventarioImpl         :: 110 ] - Consultando producto con productoId: 98
[INFO ] [16-02-2025 14:15:39] [ProductoInventarioImpl         :: 30  ] - Implements :: findAll
[INFO ] [16-02-2025 14:15:50] [ProductoInventarioImpl         :: 88  ] - Consultando producto con productoId: 98
[INFO ] [16-02-2025 14:15:50] [ProductoInventarioImpl         :: 93  ] - Datos obtenidos: ProductoInventarioEntity(proInvId=47, productoId=98, proInvStockInicial=40, proInvStockVentas=10, proInvFechaCreacion=2024-11-14 20:15:42.627, proInvFechaVencimiento=2025-02-25 00:00:00.0)
[INFO ] [16-02-2025 14:15:50] [FxComunes                      :: 68  ] - que trae{"proInvId":47,"productoId":98,"proInvStockInicial":40,"proInvStockVentas":10,"proInvFechaCreacion":1731633342627,"proPrecioCosto":null,"proPrecioVenta":null,"proCategoria":null,"proDescripcion":null,"proInvStockActual":null,"empId":null,"proImagen":null,"proIsActive":null,"proInvFechaVencimiento":1740459600000}
[INFO ] [16-02-2025 14:16:02] [WEmpresaController             :: 46  ] - Controller :: findAllEmpresaComboBox
[INFO ] [16-02-2025 14:16:02] [WEmpresaController             :: 46  ] - Controller :: findAllEmpresaComboBox
[WARN ] [16-02-2025 14:16:02] [PageNotFound                   :: 1283] - No mapping for GET /assets/js/asyncToGenerator.O4pnRyQq.js
[WARN ] [16-02-2025 14:16:02] [PageNotFound                   :: 1283] - No mapping for GET /assets/js/index.CucWK6IV.js
[WARN ] [16-02-2025 14:16:02] [PageNotFound                   :: 1283] - No mapping for GET /assets/js/Wallet.mlGYZajl.js
[WARN ] [16-02-2025 14:16:02] [PageNotFound                   :: 1283] - No mapping for GET /assets/js/index.umd.BXzp7Rme.js
[INFO ] [16-02-2025 14:16:32] [WEmpresaController             :: 46  ] - Controller :: findAllEmpresaComboBox
[WARN ] [16-02-2025 14:16:32] [PageNotFound                   :: 1283] - No mapping for GET /assets/js/index.CucWK6IV.js
[WARN ] [16-02-2025 14:16:32] [PageNotFound                   :: 1283] - No mapping for GET /assets/js/index.umd.BXzp7Rme.js
[WARN ] [16-02-2025 14:16:32] [PageNotFound                   :: 1283] - No mapping for GET /assets/js/Wallet.mlGYZajl.js
[WARN ] [16-02-2025 14:16:32] [PageNotFound                   :: 1283] - No mapping for GET /assets/js/asyncToGenerator.O4pnRyQq.js
[INFO ] [16-02-2025 14:16:32] [WEmpresaController             :: 46  ] - Controller :: findAllEmpresaComboBox
[DEBUG] [16-02-2025 14:16:35] [UsuarioImpl                    :: 219 ] - Implements :: findByUsuUsername :: JHAN.MORENO
[DEBUG] [16-02-2025 14:16:35] [UsuarioImpl                    :: 193 ] - Implements :: findUsuarioAuthorityByUsuId :: 2
[INFO ] [16-02-2025 14:16:35] [EmpresaImpl                    :: 55  ] - Implements :: findById :: 1
[INFO ] [16-02-2025 14:16:36] [WLoginController               :: 61  ] - Usuario logueado: JHAN.MORENO
[INFO ] [16-02-2025 14:16:36] [WLoginController               :: 62  ] - Estado de la empresa (activo/inactivo): true
[INFO ] [16-02-2025 14:16:36] [WLoginController               :: 75  ] - emprsa session : 1
[INFO ] [16-02-2025 14:16:36] [FxComunes                      :: 68  ] - PedidosEstado{"DESCARTADO":null,"EN_PROCESO":null,"REGISTRADO":null,"ATENDIDO":null,"PAGADO":null}
[WARN ] [16-02-2025 14:16:36] [PageNotFound                   :: 1283] - No mapping for GET /assets/js/asyncToGenerator.O4pnRyQq.js
[WARN ] [16-02-2025 14:16:36] [PageNotFound                   :: 1283] - No mapping for GET /assets/js/index.umd.BXzp7Rme.js
[WARN ] [16-02-2025 14:16:36] [PageNotFound                   :: 1283] - No mapping for GET /assets/js/Wallet.mlGYZajl.js
[WARN ] [16-02-2025 14:16:36] [PageNotFound                   :: 1283] - No mapping for GET /assets/js/index.CucWK6IV.js
[INFO ] [16-02-2025 14:16:39] [ProductoImpl                   :: 52  ] - Implements :: findActiveProductosWithActiveEmpresa
[WARN ] [16-02-2025 14:16:39] [PageNotFound                   :: 1283] - No mapping for GET /assets/js/asyncToGenerator.O4pnRyQq.js
[WARN ] [16-02-2025 14:16:39] [PageNotFound                   :: 1283] - No mapping for GET /assets/js/index.CucWK6IV.js
[WARN ] [16-02-2025 14:16:39] [PageNotFound                   :: 1283] - No mapping for GET /assets/js/index.umd.BXzp7Rme.js
[WARN ] [16-02-2025 14:16:39] [PageNotFound                   :: 1283] - No mapping for GET /assets/js/Wallet.mlGYZajl.js
[INFO ] [16-02-2025 14:16:39] [FxComunes                      :: 68  ] - listar las categorias por empresa [{"proId":78,"empId":1,"proCategoria":"choripan","proPrecioCosto":null,"proIsActive":null,"proDescripcion":null,"proImagen":null,"proPrecioVenta":null},{"proId":94,"empId":1,"proCategoria":"choripan a la tabla","proPrecioCosto":null,"proIsActive":null,"proDescripcion":null,"proImagen":null,"proPrecioVenta":null},{"proId":96,"empId":1,"proCategoria":"Bebida","proPrecioCosto":null,"proIsActive":null,"proDescripcion":null,"proImagen":null,"proPrecioVenta":null}]
[INFO ] [16-02-2025 14:16:39] [FxComunes                      :: 68  ] - listar los complementos [{"empId":null,"empNombreComercial":null,"proCompId":1,"proCompNombre":"Cremas","proCompPrecio":null,"proCompIdPadre":null,"subComplementos":"Mostaza, Mayonesa, Ketchup, Ají (Uchucuta)","detalles":null},{"empId":null,"empNombreComercial":null,"proCompId":2,"proCompNombre":"Toppings","proCompPrecio":null,"proCompIdPadre":null,"subComplementos":"Papas al Hilo, Pickles (Pepinillos)","detalles":null},{"empId":null,"empNombreComercial":null,"proCompId":3,"proCompNombre":"Bebidas","proCompPrecio":null,"proCompIdPadre":null,"subComplementos":"Cafe, Gaseosa","detalles":null}]
[DEBUG] [16-02-2025 14:17:25] [ProductoImpl                   :: 68  ] - Implements :: create :: Inicio
[INFO ] [16-02-2025 14:17:26] [ProductoImpl                   :: 52  ] - Implements :: findActiveProductosWithActiveEmpresa
[INFO ] [16-02-2025 14:17:30] [ProductoImpl                   :: 62  ] - Implements :: findById :: 99
[INFO ] [16-02-2025 14:17:31] [FxComunes                      :: 68  ] - COMPLEMETNOS[{"empId":null,"empNombreComercial":null,"proCompId":1,"proCompNombre":"Cremas","proCompPrecio":null,"proCompIdPadre":null,"subComplementos":"Mostaza, Mayonesa, Ketchup, Ají (Uchucuta)","detalles":null},{"empId":null,"empNombreComercial":null,"proCompId":3,"proCompNombre":"Bebidas","proCompPrecio":null,"proCompIdPadre":null,"subComplementos":"Cafe, Gaseosa","detalles":null}]
[INFO ] [16-02-2025 14:17:31] [WEmpresaController             :: 46  ] - Controller :: findAllEmpresaComboBox
[INFO ] [16-02-2025 14:17:31] [FxComunes                      :: 68  ] - listar las categorias por empresa [{"proId":78,"empId":1,"proCategoria":"choripan","proPrecioCosto":null,"proIsActive":null,"proDescripcion":null,"proImagen":null,"proPrecioVenta":null},{"proId":94,"empId":1,"proCategoria":"choripan a la tabla","proPrecioCosto":null,"proIsActive":null,"proDescripcion":null,"proImagen":null,"proPrecioVenta":null},{"proId":96,"empId":1,"proCategoria":"Bebida","proPrecioCosto":null,"proIsActive":null,"proDescripcion":null,"proImagen":null,"proPrecioVenta":null}]
[INFO ] [16-02-2025 14:17:31] [FxComunes                      :: 68  ] - listar los complementos [{"empId":null,"empNombreComercial":null,"proCompId":1,"proCompNombre":"Cremas","proCompPrecio":null,"proCompIdPadre":null,"subComplementos":"Mostaza, Mayonesa, Ketchup, Ají (Uchucuta)","detalles":null},{"empId":null,"empNombreComercial":null,"proCompId":2,"proCompNombre":"Toppings","proCompPrecio":null,"proCompIdPadre":null,"subComplementos":"Papas al Hilo, Pickles (Pepinillos)","detalles":null},{"empId":null,"empNombreComercial":null,"proCompId":3,"proCompNombre":"Bebidas","proCompPrecio":null,"proCompIdPadre":null,"subComplementos":"Cafe, Gaseosa","detalles":null}]
[INFO ] [16-02-2025 14:17:35] [ProductoImpl                   :: 62  ] - Implements :: findById :: 99
[INFO ] [16-02-2025 14:17:36] [FxComunes                      :: 68  ] - COMPLEMETNOS[{"empId":null,"empNombreComercial":null,"proCompId":1,"proCompNombre":"Cremas","proCompPrecio":null,"proCompIdPadre":null,"subComplementos":"Mostaza, Mayonesa, Ketchup, Ají (Uchucuta)","detalles":null},{"empId":null,"empNombreComercial":null,"proCompId":3,"proCompNombre":"Bebidas","proCompPrecio":null,"proCompIdPadre":null,"subComplementos":"Cafe, Gaseosa","detalles":null}]
[INFO ] [16-02-2025 14:17:36] [WEmpresaController             :: 46  ] - Controller :: findAllEmpresaComboBox
[INFO ] [16-02-2025 14:17:36] [FxComunes                      :: 68  ] - listar las categorias por empresa [{"proId":78,"empId":1,"proCategoria":"choripan","proPrecioCosto":null,"proIsActive":null,"proDescripcion":null,"proImagen":null,"proPrecioVenta":null},{"proId":94,"empId":1,"proCategoria":"choripan a la tabla","proPrecioCosto":null,"proIsActive":null,"proDescripcion":null,"proImagen":null,"proPrecioVenta":null},{"proId":96,"empId":1,"proCategoria":"Bebida","proPrecioCosto":null,"proIsActive":null,"proDescripcion":null,"proImagen":null,"proPrecioVenta":null}]
[INFO ] [16-02-2025 14:17:36] [FxComunes                      :: 68  ] - listar los complementos [{"empId":null,"empNombreComercial":null,"proCompId":1,"proCompNombre":"Cremas","proCompPrecio":null,"proCompIdPadre":null,"subComplementos":"Mostaza, Mayonesa, Ketchup, Ají (Uchucuta)","detalles":null},{"empId":null,"empNombreComercial":null,"proCompId":2,"proCompNombre":"Toppings","proCompPrecio":null,"proCompIdPadre":null,"subComplementos":"Papas al Hilo, Pickles (Pepinillos)","detalles":null},{"empId":null,"empNombreComercial":null,"proCompId":3,"proCompNombre":"Bebidas","proCompPrecio":null,"proCompIdPadre":null,"subComplementos":"Cafe, Gaseosa","detalles":null}]
[INFO ] [16-02-2025 14:17:50] [ProductoImpl                   :: 52  ] - Implements :: findActiveProductosWithActiveEmpresa
[INFO ] [16-02-2025 14:17:52] [FxComunes                      :: 68  ] - trae complementos por empresa [{"empId":1,"empNombreComercial":"Albin Wurst","proCompId":1,"proCompNombre":"Cremas","proCompPrecio":0.0,"proCompIdPadre":0,"subComplementos":null,"detalles":null},{"empId":1,"empNombreComercial":"Albin Wurst","proCompId":2,"proCompNombre":"Toppings","proCompPrecio":0.0,"proCompIdPadre":0,"subComplementos":null,"detalles":null},{"empId":1,"empNombreComercial":"Albin Wurst","proCompId":3,"proCompNombre":"Bebidas","proCompPrecio":0.0,"proCompIdPadre":0,"subComplementos":null,"detalles":null}]
[WARN ] [16-02-2025 14:17:52] [PageNotFound                   :: 1283] - No mapping for GET /assets/js/index.CucWK6IV.js
[WARN ] [16-02-2025 14:17:52] [PageNotFound                   :: 1283] - No mapping for GET /assets/js/asyncToGenerator.O4pnRyQq.js
[WARN ] [16-02-2025 14:17:52] [PageNotFound                   :: 1283] - No mapping for GET /assets/js/Wallet.mlGYZajl.js
[WARN ] [16-02-2025 14:17:52] [PageNotFound                   :: 1283] - No mapping for GET /assets/js/index.umd.BXzp7Rme.js
[INFO ] [16-02-2025 14:17:54] [ProductoInventarioImpl         :: 30  ] - Implements :: findAll
[WARN ] [16-02-2025 14:17:54] [PageNotFound                   :: 1283] - No mapping for GET /assets/js/index.CucWK6IV.js
[WARN ] [16-02-2025 14:17:54] [PageNotFound                   :: 1283] - No mapping for GET /assets/js/Wallet.mlGYZajl.js
[WARN ] [16-02-2025 14:17:54] [PageNotFound                   :: 1283] - No mapping for GET /assets/js/asyncToGenerator.O4pnRyQq.js
[WARN ] [16-02-2025 14:17:54] [PageNotFound                   :: 1283] - No mapping for GET /assets/js/index.umd.BXzp7Rme.js
[INFO ] [16-02-2025 14:17:58] [ProductoInventarioImpl         :: 88  ] - Consultando producto con productoId: 99
[INFO ] [16-02-2025 14:17:58] [ProductoInventarioImpl         :: 93  ] - Datos obtenidos: ProductoInventarioEntity(proInvId=48, productoId=99, proInvStockInicial=0, proInvStockVentas=0, proInvFechaCreacion=2025-02-16 14:17:26.07, proInvFechaVencimiento=null)
[INFO ] [16-02-2025 14:17:58] [FxComunes                      :: 68  ] - que trae{"proInvId":48,"productoId":99,"proInvStockInicial":0,"proInvStockVentas":0,"proInvFechaCreacion":1739733446070,"proPrecioCosto":null,"proPrecioVenta":null,"proCategoria":null,"proDescripcion":null,"proInvStockActual":null,"empId":null,"proImagen":null,"proIsActive":null,"proInvFechaVencimiento":null}
[INFO ] [16-02-2025 14:18:05] [ProductoInventarioImpl         :: 110 ] - Consultando producto con productoId: 99
[INFO ] [16-02-2025 14:18:06] [ProductoInventarioImpl         :: 30  ] - Implements :: findAll
[WARN ] [16-02-2025 14:18:11] [PageNotFound                   :: 1283] - No mapping for GET /assets/js/index.CucWK6IV.js
[WARN ] [16-02-2025 14:18:11] [PageNotFound                   :: 1283] - No mapping for GET /assets/js/asyncToGenerator.O4pnRyQq.js
[WARN ] [16-02-2025 14:18:11] [PageNotFound                   :: 1283] - No mapping for GET /assets/js/Wallet.mlGYZajl.js
[WARN ] [16-02-2025 14:18:11] [PageNotFound                   :: 1283] - No mapping for GET /assets/js/index.umd.BXzp7Rme.js
[WARN ] [16-02-2025 14:18:16] [PageNotFound                   :: 1283] - No mapping for GET /assets/js/index.CucWK6IV.js
[WARN ] [16-02-2025 14:18:16] [PageNotFound                   :: 1283] - No mapping for GET /assets/js/Wallet.mlGYZajl.js
[WARN ] [16-02-2025 14:18:16] [PageNotFound                   :: 1283] - No mapping for GET /assets/js/asyncToGenerator.O4pnRyQq.js
[WARN ] [16-02-2025 14:18:16] [PageNotFound                   :: 1283] - No mapping for GET /assets/js/index.umd.BXzp7Rme.js
[INFO ] [16-02-2025 14:18:17] [WEmpresaCajaController         :: 41  ] - Controller :: findSucursalesAndUsuariosByEmpresa :: empresaId=1
[INFO ] [16-02-2025 14:18:17] [EmpresaCajaImpl                :: 141 ] - Implements :: obtenerCajasPorEmpresa1
[INFO ] [16-02-2025 14:18:17] [EmpresaImpl                    :: 78  ] - Implements :: obtenerSucursalesPorEmpresa :: 1
[INFO ] [16-02-2025 14:18:17] [FxComunes                      :: 68  ] - que trae cajas por empresa [{"cajaId":125,"empPadreId":1,"cajaFechaApertura":1738361695783,"cajaFechaCierre":null,"cajaMontoInicial":90.0,"cajaMontoFinal":0.0,"cajaAsignada":"Feria \"Parque la Huaca\"","sucursalId":null,"cajaUsuarioApertura":2,"cajaUsuarioCierre":null,"cajaEstado":true,"cajaUsuarioCierreNombre":null,"cajaUsuarioAperturaNombre":null},{"cajaId":124,"empPadreId":1,"cajaFechaApertura":1737476293697,"cajaFechaCierre":1737573737080,"cajaMontoInicial":0.0,"cajaMontoFinal":15.0,"cajaAsignada":"Feria San Miguel","sucursalId":null,"cajaUsuarioApertura":2,"cajaUsuarioCierre":2,"cajaEstado":false,"cajaUsuarioCierreNombre":null,"cajaUsuarioAperturaNombre":null},{"cajaId":123,"empPadreId":1,"cajaFechaApertura":1733615609763,"cajaFechaCierre":1734238533363,"cajaMontoInicial":0.0,"cajaMontoFinal":50.0,"cajaAsignada":"Feria San Miguel","sucursalId":null,"cajaUsuarioApertura":2,"cajaUsuarioCierre":2,"cajaEstado":false,"cajaUsuarioCierreNombre":null,"cajaUsuarioAperturaNombre":null},{"cajaId":122,"empPadreId":1,"cajaFechaApertura":1733511754037,"cajaFechaCierre":1733589690707,"cajaMontoInicial":0.0,"cajaMontoFinal":70.0,"cajaAsignada":"Feria \"Parque la Huaca\"","sucursalId":null,"cajaUsuarioApertura":2,"cajaUsuarioCierre":2,"cajaEstado":false,"cajaUsuarioCierreNombre":null,"cajaUsuarioAperturaNombre":null}]
[DEBUG] [16-02-2025 14:20:35] [UsuarioImpl                    :: 219 ] - Implements :: findByUsuUsername :: JHAN.MORENO
[DEBUG] [16-02-2025 14:20:35] [UsuarioImpl                    :: 193 ] - Implements :: findUsuarioAuthorityByUsuId :: 2
[INFO ] [16-02-2025 14:20:35] [EmpresaImpl                    :: 55  ] - Implements :: findById :: 4
[INFO ] [16-02-2025 14:20:36] [WLoginController               :: 61  ] - Usuario logueado: JHAN.MORENO
[INFO ] [16-02-2025 14:20:36] [WLoginController               :: 62  ] - Estado de la empresa (activo/inactivo): true
[INFO ] [16-02-2025 14:20:36] [WLoginController               :: 75  ] - emprsa session : 4
[INFO ] [16-02-2025 14:20:36] [FxComunes                      :: 68  ] - PedidosEstado{"DESCARTADO":null,"EN_PROCESO":null,"REGISTRADO":null,"ATENDIDO":null,"PAGADO":null}
[WARN ] [16-02-2025 14:20:36] [PageNotFound                   :: 1283] - No mapping for GET /assets/js/asyncToGenerator.O4pnRyQq.js
[WARN ] [16-02-2025 14:20:36] [PageNotFound                   :: 1283] - No mapping for GET /assets/js/index.umd.BXzp7Rme.js
[WARN ] [16-02-2025 14:20:36] [PageNotFound                   :: 1283] - No mapping for GET /assets/js/index.CucWK6IV.js
[WARN ] [16-02-2025 14:20:36] [PageNotFound                   :: 1283] - No mapping for GET /assets/js/Wallet.mlGYZajl.js
[WARN ] [16-02-2025 14:20:38] [PageNotFound                   :: 1283] - No mapping for GET /assets/js/index.CucWK6IV.js
[WARN ] [16-02-2025 14:20:38] [PageNotFound                   :: 1283] - No mapping for GET /assets/js/index.umd.BXzp7Rme.js
[WARN ] [16-02-2025 14:20:38] [PageNotFound                   :: 1283] - No mapping for GET /assets/js/asyncToGenerator.O4pnRyQq.js
[WARN ] [16-02-2025 14:20:38] [PageNotFound                   :: 1283] - No mapping for GET /assets/js/Wallet.mlGYZajl.js
[INFO ] [16-02-2025 14:20:38] [WEmpresaCajaController         :: 41  ] - Controller :: findSucursalesAndUsuariosByEmpresa :: empresaId=4
[INFO ] [16-02-2025 14:20:38] [EmpresaCajaImpl                :: 141 ] - Implements :: obtenerCajasPorEmpresa4
[INFO ] [16-02-2025 14:20:38] [EmpresaImpl                    :: 78  ] - Implements :: obtenerSucursalesPorEmpresa :: 4
[INFO ] [16-02-2025 14:20:38] [FxComunes                      :: 68  ] - que trae cajas por empresa []
[WARN ] [16-02-2025 14:20:43] [PageNotFound                   :: 1283] - No mapping for GET /kenpis/menu/configuracion/ruta-al-qr-yape
[WARN ] [16-02-2025 14:20:43] [PageNotFound                   :: 1283] - No mapping for GET /kenpis/menu/configuracion/ruta-al-qr-plin
[INFO ] [16-02-2025 14:20:43] [WEmpresaController             :: 137 ] - Controller :: loadEmpresasByRole :: 2
[INFO ] [16-02-2025 14:20:43] [EmpresaImpl                    :: 62  ] - Implements :: obtenerEmpresaPorUsuario :: 2
[WARN ] [16-02-2025 14:20:43] [PageNotFound                   :: 1283] - No mapping for GET /assets/js/index.CucWK6IV.js
[WARN ] [16-02-2025 14:20:43] [PageNotFound                   :: 1283] - No mapping for GET /assets/js/asyncToGenerator.O4pnRyQq.js
[WARN ] [16-02-2025 14:20:43] [PageNotFound                   :: 1283] - No mapping for GET /assets/js/Wallet.mlGYZajl.js
[WARN ] [16-02-2025 14:20:43] [PageNotFound                   :: 1283] - No mapping for GET /assets/js/index.umd.BXzp7Rme.js
[INFO ] [16-02-2025 14:20:43] [EmpresaImpl                    :: 70  ] - Implements :: obtenerSucursalesPorEmpresa :: 4
[INFO ] [16-02-2025 14:20:43] [FxComunes                      :: 68  ] - lista de sucursales de la empresa[{"empId":32,"empNombreComercial":"PEPITO","empIsActive":true,"empFechaContratoFin":null,"empFechaContratoInicio":null,"empFechaCreacion":null,"empTelefono":"98293432","empImagenLogo":null,"empPadreId":null,"empResponsable":null,"empEmail":null}]
[INFO ] [16-02-2025 14:20:46] [ProductoImpl                   :: 52  ] - Implements :: findActiveProductosWithActiveEmpresa
[WARN ] [16-02-2025 14:20:46] [PageNotFound                   :: 1283] - No mapping for GET /assets/js/index.CucWK6IV.js
[WARN ] [16-02-2025 14:20:46] [PageNotFound                   :: 1283] - No mapping for GET /assets/js/index.umd.BXzp7Rme.js
[WARN ] [16-02-2025 14:20:46] [PageNotFound                   :: 1283] - No mapping for GET /assets/js/asyncToGenerator.O4pnRyQq.js
[WARN ] [16-02-2025 14:20:46] [PageNotFound                   :: 1283] - No mapping for GET /assets/js/Wallet.mlGYZajl.js
[INFO ] [16-02-2025 14:20:46] [FxComunes                      :: 68  ] - listar las categorias por empresa []
[INFO ] [16-02-2025 14:20:46] [FxComunes                      :: 68  ] - listar los complementos [{"empId":null,"empNombreComercial":null,"proCompId":12,"proCompNombre":"Cremas DOS","proCompPrecio":null,"proCompIdPadre":null,"subComplementos":"fdsf","detalles":null},{"empId":null,"empNombreComercial":null,"proCompId":13,"proCompNombre":"Toppings DOS","proCompPrecio":null,"proCompIdPadre":null,"subComplementos":"aldair","detalles":null}]
[INFO ] [16-02-2025 14:20:48] [WUsuarioController             :: 95  ] - Controller :: loadEmpresasByRole :: 2
[INFO ] [16-02-2025 14:20:48] [WUsuarioController             :: 99  ] - PROPIETARIO
[INFO ] [16-02-2025 14:20:48] [UsuarioImpl                    :: 67  ] - Implements :: findUsuariosByEmpresaId :: empresaId: 2
[WARN ] [16-02-2025 14:20:48] [PageNotFound                   :: 1283] - No mapping for GET /assets/js/index.CucWK6IV.js
[WARN ] [16-02-2025 14:20:48] [PageNotFound                   :: 1283] - No mapping for GET /assets/js/asyncToGenerator.O4pnRyQq.js
[WARN ] [16-02-2025 14:20:48] [PageNotFound                   :: 1283] - No mapping for GET /assets/js/Wallet.mlGYZajl.js
[WARN ] [16-02-2025 14:20:48] [PageNotFound                   :: 1283] - No mapping for GET /assets/js/index.umd.BXzp7Rme.js
[INFO ] [16-02-2025 14:20:48] [UsuarioImpl                    :: 69  ] -  --------------- [org.springframework.data.jpa.repository.query.AbstractJpaQuery$TupleConverter$TupleBackedMap@1ec12e46, org.springframework.data.jpa.repository.query.AbstractJpaQuery$TupleConverter$TupleBackedMap@71c9d7bb]
[INFO ] [16-02-2025 14:20:48] [FxComunes                      :: 68  ] - objeto result[{"usuNombre":"JHAN PIERRE","usuTelefono":"972514160","usuApeMaterno":"GARCIA","usuGenero":"M","usuId":2,"empNombreComercial":"Innovaciones Tech","usuNumeroDocumento":"44116732","authUsername":"JHAN.MORENO","usuApePaterno":"MORENO","authRoles":"PROPIETARIO","usuTipoDocumento":"DNI"},{"usuId":4,"usuApeMaterno":"JULCA","usuNumeroDocumento":"87654321","usuTelefono":"999999990","usuGenero":"M","empNombreComercial":"Innovaciones Tech","authUsername":"JUAN","usuNombre":"JUAN","usuApePaterno":"PEREZ","authRoles":"PROPIETARIO","usuTipoDocumento":"DNI"}]
[INFO ] [16-02-2025 14:20:48] [FxComunes                      :: 68  ] - QUE LLEGA DE PROPIETARIO[{"usuId":2,"empresaId":null,"usuNombre":"JHAN PIERRE","usuApePaterno":"MORENO","usuApeMaterno":"GARCIA","usuTelefono":"972514160","empNombreComercial":"Innovaciones Tech","authRoles":"PROPIETARIO","authUsername":"JHAN.MORENO","usuCorreo":null,"usuGenero":"M","usuNumeroDocumento":"44116732","usuTipoDocumento":"DNI","authPassword":null},{"usuId":4,"empresaId":null,"usuNombre":"JUAN","usuApePaterno":"PEREZ","usuApeMaterno":"JULCA","usuTelefono":"999999990","empNombreComercial":"Innovaciones Tech","authRoles":"PROPIETARIO","authUsername":"JUAN","usuCorreo":null,"usuGenero":"M","usuNumeroDocumento":"87654321","usuTipoDocumento":"DNI","authPassword":null}]
[INFO ] [16-02-2025 14:20:52] [ProductoInventarioImpl         :: 30  ] - Implements :: findAll
[WARN ] [16-02-2025 14:20:52] [PageNotFound                   :: 1283] - No mapping for GET /assets/js/asyncToGenerator.O4pnRyQq.js
[WARN ] [16-02-2025 14:20:52] [PageNotFound                   :: 1283] - No mapping for GET /assets/js/index.CucWK6IV.js
[WARN ] [16-02-2025 14:20:52] [PageNotFound                   :: 1283] - No mapping for GET /assets/js/index.umd.BXzp7Rme.js
[WARN ] [16-02-2025 14:20:52] [PageNotFound                   :: 1283] - No mapping for GET /assets/js/Wallet.mlGYZajl.js
[WARN ] [16-02-2025 14:20:53] [PageNotFound                   :: 1283] - No mapping for GET /assets/js/index.CucWK6IV.js
[WARN ] [16-02-2025 14:20:53] [PageNotFound                   :: 1283] - No mapping for GET /assets/js/Wallet.mlGYZajl.js
[WARN ] [16-02-2025 14:20:53] [PageNotFound                   :: 1283] - No mapping for GET /assets/js/asyncToGenerator.O4pnRyQq.js
[WARN ] [16-02-2025 14:20:53] [PageNotFound                   :: 1283] - No mapping for GET /assets/js/index.umd.BXzp7Rme.js
[INFO ] [16-02-2025 14:20:53] [FxComunes                      :: 68  ] - trae complementos por empresa [{"empId":4,"empNombreComercial":"Innovaciones Tech S.A.","proCompId":12,"proCompNombre":"Cremas DOS","proCompPrecio":0.0,"proCompIdPadre":0,"subComplementos":null,"detalles":null},{"empId":4,"empNombreComercial":"Innovaciones Tech S.A.","proCompId":13,"proCompNombre":"Toppings DOS","proCompPrecio":0.0,"proCompIdPadre":0,"subComplementos":null,"detalles":null}]
[INFO ] [16-02-2025 14:20:55] [ProductoInventarioImpl         :: 30  ] - Implements :: findAll
[WARN ] [16-02-2025 14:20:55] [PageNotFound                   :: 1283] - No mapping for GET /assets/js/index.CucWK6IV.js
[WARN ] [16-02-2025 14:20:55] [PageNotFound                   :: 1283] - No mapping for GET /assets/js/Wallet.mlGYZajl.js
[WARN ] [16-02-2025 14:20:55] [PageNotFound                   :: 1283] - No mapping for GET /assets/js/index.umd.BXzp7Rme.js
[WARN ] [16-02-2025 14:20:55] [PageNotFound                   :: 1283] - No mapping for GET /assets/js/asyncToGenerator.O4pnRyQq.js
[WARN ] [16-02-2025 14:21:51] [PageNotFound                   :: 1283] - No mapping for GET /assets/js/index.umd.BXzp7Rme.js
[WARN ] [16-02-2025 14:21:51] [PageNotFound                   :: 1283] - No mapping for GET /assets/js/Wallet.mlGYZajl.js
[WARN ] [16-02-2025 14:21:51] [PageNotFound                   :: 1283] - No mapping for GET /assets/js/index.CucWK6IV.js
[WARN ] [16-02-2025 14:21:51] [PageNotFound                   :: 1283] - No mapping for GET /assets/js/asyncToGenerator.O4pnRyQq.js
[INFO ] [16-02-2025 14:21:51] [FxComunes                      :: 68  ] - trae complementos por empresa [{"empId":4,"empNombreComercial":"Innovaciones Tech S.A.","proCompId":12,"proCompNombre":"Cremas DOS","proCompPrecio":0.0,"proCompIdPadre":0,"subComplementos":null,"detalles":null},{"empId":4,"empNombreComercial":"Innovaciones Tech S.A.","proCompId":13,"proCompNombre":"Toppings DOS","proCompPrecio":0.0,"proCompIdPadre":0,"subComplementos":null,"detalles":null}]
[INFO ] [16-02-2025 14:21:54] [ProductoInventarioImpl         :: 30  ] - Implements :: findAll
[WARN ] [16-02-2025 14:21:54] [PageNotFound                   :: 1283] - No mapping for GET /assets/js/index.CucWK6IV.js
[WARN ] [16-02-2025 14:21:54] [PageNotFound                   :: 1283] - No mapping for GET /assets/js/index.umd.BXzp7Rme.js
[WARN ] [16-02-2025 14:21:54] [PageNotFound                   :: 1283] - No mapping for GET /assets/js/asyncToGenerator.O4pnRyQq.js
[WARN ] [16-02-2025 14:21:54] [PageNotFound                   :: 1283] - No mapping for GET /assets/js/Wallet.mlGYZajl.js
[WARN ] [16-02-2025 14:22:06] [PageNotFound                   :: 1283] - No mapping for GET /assets/js/index.CucWK6IV.js
[WARN ] [16-02-2025 14:22:06] [PageNotFound                   :: 1283] - No mapping for GET /assets/js/Wallet.mlGYZajl.js
[WARN ] [16-02-2025 14:22:06] [PageNotFound                   :: 1283] - No mapping for GET /assets/js/index.umd.BXzp7Rme.js
[WARN ] [16-02-2025 14:22:06] [PageNotFound                   :: 1283] - No mapping for GET /assets/js/asyncToGenerator.O4pnRyQq.js
[INFO ] [16-02-2025 14:22:06] [FxComunes                      :: 68  ] - reportes[]
[WARN ] [16-02-2025 14:22:28] [PageNotFound                   :: 1283] - No mapping for GET /assets/js/Wallet.mlGYZajl.js
[WARN ] [16-02-2025 14:22:28] [PageNotFound                   :: 1283] - No mapping for GET /assets/js/index.CucWK6IV.js
[WARN ] [16-02-2025 14:22:28] [PageNotFound                   :: 1283] - No mapping for GET /assets/js/asyncToGenerator.O4pnRyQq.js
[WARN ] [16-02-2025 14:22:28] [PageNotFound                   :: 1283] - No mapping for GET /assets/js/index.umd.BXzp7Rme.js
[DEBUG] [16-02-2025 14:22:30] [UsuarioImpl                    :: 219 ] - Implements :: findByUsuUsername :: JHAN.MORENO
[DEBUG] [16-02-2025 14:22:31] [UsuarioImpl                    :: 193 ] - Implements :: findUsuarioAuthorityByUsuId :: 2
[INFO ] [16-02-2025 14:22:31] [EmpresaImpl                    :: 55  ] - Implements :: findById :: 4
[INFO ] [16-02-2025 14:22:31] [WLoginController               :: 61  ] - Usuario logueado: JHAN.MORENO
[INFO ] [16-02-2025 14:22:31] [WLoginController               :: 62  ] - Estado de la empresa (activo/inactivo): true
[INFO ] [16-02-2025 14:22:31] [WLoginController               :: 75  ] - emprsa session : 4
[INFO ] [16-02-2025 14:22:31] [FxComunes                      :: 68  ] - PedidosEstado{"DESCARTADO":null,"EN_PROCESO":null,"REGISTRADO":null,"ATENDIDO":null,"PAGADO":null}
[WARN ] [16-02-2025 14:22:32] [PageNotFound                   :: 1283] - No mapping for GET /assets/js/index.CucWK6IV.js
[WARN ] [16-02-2025 14:22:32] [PageNotFound                   :: 1283] - No mapping for GET /assets/js/asyncToGenerator.O4pnRyQq.js
[WARN ] [16-02-2025 14:22:32] [PageNotFound                   :: 1283] - No mapping for GET /assets/js/index.umd.BXzp7Rme.js
[WARN ] [16-02-2025 14:22:32] [PageNotFound                   :: 1283] - No mapping for GET /assets/js/Wallet.mlGYZajl.js
[INFO ] [16-02-2025 14:22:36] [ProductoInventarioImpl         :: 30  ] - Implements :: findAll
[WARN ] [16-02-2025 14:22:36] [PageNotFound                   :: 1283] - No mapping for GET /assets/js/index.CucWK6IV.js
[WARN ] [16-02-2025 14:22:36] [PageNotFound                   :: 1283] - No mapping for GET /assets/js/index.umd.BXzp7Rme.js
[WARN ] [16-02-2025 14:22:36] [PageNotFound                   :: 1283] - No mapping for GET /assets/js/Wallet.mlGYZajl.js
[WARN ] [16-02-2025 14:22:36] [PageNotFound                   :: 1283] - No mapping for GET /assets/js/asyncToGenerator.O4pnRyQq.js
[INFO ] [16-02-2025 14:22:38] [WUsuarioController             :: 95  ] - Controller :: loadEmpresasByRole :: 2
[INFO ] [16-02-2025 14:22:38] [WUsuarioController             :: 99  ] - PROPIETARIO
[INFO ] [16-02-2025 14:22:38] [UsuarioImpl                    :: 67  ] - Implements :: findUsuariosByEmpresaId :: empresaId: 2
[WARN ] [16-02-2025 14:22:39] [PageNotFound                   :: 1283] - No mapping for GET /assets/js/Wallet.mlGYZajl.js
[WARN ] [16-02-2025 14:22:39] [PageNotFound                   :: 1283] - No mapping for GET /assets/js/index.CucWK6IV.js
[WARN ] [16-02-2025 14:22:39] [PageNotFound                   :: 1283] - No mapping for GET /assets/js/asyncToGenerator.O4pnRyQq.js
[WARN ] [16-02-2025 14:22:39] [PageNotFound                   :: 1283] - No mapping for GET /assets/js/index.umd.BXzp7Rme.js
[INFO ] [16-02-2025 14:22:39] [UsuarioImpl                    :: 69  ] -  --------------- [org.springframework.data.jpa.repository.query.AbstractJpaQuery$TupleConverter$TupleBackedMap@341a2679, org.springframework.data.jpa.repository.query.AbstractJpaQuery$TupleConverter$TupleBackedMap@1fcd1fef]
[INFO ] [16-02-2025 14:22:39] [FxComunes                      :: 68  ] - objeto result[{"usuNombre":"JHAN PIERRE","usuTelefono":"972514160","usuApeMaterno":"GARCIA","usuGenero":"M","usuId":2,"empNombreComercial":"Innovaciones Tech","usuNumeroDocumento":"44116732","authUsername":"JHAN.MORENO","usuApePaterno":"MORENO","authRoles":"PROPIETARIO","usuTipoDocumento":"DNI"},{"usuId":4,"usuApeMaterno":"JULCA","usuNumeroDocumento":"87654321","usuTelefono":"999999990","usuGenero":"M","empNombreComercial":"Innovaciones Tech","authUsername":"JUAN","usuNombre":"JUAN","usuApePaterno":"PEREZ","authRoles":"PROPIETARIO","usuTipoDocumento":"DNI"}]
[INFO ] [16-02-2025 14:22:39] [FxComunes                      :: 68  ] - QUE LLEGA DE PROPIETARIO[{"usuId":2,"empresaId":null,"usuNombre":"JHAN PIERRE","usuApePaterno":"MORENO","usuApeMaterno":"GARCIA","usuTelefono":"972514160","empNombreComercial":"Innovaciones Tech","authRoles":"PROPIETARIO","authUsername":"JHAN.MORENO","usuCorreo":null,"usuGenero":"M","usuNumeroDocumento":"44116732","usuTipoDocumento":"DNI","authPassword":null},{"usuId":4,"empresaId":null,"usuNombre":"JUAN","usuApePaterno":"PEREZ","usuApeMaterno":"JULCA","usuTelefono":"999999990","empNombreComercial":"Innovaciones Tech","authRoles":"PROPIETARIO","authUsername":"JUAN","usuCorreo":null,"usuGenero":"M","usuNumeroDocumento":"87654321","usuTipoDocumento":"DNI","authPassword":null}]
[WARN ] [16-02-2025 14:22:41] [PageNotFound                   :: 1283] - No mapping for GET /kenpis/menu/configuracion/ruta-al-qr-yape
[WARN ] [16-02-2025 14:22:41] [PageNotFound                   :: 1283] - No mapping for GET /kenpis/menu/configuracion/ruta-al-qr-plin
[INFO ] [16-02-2025 14:22:41] [WEmpresaController             :: 137 ] - Controller :: loadEmpresasByRole :: 2
[INFO ] [16-02-2025 14:22:41] [EmpresaImpl                    :: 62  ] - Implements :: obtenerEmpresaPorUsuario :: 2
[WARN ] [16-02-2025 14:22:41] [PageNotFound                   :: 1283] - No mapping for GET /assets/js/asyncToGenerator.O4pnRyQq.js
[WARN ] [16-02-2025 14:22:41] [PageNotFound                   :: 1283] - No mapping for GET /assets/js/index.CucWK6IV.js
[WARN ] [16-02-2025 14:22:41] [PageNotFound                   :: 1283] - No mapping for GET /assets/js/index.umd.BXzp7Rme.js
[WARN ] [16-02-2025 14:22:41] [PageNotFound                   :: 1283] - No mapping for GET /assets/js/Wallet.mlGYZajl.js
[INFO ] [16-02-2025 14:22:41] [EmpresaImpl                    :: 70  ] - Implements :: obtenerSucursalesPorEmpresa :: 4
[INFO ] [16-02-2025 14:22:41] [FxComunes                      :: 68  ] - lista de sucursales de la empresa[{"empId":32,"empNombreComercial":"PEPITO","empIsActive":true,"empFechaContratoFin":null,"empFechaContratoInicio":null,"empFechaCreacion":null,"empTelefono":"98293432","empImagenLogo":null,"empPadreId":null,"empResponsable":null,"empEmail":null}]
[INFO ] [16-02-2025 14:22:49] [WEmpresaController             :: 53  ] - Controller :: findById :: 32
[INFO ] [16-02-2025 14:22:49] [EmpresaImpl                    :: 55  ] - Implements :: findById :: 32
[INFO ] [16-02-2025 14:23:07] [FxComunes                      :: 68  ] - que trae para editar{"empId":4,"empDocumentoTipo":"RUC","empDocumentoNumero":"20567812345","empRazonSocial":"Innovaciones Tech S.A.","empResponsable":null,"empTelefono":"970180035","empImagenLogo":null,"empNombreComercial":"Innovaciones TechO","empFechaContratoInicio":null,"empFechaContratoFin":null,"empFechaCreacion":null,"empIsActive":null,"empEmail":"contacto@innovacionestech.com","empPadreId":null}
[INFO ] [16-02-2025 14:23:07] [WEmpresaController             :: 113 ] - Controller :: update  propietario
[WARN ] [16-02-2025 14:23:12] [PageNotFound                   :: 1283] - No mapping for GET /kenpis/menu/configuracion/ruta-al-qr-yape
[WARN ] [16-02-2025 14:23:12] [PageNotFound                   :: 1283] - No mapping for GET /kenpis/menu/configuracion/ruta-al-qr-plin
[INFO ] [16-02-2025 14:23:12] [WEmpresaController             :: 137 ] - Controller :: loadEmpresasByRole :: 2
[INFO ] [16-02-2025 14:23:12] [EmpresaImpl                    :: 62  ] - Implements :: obtenerEmpresaPorUsuario :: 2
[WARN ] [16-02-2025 14:23:12] [PageNotFound                   :: 1283] - No mapping for GET /assets/js/asyncToGenerator.O4pnRyQq.js
[WARN ] [16-02-2025 14:23:12] [PageNotFound                   :: 1283] - No mapping for GET /assets/js/Wallet.mlGYZajl.js
[WARN ] [16-02-2025 14:23:12] [PageNotFound                   :: 1283] - No mapping for GET /assets/js/index.umd.BXzp7Rme.js
[WARN ] [16-02-2025 14:23:12] [PageNotFound                   :: 1283] - No mapping for GET /assets/js/index.CucWK6IV.js
[INFO ] [16-02-2025 14:23:13] [EmpresaImpl                    :: 70  ] - Implements :: obtenerSucursalesPorEmpresa :: 4
[INFO ] [16-02-2025 14:23:13] [FxComunes                      :: 68  ] - lista de sucursales de la empresa[{"empId":32,"empNombreComercial":"PEPITO","empIsActive":true,"empFechaContratoFin":null,"empFechaContratoInicio":null,"empFechaCreacion":null,"empTelefono":"98293432","empImagenLogo":null,"empPadreId":null,"empResponsable":null,"empEmail":null}]
[INFO ] [16-02-2025 14:23:19] [FxComunes                      :: 68  ] - que trae para editar{"empId":4,"empDocumentoTipo":"RUC","empDocumentoNumero":"20567812345","empRazonSocial":"Innovaciones Tech S.A.","empResponsable":null,"empTelefono":"970180035","empImagenLogo":null,"empNombreComercial":"Innovaciones Tech","empFechaContratoInicio":null,"empFechaContratoFin":null,"empFechaCreacion":null,"empIsActive":null,"empEmail":"contacto@innovacionestech.com","empPadreId":null}
[INFO ] [16-02-2025 14:23:19] [WEmpresaController             :: 113 ] - Controller :: update  propietario
[INFO ] [16-02-2025 14:24:14] [ProductoImpl                   :: 52  ] - Implements :: findActiveProductosWithActiveEmpresa
[WARN ] [16-02-2025 14:24:15] [PageNotFound                   :: 1283] - No mapping for GET /assets/js/index.CucWK6IV.js
[WARN ] [16-02-2025 14:24:15] [PageNotFound                   :: 1283] - No mapping for GET /assets/js/index.umd.BXzp7Rme.js
[WARN ] [16-02-2025 14:24:15] [PageNotFound                   :: 1283] - No mapping for GET /assets/js/asyncToGenerator.O4pnRyQq.js
[WARN ] [16-02-2025 14:24:15] [PageNotFound                   :: 1283] - No mapping for GET /assets/js/Wallet.mlGYZajl.js
[INFO ] [16-02-2025 14:24:15] [FxComunes                      :: 68  ] - listar las categorias por empresa []
[INFO ] [16-02-2025 14:24:15] [FxComunes                      :: 68  ] - listar los complementos [{"empId":null,"empNombreComercial":null,"proCompId":12,"proCompNombre":"Cremas DOS","proCompPrecio":null,"proCompIdPadre":null,"subComplementos":"fdsf","detalles":null},{"empId":null,"empNombreComercial":null,"proCompId":13,"proCompNombre":"Toppings DOS","proCompPrecio":null,"proCompIdPadre":null,"subComplementos":"aldair","detalles":null}]
[WARN ] [16-02-2025 14:24:17] [PageNotFound                   :: 1283] - No mapping for GET /assets/js/index.umd.BXzp7Rme.js
[WARN ] [16-02-2025 14:24:17] [PageNotFound                   :: 1283] - No mapping for GET /assets/js/asyncToGenerator.O4pnRyQq.js
[WARN ] [16-02-2025 14:24:17] [PageNotFound                   :: 1283] - No mapping for GET /assets/js/Wallet.mlGYZajl.js
[WARN ] [16-02-2025 14:24:17] [PageNotFound                   :: 1283] - No mapping for GET /assets/js/index.CucWK6IV.js
[INFO ] [16-02-2025 14:24:17] [FxComunes                      :: 68  ] - trae complementos por empresa [{"empId":4,"empNombreComercial":"Innovaciones Tech S.A.","proCompId":12,"proCompNombre":"Cremas DOS","proCompPrecio":0.0,"proCompIdPadre":0,"subComplementos":null,"detalles":null},{"empId":4,"empNombreComercial":"Innovaciones Tech S.A.","proCompId":13,"proCompNombre":"Toppings DOS","proCompPrecio":0.0,"proCompIdPadre":0,"subComplementos":null,"detalles":null}]
[INFO ] [16-02-2025 14:24:18] [ProductoInventarioImpl         :: 30  ] - Implements :: findAll
[WARN ] [16-02-2025 14:24:18] [PageNotFound                   :: 1283] - No mapping for GET /assets/js/index.CucWK6IV.js
[WARN ] [16-02-2025 14:24:18] [PageNotFound                   :: 1283] - No mapping for GET /assets/js/Wallet.mlGYZajl.js
[WARN ] [16-02-2025 14:24:18] [PageNotFound                   :: 1283] - No mapping for GET /assets/js/asyncToGenerator.O4pnRyQq.js
[WARN ] [16-02-2025 14:24:18] [PageNotFound                   :: 1283] - No mapping for GET /assets/js/index.umd.BXzp7Rme.js
[INFO ] [16-02-2025 14:24:24] [WClienteController             :: 73  ] - Controller :: loadEmpresasByRole
[INFO ] [16-02-2025 14:24:24] [ClienteImpl                    :: 48  ] - Implements :: findUsuariosByEmpresaId :: empresaId: 4
[WARN ] [16-02-2025 14:24:24] [PageNotFound                   :: 1283] - No mapping for GET /assets/js/index.CucWK6IV.js
[WARN ] [16-02-2025 14:24:24] [PageNotFound                   :: 1283] - No mapping for GET /assets/js/Wallet.mlGYZajl.js
[WARN ] [16-02-2025 14:24:24] [PageNotFound                   :: 1283] - No mapping for GET /assets/js/asyncToGenerator.O4pnRyQq.js
[WARN ] [16-02-2025 14:24:24] [PageNotFound                   :: 1283] - No mapping for GET /assets/js/index.umd.BXzp7Rme.js
[INFO ] [16-02-2025 14:24:24] [ClienteImpl                    :: 50  ] -  --------------- [org.springframework.data.jpa.repository.query.AbstractJpaQuery$TupleConverter$TupleBackedMap@1fac62f4, org.springframework.data.jpa.repository.query.AbstractJpaQuery$TupleConverter$TupleBackedMap@239bcc54]
[INFO ] [16-02-2025 14:24:24] [FxComunes                      :: 68  ] - objeto result[{"cliNotificacion":true,"empNombreComercial":"Innovaciones Tech","cliId":23,"cliIsActive":true,"cliNombre":"JHAN","cliCorreo":"wanda@hotmail.com","cliTelefono":"970180034"},{"cliNotificacion":true,"cliId":24,"cliNombre":"ROMEO","empNombreComercial":"Innovaciones Tech","cliIsActive":true,"cliCorreo":"giomar@hotmail.com","cliTelefono":"970180035"}]
[INFO ] [16-02-2025 14:24:24] [FxComunes                      :: 68  ] - QUE LLEGA DE PROPIETARIO[{"cliId":23,"cliTelefono":"970180034","cliNombre":"JHAN","cliCorreo":"wanda@hotmail.com","cliNotificacion":true,"cliIsActive":true,"empId":null,"empNombreComercial":"Innovaciones Tech","cliFechaCreacion":null},{"cliId":24,"cliTelefono":"970180035","cliNombre":"ROMEO","cliCorreo":"giomar@hotmail.com","cliNotificacion":true,"cliIsActive":true,"empId":null,"empNombreComercial":"Innovaciones Tech","cliFechaCreacion":null}]
