[INFO ] [19-07-2024 12:10:10] [KenpisApplication              :: 55  ] - Starting KenpisApplication using Java 20.0.1 on MacBook-Pro.local with PID 15306 (/Users/jhan.moreno/Applications/apps/sistemas/kenpis/target/classes started by jhan.moreno in /Users/jhan.moreno/Applications/apps/sistemas/kenpis)
[INFO ] [19-07-2024 12:10:10] [KenpisApplication              :: 638 ] - The following 1 profile is active: "dev"
[INFO ] [19-07-2024 12:10:10] [RepositoryConfigurationDelegate :: 132 ] - Bootstrapping Spring Data JPA repositories in DEFAULT mode.
[INFO ] [19-07-2024 12:10:10] [RepositoryConfigurationDelegate :: 201 ] - Finished Spring Data repository scanning in 41 ms. Found 2 JPA repository interfaces.
[INFO ] [19-07-2024 12:10:11] [TomcatWebServer                :: 108 ] - Tomcat initialized with port(s): 8080 (http)
[INFO ] [19-07-2024 12:10:11] [Http11NioProtocol              :: 173 ] - Initializing ProtocolHandler ["http-nio-8080"]
[INFO ] [19-07-2024 12:10:11] [StandardService                :: 173 ] - Starting service [Tomcat]
[INFO ] [19-07-2024 12:10:11] [StandardEngine                 :: 173 ] - Starting Servlet engine: [Apache Tomcat/9.0.83]
[INFO ] [19-07-2024 12:10:11] [TldScanner                     :: 173 ] - At least one JAR was scanned for TLDs yet contained no TLDs. Enable debug logging for this logger for a complete list of JARs that were scanned but no TLDs were found in them. Skipping unneeded JARs during scanning can improve startup time and JSP compilation time.
[INFO ] [19-07-2024 12:10:11] [[/]                            :: 173 ] - Initializing Spring embedded WebApplicationContext
[INFO ] [19-07-2024 12:10:11] [ServletWebServerApplicationContext :: 292 ] - Root WebApplicationContext: initialization completed in 1215 ms
[INFO ] [19-07-2024 12:10:11] [LogHelper                      :: 31  ] - HHH000204: Processing PersistenceUnitInfo [name: default]
[INFO ] [19-07-2024 12:10:11] [Version                        :: 44  ] - HHH000412: Hibernate ORM core version 5.6.15.Final
[INFO ] [19-07-2024 12:10:11] [Version                        :: 56  ] - HCANN000001: Hibernate Commons Annotations {5.1.2.Final}
[INFO ] [19-07-2024 12:10:12] [HikariDataSource               :: 110 ] - HikariPool-1 - Starting...
[INFO ] [19-07-2024 12:10:12] [HikariDataSource               :: 123 ] - HikariPool-1 - Start completed.
[INFO ] [19-07-2024 12:10:12] [Dialect                        :: 175 ] - HHH000400: Using dialect: org.hibernate.dialect.SQLServerDialect
[INFO ] [19-07-2024 12:10:13] [JtaPlatformInitiator           :: 52  ] - HHH000490: Using JtaPlatform implementation: [org.hibernate.engine.transaction.jta.platform.internal.NoJtaPlatform]
[INFO ] [19-07-2024 12:10:13] [LocalContainerEntityManagerFactoryBean :: 437 ] - Initialized JPA EntityManagerFactory for persistence unit 'default'
[WARN ] [19-07-2024 12:10:14] [JpaBaseConfiguration$JpaWebConfiguration :: 223 ] - spring.jpa.open-in-view is enabled by default. Therefore, database queries may be performed during view rendering. Explicitly configure spring.jpa.open-in-view to disable this warning
[INFO ] [19-07-2024 12:10:14] [DefaultSecurityFilterChain     :: 55  ] - Will secure any request with [org.springframework.security.web.session.DisableEncodeUrlFilter@43dddfdd, org.springframework.security.web.context.request.async.WebAsyncManagerIntegrationFilter@22c0344e, org.springframework.security.web.context.SecurityContextPersistenceFilter@3b0c38f2, org.springframework.security.web.header.HeaderWriterFilter@7272914b, org.springframework.security.web.authentication.logout.LogoutFilter@21948bd1, org.springframework.security.web.authentication.UsernamePasswordAuthenticationFilter@4840ec68, org.springframework.security.web.savedrequest.RequestCacheAwareFilter@36f497b1, org.springframework.security.web.servletapi.SecurityContextHolderAwareRequestFilter@2b06f498, org.springframework.security.web.authentication.AnonymousAuthenticationFilter@7267006e, org.springframework.security.web.session.SessionManagementFilter@7e532f2d, org.springframework.security.web.access.ExceptionTranslationFilter@642f8b7f, org.springframework.security.web.access.intercept.FilterSecurityInterceptor@40199d5e]
[INFO ] [19-07-2024 12:10:14] [WelcomePageHandlerMapping      :: 60  ] - Adding welcome page template: index
[INFO ] [19-07-2024 12:10:14] [Http11NioProtocol              :: 173 ] - Starting ProtocolHandler ["http-nio-8080"]
[INFO ] [19-07-2024 12:10:14] [TomcatWebServer                :: 220 ] - Tomcat started on port(s): 8080 (http) with context path ''
[INFO ] [19-07-2024 12:10:14] [KenpisApplication              :: 61  ] - Started KenpisApplication in 4.272 seconds (JVM running for 4.793)
[INFO ] [19-07-2024 12:10:36] [[/]                            :: 173 ] - Initializing Spring DispatcherServlet 'dispatcherServlet'
[INFO ] [19-07-2024 12:10:36] [DispatcherServlet              :: 525 ] - Initializing Servlet 'dispatcherServlet'
[INFO ] [19-07-2024 12:10:36] [DispatcherServlet              :: 547 ] - Completed initialization in 3 ms
[INFO ] [19-07-2024 12:22:34] [KenpisApplication              :: 55  ] - Starting KenpisApplication using Java 12.0.2 on Giomar with PID 19152 (C:\Sistemas\kenpis\target\classes started by creo0 in C:\Sistemas\kenpis)
[INFO ] [19-07-2024 12:22:34] [KenpisApplication              :: 638 ] - The following 1 profile is active: "dev"
[INFO ] [19-07-2024 12:22:35] [RepositoryConfigurationDelegate :: 132 ] - Bootstrapping Spring Data JPA repositories in DEFAULT mode.
[INFO ] [19-07-2024 12:22:35] [RepositoryConfigurationDelegate :: 201 ] - Finished Spring Data repository scanning in 45 ms. Found 2 JPA repository interfaces.
[INFO ] [19-07-2024 12:22:35] [TomcatWebServer                :: 108 ] - Tomcat initialized with port(s): 8080 (http)
[INFO ] [19-07-2024 12:22:35] [Http11NioProtocol              :: 173 ] - Initializing ProtocolHandler ["http-nio-8080"]
[INFO ] [19-07-2024 12:22:35] [StandardService                :: 173 ] - Starting service [Tomcat]
[INFO ] [19-07-2024 12:22:35] [StandardEngine                 :: 173 ] - Starting Servlet engine: [Apache Tomcat/9.0.83]
[INFO ] [19-07-2024 12:22:36] [TldScanner                     :: 173 ] - At least one JAR was scanned for TLDs yet contained no TLDs. Enable debug logging for this logger for a complete list of JARs that were scanned but no TLDs were found in them. Skipping unneeded JARs during scanning can improve startup time and JSP compilation time.
[INFO ] [19-07-2024 12:22:36] [[/]                            :: 173 ] - Initializing Spring embedded WebApplicationContext
[INFO ] [19-07-2024 12:22:36] [ServletWebServerApplicationContext :: 292 ] - Root WebApplicationContext: initialization completed in 1288 ms
[INFO ] [19-07-2024 12:22:36] [LogHelper                      :: 31  ] - HHH000204: Processing PersistenceUnitInfo [name: default]
[INFO ] [19-07-2024 12:22:36] [Version                        :: 44  ] - HHH000412: Hibernate ORM core version 5.6.15.Final
[INFO ] [19-07-2024 12:22:36] [Version                        :: 56  ] - HCANN000001: Hibernate Commons Annotations {5.1.2.Final}
[INFO ] [19-07-2024 12:22:36] [HikariDataSource               :: 110 ] - HikariPool-1 - Starting...
[INFO ] [19-07-2024 12:22:37] [HikariDataSource               :: 123 ] - HikariPool-1 - Start completed.
[INFO ] [19-07-2024 12:22:37] [Dialect                        :: 175 ] - HHH000400: Using dialect: org.hibernate.dialect.SQLServerDialect
[INFO ] [19-07-2024 12:22:38] [JtaPlatformInitiator           :: 52  ] - HHH000490: Using JtaPlatform implementation: [org.hibernate.engine.transaction.jta.platform.internal.NoJtaPlatform]
[INFO ] [19-07-2024 12:22:38] [LocalContainerEntityManagerFactoryBean :: 437 ] - Initialized JPA EntityManagerFactory for persistence unit 'default'
[WARN ] [19-07-2024 12:22:38] [JpaBaseConfiguration$JpaWebConfiguration :: 223 ] - spring.jpa.open-in-view is enabled by default. Therefore, database queries may be performed during view rendering. Explicitly configure spring.jpa.open-in-view to disable this warning
[INFO ] [19-07-2024 12:22:38] [DefaultSecurityFilterChain     :: 55  ] - Will secure any request with [org.springframework.security.web.session.DisableEncodeUrlFilter@fe38c0e, org.springframework.security.web.context.request.async.WebAsyncManagerIntegrationFilter@6167c42f, org.springframework.security.web.context.SecurityContextPersistenceFilter@2ff62720, org.springframework.security.web.header.HeaderWriterFilter@1d167630, org.springframework.security.web.authentication.logout.LogoutFilter@6963b0bd, org.springframework.security.web.authentication.UsernamePasswordAuthenticationFilter@464d60fb, org.springframework.security.web.savedrequest.RequestCacheAwareFilter@42c9b1ee, org.springframework.security.web.servletapi.SecurityContextHolderAwareRequestFilter@79636080, org.springframework.security.web.authentication.AnonymousAuthenticationFilter@2cbc2db2, org.springframework.security.web.session.SessionManagementFilter@1eee9b78, org.springframework.security.web.access.ExceptionTranslationFilter@8e77c5b, org.springframework.security.web.access.intercept.FilterSecurityInterceptor@5a3be84]
[INFO ] [19-07-2024 12:22:38] [WelcomePageHandlerMapping      :: 60  ] - Adding welcome page template: index
[INFO ] [19-07-2024 12:22:38] [Http11NioProtocol              :: 173 ] - Starting ProtocolHandler ["http-nio-8080"]
[INFO ] [19-07-2024 12:22:38] [TomcatWebServer                :: 220 ] - Tomcat started on port(s): 8080 (http) with context path ''
[INFO ] [19-07-2024 12:22:38] [KenpisApplication              :: 61  ] - Started KenpisApplication in 4.583 seconds (JVM running for 4.938)
[INFO ] [19-07-2024 12:23:06] [[/]                            :: 173 ] - Initializing Spring DispatcherServlet 'dispatcherServlet'
[INFO ] [19-07-2024 12:23:06] [DispatcherServlet              :: 525 ] - Initializing Servlet 'dispatcherServlet'
[INFO ] [19-07-2024 12:23:06] [DispatcherServlet              :: 547 ] - Completed initialization in 2 ms
[INFO ] [19-07-2024 12:23:14] [LocalContainerEntityManagerFactoryBean :: 651 ] - Closing JPA EntityManagerFactory for persistence unit 'default'
[INFO ] [19-07-2024 12:23:14] [HikariDataSource               :: 350 ] - HikariPool-1 - Shutdown initiated...
[INFO ] [19-07-2024 12:23:14] [HikariDataSource               :: 352 ] - HikariPool-1 - Shutdown completed.
